[1.182s] Invoking command in '/home/saykabot/Desktop/ros2-ROV/rovws/build/teleop_twist_joy': CMAKE_PREFIX_PATH=${CMAKE_PREFIX_PATH}:/home/saykabot/Desktop/ros2ws/install/turtlesim_catch_them_all:/home/saykabot/Desktop/ros2ws/install/selfpypkg:/home/saykabot/Desktop/ros2ws/install/ros2_opencv:/home/saykabot/Desktop/ros2ws/install/py_turtlesim_catchthemall:/home/saykabot/Desktop/ros2ws/install/pixhawk_pkg:/home/saykabot/Desktop/ros2ws/install/my_py_pkg:/home/saykabot/Desktop/ros2ws/install/keyboard_teleop:/home/saykabot/Desktop/ros2ws/install/exam:/home/saykabot/Desktop/ros2ws/install/cam_pkg:/opt/ros/humble /usr/bin/cmake /home/saykabot/Desktop/ros2-ROV/rovws/src/teleop_twist_joy -DCMAKE_INSTALL_PREFIX=/home/saykabot/Desktop/ros2-ROV/rovws/install/teleop_twist_joy
[1.248s] -- The C compiler identification is GNU 11.4.0
[1.320s] -- The CXX compiler identification is GNU 11.4.0
[1.331s] -- Detecting C compiler ABI info
[1.425s] -- Detecting C compiler ABI info - done
[1.438s] -- Check for working C compiler: /usr/bin/cc - skipped
[1.438s] -- Detecting C compile features
[1.439s] -- Detecting C compile features - done
[1.442s] -- Detecting CXX compiler ABI info
[1.561s] -- Detecting CXX compiler ABI info - done
[1.571s] -- Check for working CXX compiler: /usr/bin/c++ - skipped
[1.572s] -- Detecting CXX compile features
[1.574s] -- Detecting CXX compile features - done
[1.580s] -- Found ament_cmake: 1.3.8 (/opt/ros/humble/share/ament_cmake/cmake)
[1.859s] -- Found Python3: /usr/bin/python3 (found version "3.10.12") found components: Interpreter 
[2.055s] -- Found geometry_msgs: 4.2.3 (/opt/ros/humble/share/geometry_msgs/cmake)
[2.141s] -- Found rosidl_generator_c: 3.1.5 (/opt/ros/humble/share/rosidl_generator_c/cmake)
[2.154s] -- Found rosidl_adapter: 3.1.5 (/opt/ros/humble/share/rosidl_adapter/cmake)
[2.174s] -- Found rosidl_generator_cpp: 3.1.5 (/opt/ros/humble/share/rosidl_generator_cpp/cmake)
[2.205s] -- Using all available rosidl_typesupport_c: rosidl_typesupport_fastrtps_c;rosidl_typesupport_introspection_c
[2.252s] -- Using all available rosidl_typesupport_cpp: rosidl_typesupport_fastrtps_cpp;rosidl_typesupport_introspection_cpp
[2.464s] -- Found rclcpp: 16.0.8 (/opt/ros/humble/share/rclcpp/cmake)
[2.548s] -- Found rmw_implementation_cmake: 6.1.1 (/opt/ros/humble/share/rmw_implementation_cmake/cmake)
[2.552s] -- Found rmw_fastrtps_cpp: 6.2.6 (/opt/ros/humble/share/rmw_fastrtps_cpp/cmake)
[2.676s] -- Found OpenSSL: /usr/lib/x86_64-linux-gnu/libcrypto.so (found version "3.0.2")  
[2.726s] -- Found FastRTPS: /opt/ros/humble/include  
[2.817s] -- Using RMW implementation 'rmw_fastrtps_cpp' as default
[2.842s] -- Looking for pthread.h
[2.926s] -- Looking for pthread.h - found
[2.926s] -- Performing Test CMAKE_HAVE_LIBC_PTHREAD
[3.014s] -- Performing Test CMAKE_HAVE_LIBC_PTHREAD - Success
[3.015s] -- Found Threads: TRUE  
[3.238s] -- Found rclcpp_components: 16.0.8 (/opt/ros/humble/share/rclcpp_components/cmake)
[3.324s] -- Found sensor_msgs: 4.2.3 (/opt/ros/humble/share/sensor_msgs/cmake)
[3.425s] -- Performing Test COMPILER_HAS_HIDDEN_VISIBILITY
[3.514s] -- Performing Test COMPILER_HAS_HIDDEN_VISIBILITY - Success
[3.515s] -- Performing Test COMPILER_HAS_HIDDEN_INLINE_VISIBILITY
[3.604s] -- Performing Test COMPILER_HAS_HIDDEN_INLINE_VISIBILITY - Success
[3.605s] -- Performing Test COMPILER_HAS_DEPRECATED_ATTR
[3.693s] -- Performing Test COMPILER_HAS_DEPRECATED_ATTR - Success
[3.698s] -- Found ament_lint_auto: 0.12.10 (/opt/ros/humble/share/ament_lint_auto/cmake)
[3.823s] -- Found python_cmake_module: 0.10.0 (/opt/ros/humble/share/python_cmake_module/cmake)
[3.851s] -- Found PythonInterp: /usr/bin/python3 (found suitable version "3.10.12", minimum required is "3.6") 
[3.856s] -- Found PythonLibs: /usr/lib/x86_64-linux-gnu/libpython3.10.so (found suitable version "3.10.12", minimum required is "3.5") 
[3.857s] -- Using PYTHON_EXECUTABLE: /usr/bin/python3
[3.857s] -- Using PYTHON_INCLUDE_DIRS: /usr/include/python3.10
[3.857s] -- Using PYTHON_LIBRARIES: /usr/lib/x86_64-linux-gnu/libpython3.10.so
[3.885s] -- Found PythonExtra: .so  
[3.910s] -- Added test 'cppcheck' to perform static code analysis on C / C++ code
[3.910s] -- Configured cppcheck include dirs: $<BUILD_INTERFACE:/home/saykabot/Desktop/ros2-ROV/rovws/src/teleop_twist_joy/include>
[3.910s] -- Configured cppcheck exclude dirs and/or files: 
[3.915s] -- Added test 'cpplint' to check C / C++ code against the Google style
[3.916s] -- Configured cpplint exclude dirs and/or files: 
[3.917s] -- Added test 'flake8' to check Python code syntax and style conventions
[3.919s] -- Added test 'lint_cmake' to check CMake code style
[3.920s] -- Added test 'pep257' to check Python code against some of the docstring style conventions in PEP 257
[3.925s] -- Added test 'uncrustify' to check C / C++ code style
[3.926s] -- Configured uncrustify additional arguments: 
[3.927s] -- Added test 'xmllint' to check XML markup files
[3.930s] -- Configuring done
[3.947s] -- Generating done
[3.949s] -- Build files have been written to: /home/saykabot/Desktop/ros2-ROV/rovws/build/teleop_twist_joy
[3.962s] Invoked command in '/home/saykabot/Desktop/ros2-ROV/rovws/build/teleop_twist_joy' returned '0': CMAKE_PREFIX_PATH=${CMAKE_PREFIX_PATH}:/home/saykabot/Desktop/ros2ws/install/turtlesim_catch_them_all:/home/saykabot/Desktop/ros2ws/install/selfpypkg:/home/saykabot/Desktop/ros2ws/install/ros2_opencv:/home/saykabot/Desktop/ros2ws/install/py_turtlesim_catchthemall:/home/saykabot/Desktop/ros2ws/install/pixhawk_pkg:/home/saykabot/Desktop/ros2ws/install/my_py_pkg:/home/saykabot/Desktop/ros2ws/install/keyboard_teleop:/home/saykabot/Desktop/ros2ws/install/exam:/home/saykabot/Desktop/ros2ws/install/cam_pkg:/opt/ros/humble /usr/bin/cmake /home/saykabot/Desktop/ros2-ROV/rovws/src/teleop_twist_joy -DCMAKE_INSTALL_PREFIX=/home/saykabot/Desktop/ros2-ROV/rovws/install/teleop_twist_joy
[3.964s] Invoking command in '/home/saykabot/Desktop/ros2-ROV/rovws/build/teleop_twist_joy': CMAKE_PREFIX_PATH=${CMAKE_PREFIX_PATH}:/home/saykabot/Desktop/ros2ws/install/turtlesim_catch_them_all:/home/saykabot/Desktop/ros2ws/install/selfpypkg:/home/saykabot/Desktop/ros2ws/install/ros2_opencv:/home/saykabot/Desktop/ros2ws/install/py_turtlesim_catchthemall:/home/saykabot/Desktop/ros2ws/install/pixhawk_pkg:/home/saykabot/Desktop/ros2ws/install/my_py_pkg:/home/saykabot/Desktop/ros2ws/install/keyboard_teleop:/home/saykabot/Desktop/ros2ws/install/exam:/home/saykabot/Desktop/ros2ws/install/cam_pkg:/opt/ros/humble /usr/bin/cmake --build /home/saykabot/Desktop/ros2-ROV/rovws/build/teleop_twist_joy -- -j8 -l8
[4.021s] [ 25%] [32mBuilding CXX object CMakeFiles/teleop_twist_joy.dir/src/teleop_twist_joy.cpp.o[0m
[13.739s] [ 50%] [32m[1mLinking CXX shared library libteleop_twist_joy.so[0m
[14.364s] [ 50%] Built target teleop_twist_joy
[14.385s] [ 75%] [32mBuilding CXX object CMakeFiles/teleop_twist_joy_node.dir/src/teleop_node.cpp.o[0m
[17.047s] [100%] [32m[1mLinking CXX executable teleop_node[0m
[17.248s] [100%] Built target teleop_twist_joy_node
[17.260s] Invoked command in '/home/saykabot/Desktop/ros2-ROV/rovws/build/teleop_twist_joy' returned '0': CMAKE_PREFIX_PATH=${CMAKE_PREFIX_PATH}:/home/saykabot/Desktop/ros2ws/install/turtlesim_catch_them_all:/home/saykabot/Desktop/ros2ws/install/selfpypkg:/home/saykabot/Desktop/ros2ws/install/ros2_opencv:/home/saykabot/Desktop/ros2ws/install/py_turtlesim_catchthemall:/home/saykabot/Desktop/ros2ws/install/pixhawk_pkg:/home/saykabot/Desktop/ros2ws/install/my_py_pkg:/home/saykabot/Desktop/ros2ws/install/keyboard_teleop:/home/saykabot/Desktop/ros2ws/install/exam:/home/saykabot/Desktop/ros2ws/install/cam_pkg:/opt/ros/humble /usr/bin/cmake --build /home/saykabot/Desktop/ros2-ROV/rovws/build/teleop_twist_joy -- -j8 -l8
[17.290s] Invoking command in '/home/saykabot/Desktop/ros2-ROV/rovws/build/teleop_twist_joy': CMAKE_PREFIX_PATH=${CMAKE_PREFIX_PATH}:/home/saykabot/Desktop/ros2ws/install/turtlesim_catch_them_all:/home/saykabot/Desktop/ros2ws/install/selfpypkg:/home/saykabot/Desktop/ros2ws/install/ros2_opencv:/home/saykabot/Desktop/ros2ws/install/py_turtlesim_catchthemall:/home/saykabot/Desktop/ros2ws/install/pixhawk_pkg:/home/saykabot/Desktop/ros2ws/install/my_py_pkg:/home/saykabot/Desktop/ros2ws/install/keyboard_teleop:/home/saykabot/Desktop/ros2ws/install/exam:/home/saykabot/Desktop/ros2ws/install/cam_pkg:/opt/ros/humble /usr/bin/cmake --install /home/saykabot/Desktop/ros2-ROV/rovws/build/teleop_twist_joy
[17.297s] -- Install configuration: ""
[17.297s] -- Installing: /home/saykabot/Desktop/ros2-ROV/rovws/install/teleop_twist_joy/lib/libteleop_twist_joy.so
[17.305s] -- Set runtime path of "/home/saykabot/Desktop/ros2-ROV/rovws/install/teleop_twist_joy/lib/libteleop_twist_joy.so" to ""
[17.306s] -- Installing: /home/saykabot/Desktop/ros2-ROV/rovws/install/teleop_twist_joy/lib/teleop_twist_joy/teleop_node
[17.306s] -- Set runtime path of "/home/saykabot/Desktop/ros2-ROV/rovws/install/teleop_twist_joy/lib/teleop_twist_joy/teleop_node" to ""
[17.306s] -- Installing: /home/saykabot/Desktop/ros2-ROV/rovws/install/teleop_twist_joy/include/teleop_twist_joy
[17.306s] -- Installing: /home/saykabot/Desktop/ros2-ROV/rovws/install/teleop_twist_joy/include/teleop_twist_joy/teleop_twist_joy
[17.306s] -- Installing: /home/saykabot/Desktop/ros2-ROV/rovws/install/teleop_twist_joy/include/teleop_twist_joy/teleop_twist_joy/teleop_twist_joy.hpp
[17.307s] -- Installing: /home/saykabot/Desktop/ros2-ROV/rovws/install/teleop_twist_joy/include/teleop_twist_joy/teleop_twist_joy/teleop_twist_joy_export.h
[17.307s] -- Installing: /home/saykabot/Desktop/ros2-ROV/rovws/install/teleop_twist_joy/share/teleop_twist_joy/launch
[17.307s] -- Installing: /home/saykabot/Desktop/ros2-ROV/rovws/install/teleop_twist_joy/share/teleop_twist_joy/launch/teleop-launch.py
[17.307s] -- Installing: /home/saykabot/Desktop/ros2-ROV/rovws/install/teleop_twist_joy/share/teleop_twist_joy/config
[17.307s] -- Installing: /home/saykabot/Desktop/ros2-ROV/rovws/install/teleop_twist_joy/share/teleop_twist_joy/config/ps3-holonomic.config.yaml
[17.307s] -- Installing: /home/saykabot/Desktop/ros2-ROV/rovws/install/teleop_twist_joy/share/teleop_twist_joy/config/xbox.config.yaml
[17.307s] -- Installing: /home/saykabot/Desktop/ros2-ROV/rovws/install/teleop_twist_joy/share/teleop_twist_joy/config/xd3.config.yaml
[17.307s] -- Installing: /home/saykabot/Desktop/ros2-ROV/rovws/install/teleop_twist_joy/share/teleop_twist_joy/config/atk3.config.yaml
[17.307s] -- Installing: /home/saykabot/Desktop/ros2-ROV/rovws/install/teleop_twist_joy/share/teleop_twist_joy/config/ps3.config.yaml
[17.308s] -- Installing: /home/saykabot/Desktop/ros2-ROV/rovws/install/teleop_twist_joy/share/teleop_twist_joy/config/pdp.config.yaml
[17.308s] -- Installing: /home/saykabot/Desktop/ros2-ROV/rovws/install/teleop_twist_joy/share/teleop_twist_joy/environment/library_path.sh
[17.308s] -- Installing: /home/saykabot/Desktop/ros2-ROV/rovws/install/teleop_twist_joy/share/teleop_twist_joy/environment/library_path.dsv
[17.308s] -- Installing: /home/saykabot/Desktop/ros2-ROV/rovws/install/teleop_twist_joy/share/ament_index/resource_index/package_run_dependencies/teleop_twist_joy
[17.309s] -- Installing: /home/saykabot/Desktop/ros2-ROV/rovws/install/teleop_twist_joy/share/ament_index/resource_index/parent_prefix_path/teleop_twist_joy
[17.309s] -- Installing: /home/saykabot/Desktop/ros2-ROV/rovws/install/teleop_twist_joy/share/teleop_twist_joy/environment/ament_prefix_path.sh
[17.309s] -- Installing: /home/saykabot/Desktop/ros2-ROV/rovws/install/teleop_twist_joy/share/teleop_twist_joy/environment/ament_prefix_path.dsv
[17.309s] -- Installing: /home/saykabot/Desktop/ros2-ROV/rovws/install/teleop_twist_joy/share/teleop_twist_joy/environment/path.sh
[17.309s] -- Installing: /home/saykabot/Desktop/ros2-ROV/rovws/install/teleop_twist_joy/share/teleop_twist_joy/environment/path.dsv
[17.309s] -- Installing: /home/saykabot/Desktop/ros2-ROV/rovws/install/teleop_twist_joy/share/teleop_twist_joy/local_setup.bash
[17.309s] -- Installing: /home/saykabot/Desktop/ros2-ROV/rovws/install/teleop_twist_joy/share/teleop_twist_joy/local_setup.sh
[17.309s] -- Installing: /home/saykabot/Desktop/ros2-ROV/rovws/install/teleop_twist_joy/share/teleop_twist_joy/local_setup.zsh
[17.310s] -- Installing: /home/saykabot/Desktop/ros2-ROV/rovws/install/teleop_twist_joy/share/teleop_twist_joy/local_setup.dsv
[17.310s] -- Installing: /home/saykabot/Desktop/ros2-ROV/rovws/install/teleop_twist_joy/share/teleop_twist_joy/package.dsv
[17.310s] -- Installing: /home/saykabot/Desktop/ros2-ROV/rovws/install/teleop_twist_joy/share/ament_index/resource_index/packages/teleop_twist_joy
[17.310s] -- Installing: /home/saykabot/Desktop/ros2-ROV/rovws/install/teleop_twist_joy/share/ament_index/resource_index/rclcpp_components/teleop_twist_joy
[17.310s] -- Installing: /home/saykabot/Desktop/ros2-ROV/rovws/install/teleop_twist_joy/share/teleop_twist_joy/cmake/export_teleop_twist_joyExport.cmake
[17.311s] -- Installing: /home/saykabot/Desktop/ros2-ROV/rovws/install/teleop_twist_joy/share/teleop_twist_joy/cmake/export_teleop_twist_joyExport-noconfig.cmake
[17.311s] -- Installing: /home/saykabot/Desktop/ros2-ROV/rovws/install/teleop_twist_joy/share/teleop_twist_joy/cmake/ament_cmake_export_include_directories-extras.cmake
[17.311s] -- Installing: /home/saykabot/Desktop/ros2-ROV/rovws/install/teleop_twist_joy/share/teleop_twist_joy/cmake/ament_cmake_export_libraries-extras.cmake
[17.311s] -- Installing: /home/saykabot/Desktop/ros2-ROV/rovws/install/teleop_twist_joy/share/teleop_twist_joy/cmake/ament_cmake_export_targets-extras.cmake
[17.311s] -- Installing: /home/saykabot/Desktop/ros2-ROV/rovws/install/teleop_twist_joy/share/teleop_twist_joy/cmake/teleop_twist_joyConfig.cmake
[17.311s] -- Installing: /home/saykabot/Desktop/ros2-ROV/rovws/install/teleop_twist_joy/share/teleop_twist_joy/cmake/teleop_twist_joyConfig-version.cmake
[17.311s] -- Installing: /home/saykabot/Desktop/ros2-ROV/rovws/install/teleop_twist_joy/share/teleop_twist_joy/package.xml
[17.314s] Invoked command in '/home/saykabot/Desktop/ros2-ROV/rovws/build/teleop_twist_joy' returned '0': CMAKE_PREFIX_PATH=${CMAKE_PREFIX_PATH}:/home/saykabot/Desktop/ros2ws/install/turtlesim_catch_them_all:/home/saykabot/Desktop/ros2ws/install/selfpypkg:/home/saykabot/Desktop/ros2ws/install/ros2_opencv:/home/saykabot/Desktop/ros2ws/install/py_turtlesim_catchthemall:/home/saykabot/Desktop/ros2ws/install/pixhawk_pkg:/home/saykabot/Desktop/ros2ws/install/my_py_pkg:/home/saykabot/Desktop/ros2ws/install/keyboard_teleop:/home/saykabot/Desktop/ros2ws/install/exam:/home/saykabot/Desktop/ros2ws/install/cam_pkg:/opt/ros/humble /usr/bin/cmake --install /home/saykabot/Desktop/ros2-ROV/rovws/build/teleop_twist_joy
