[1.030s] Invoking command in '/home/saykabot/Desktop/ros2-ROV/rovws/build/teleop_twist_joy': CMAKE_PREFIX_PATH=${CMAKE_PREFIX_PATH}:/home/saykabot/Desktop/ros2ws/install/turtlesim_catch_them_all:/home/saykabot/Desktop/ros2ws/install/selfpypkg:/home/saykabot/Desktop/ros2ws/install/ros2_opencv:/home/saykabot/Desktop/ros2ws/install/py_turtlesim_catchthemall:/home/saykabot/Desktop/ros2ws/install/pixhawk_pkg:/home/saykabot/Desktop/ros2ws/install/my_py_pkg:/home/saykabot/Desktop/ros2ws/install/keyboard_teleop:/home/saykabot/Desktop/ros2ws/install/exam:/home/saykabot/Desktop/ros2ws/install/cam_pkg:/opt/ros/humble /usr/bin/cmake /home/saykabot/Desktop/ros2-ROV/rovws/src/teleop_twist_joy -DCMAKE_INSTALL_PREFIX=/home/saykabot/Desktop/ros2-ROV/rovws/install/teleop_twist_joy
[1.099s] -- The C compiler identification is GNU 11.4.0
[1.198s] -- The CXX compiler identification is GNU 11.4.0
[1.209s] -- Detecting C compiler ABI info
[1.315s] -- Detecting C compiler ABI info - done
[1.333s] -- Check for working C compiler: /usr/bin/cc - skipped
[1.334s] -- Detecting C compile features
[1.335s] -- Detecting C compile features - done
[1.340s] -- Detecting CXX compiler ABI info
[1.451s] -- Detecting CXX compiler ABI info - done
[1.462s] -- Check for working CXX compiler: /usr/bin/c++ - skipped
[1.462s] -- Detecting CXX compile features
[1.463s] -- Detecting CXX compile features - done
[1.467s] -- Found ament_cmake: 1.3.8 (/opt/ros/humble/share/ament_cmake/cmake)
[1.692s] -- Found Python3: /usr/bin/python3 (found version "3.10.12") found components: Interpreter 
[1.864s] -- Found geometry_msgs: 4.2.3 (/opt/ros/humble/share/geometry_msgs/cmake)
[1.949s] -- Found rosidl_generator_c: 3.1.5 (/opt/ros/humble/share/rosidl_generator_c/cmake)
[1.963s] -- Found rosidl_adapter: 3.1.5 (/opt/ros/humble/share/rosidl_adapter/cmake)
[1.979s] -- Found rosidl_generator_cpp: 3.1.5 (/opt/ros/humble/share/rosidl_generator_cpp/cmake)
[2.000s] -- Using all available rosidl_typesupport_c: rosidl_typesupport_fastrtps_c;rosidl_typesupport_introspection_c
[2.028s] -- Using all available rosidl_typesupport_cpp: rosidl_typesupport_fastrtps_cpp;rosidl_typesupport_introspection_cpp
[2.238s] -- Found rclcpp: 16.0.8 (/opt/ros/humble/share/rclcpp/cmake)
[2.385s] -- Found rmw_implementation_cmake: 6.1.1 (/opt/ros/humble/share/rmw_implementation_cmake/cmake)
[2.392s] -- Found rmw_fastrtps_cpp: 6.2.6 (/opt/ros/humble/share/rmw_fastrtps_cpp/cmake)
[2.579s] -- Found OpenSSL: /usr/lib/x86_64-linux-gnu/libcrypto.so (found version "3.0.2")  
[2.613s] -- Found FastRTPS: /opt/ros/humble/include  
[2.669s] -- Using RMW implementation 'rmw_fastrtps_cpp' as default
[2.684s] -- Looking for pthread.h
[2.761s] -- Looking for pthread.h - found
[2.762s] -- Performing Test CMAKE_HAVE_LIBC_PTHREAD
[2.838s] -- Performing Test CMAKE_HAVE_LIBC_PTHREAD - Success
[2.839s] -- Found Threads: TRUE  
[3.061s] -- Found rclcpp_components: 16.0.8 (/opt/ros/humble/share/rclcpp_components/cmake)
[3.210s] -- Found sensor_msgs: 4.2.3 (/opt/ros/humble/share/sensor_msgs/cmake)
[3.359s] -- Performing Test COMPILER_HAS_HIDDEN_VISIBILITY
[3.517s] -- Performing Test COMPILER_HAS_HIDDEN_VISIBILITY - Success
[3.519s] -- Performing Test COMPILER_HAS_HIDDEN_INLINE_VISIBILITY
[3.777s] -- Performing Test COMPILER_HAS_HIDDEN_INLINE_VISIBILITY - Success
[3.778s] -- Performing Test COMPILER_HAS_DEPRECATED_ATTR
[3.975s] -- Performing Test COMPILER_HAS_DEPRECATED_ATTR - Success
[3.984s] -- Found ament_lint_auto: 0.12.10 (/opt/ros/humble/share/ament_lint_auto/cmake)
[4.208s] -- Found python_cmake_module: 0.10.0 (/opt/ros/humble/share/python_cmake_module/cmake)
[4.269s] -- Found PythonInterp: /usr/bin/python3 (found suitable version "3.10.12", minimum required is "3.6") 
[4.281s] -- Found PythonLibs: /usr/lib/x86_64-linux-gnu/libpython3.10.so (found suitable version "3.10.12", minimum required is "3.5") 
[4.282s] -- Using PYTHON_EXECUTABLE: /usr/bin/python3
[4.282s] -- Using PYTHON_INCLUDE_DIRS: /usr/include/python3.10
[4.282s] -- Using PYTHON_LIBRARIES: /usr/lib/x86_64-linux-gnu/libpython3.10.so
[4.337s] -- Found PythonExtra: .so  
[4.380s] -- Added test 'cppcheck' to perform static code analysis on C / C++ code
[4.380s] -- Configured cppcheck include dirs: $<BUILD_INTERFACE:/home/saykabot/Desktop/ros2-ROV/rovws/src/teleop_twist_joy/include>
[4.380s] -- Configured cppcheck exclude dirs and/or files: 
[4.389s] -- Added test 'cpplint' to check C / C++ code against the Google style
[4.389s] -- Configured cpplint exclude dirs and/or files: 
[4.391s] -- Added test 'flake8' to check Python code syntax and style conventions
[4.394s] -- Added test 'lint_cmake' to check CMake code style
[4.396s] -- Added test 'pep257' to check Python code against some of the docstring style conventions in PEP 257
[4.405s] -- Added test 'uncrustify' to check C / C++ code style
[4.405s] -- Configured uncrustify additional arguments: 
[4.408s] -- Added test 'xmllint' to check XML markup files
[4.413s] -- Configuring done
[4.442s] -- Generating done
[4.446s] -- Build files have been written to: /home/saykabot/Desktop/ros2-ROV/rovws/build/teleop_twist_joy
[4.470s] Invoked command in '/home/saykabot/Desktop/ros2-ROV/rovws/build/teleop_twist_joy' returned '0': CMAKE_PREFIX_PATH=${CMAKE_PREFIX_PATH}:/home/saykabot/Desktop/ros2ws/install/turtlesim_catch_them_all:/home/saykabot/Desktop/ros2ws/install/selfpypkg:/home/saykabot/Desktop/ros2ws/install/ros2_opencv:/home/saykabot/Desktop/ros2ws/install/py_turtlesim_catchthemall:/home/saykabot/Desktop/ros2ws/install/pixhawk_pkg:/home/saykabot/Desktop/ros2ws/install/my_py_pkg:/home/saykabot/Desktop/ros2ws/install/keyboard_teleop:/home/saykabot/Desktop/ros2ws/install/exam:/home/saykabot/Desktop/ros2ws/install/cam_pkg:/opt/ros/humble /usr/bin/cmake /home/saykabot/Desktop/ros2-ROV/rovws/src/teleop_twist_joy -DCMAKE_INSTALL_PREFIX=/home/saykabot/Desktop/ros2-ROV/rovws/install/teleop_twist_joy
[4.471s] Invoking command in '/home/saykabot/Desktop/ros2-ROV/rovws/build/teleop_twist_joy': CMAKE_PREFIX_PATH=${CMAKE_PREFIX_PATH}:/home/saykabot/Desktop/ros2ws/install/turtlesim_catch_them_all:/home/saykabot/Desktop/ros2ws/install/selfpypkg:/home/saykabot/Desktop/ros2ws/install/ros2_opencv:/home/saykabot/Desktop/ros2ws/install/py_turtlesim_catchthemall:/home/saykabot/Desktop/ros2ws/install/pixhawk_pkg:/home/saykabot/Desktop/ros2ws/install/my_py_pkg:/home/saykabot/Desktop/ros2ws/install/keyboard_teleop:/home/saykabot/Desktop/ros2ws/install/exam:/home/saykabot/Desktop/ros2ws/install/cam_pkg:/opt/ros/humble /usr/bin/cmake --build /home/saykabot/Desktop/ros2-ROV/rovws/build/teleop_twist_joy -- -j8 -l8
[4.554s] [35m[1mConsolidate compiler generated dependencies of target teleop_twist_joy[0m
[4.604s] [ 50%] Built target teleop_twist_joy
[4.676s] [35m[1mConsolidate compiler generated dependencies of target teleop_twist_joy_node[0m
[4.712s] [100%] Built target teleop_twist_joy_node
[4.743s] Invoked command in '/home/saykabot/Desktop/ros2-ROV/rovws/build/teleop_twist_joy' returned '0': CMAKE_PREFIX_PATH=${CMAKE_PREFIX_PATH}:/home/saykabot/Desktop/ros2ws/install/turtlesim_catch_them_all:/home/saykabot/Desktop/ros2ws/install/selfpypkg:/home/saykabot/Desktop/ros2ws/install/ros2_opencv:/home/saykabot/Desktop/ros2ws/install/py_turtlesim_catchthemall:/home/saykabot/Desktop/ros2ws/install/pixhawk_pkg:/home/saykabot/Desktop/ros2ws/install/my_py_pkg:/home/saykabot/Desktop/ros2ws/install/keyboard_teleop:/home/saykabot/Desktop/ros2ws/install/exam:/home/saykabot/Desktop/ros2ws/install/cam_pkg:/opt/ros/humble /usr/bin/cmake --build /home/saykabot/Desktop/ros2-ROV/rovws/build/teleop_twist_joy -- -j8 -l8
[4.990s] Invoking command in '/home/saykabot/Desktop/ros2-ROV/rovws/build/teleop_twist_joy': CMAKE_PREFIX_PATH=${CMAKE_PREFIX_PATH}:/home/saykabot/Desktop/ros2ws/install/turtlesim_catch_them_all:/home/saykabot/Desktop/ros2ws/install/selfpypkg:/home/saykabot/Desktop/ros2ws/install/ros2_opencv:/home/saykabot/Desktop/ros2ws/install/py_turtlesim_catchthemall:/home/saykabot/Desktop/ros2ws/install/pixhawk_pkg:/home/saykabot/Desktop/ros2ws/install/my_py_pkg:/home/saykabot/Desktop/ros2ws/install/keyboard_teleop:/home/saykabot/Desktop/ros2ws/install/exam:/home/saykabot/Desktop/ros2ws/install/cam_pkg:/opt/ros/humble /usr/bin/cmake --install /home/saykabot/Desktop/ros2-ROV/rovws/build/teleop_twist_joy
[5.006s] -- Install configuration: ""
[5.006s] -- Up-to-date: /home/saykabot/Desktop/ros2-ROV/rovws/install/teleop_twist_joy/lib/libteleop_twist_joy.so
[5.007s] -- Up-to-date: /home/saykabot/Desktop/ros2-ROV/rovws/install/teleop_twist_joy/lib/teleop_twist_joy/teleop_node
[5.007s] -- Up-to-date: /home/saykabot/Desktop/ros2-ROV/rovws/install/teleop_twist_joy/include/teleop_twist_joy
[5.007s] -- Up-to-date: /home/saykabot/Desktop/ros2-ROV/rovws/install/teleop_twist_joy/include/teleop_twist_joy/teleop_twist_joy
[5.007s] -- Up-to-date: /home/saykabot/Desktop/ros2-ROV/rovws/install/teleop_twist_joy/include/teleop_twist_joy/teleop_twist_joy/teleop_twist_joy.hpp
[5.007s] -- Up-to-date: /home/saykabot/Desktop/ros2-ROV/rovws/install/teleop_twist_joy/include/teleop_twist_joy/teleop_twist_joy/teleop_twist_joy_export.h
[5.008s] -- Up-to-date: /home/saykabot/Desktop/ros2-ROV/rovws/install/teleop_twist_joy/share/teleop_twist_joy/launch
[5.008s] -- Up-to-date: /home/saykabot/Desktop/ros2-ROV/rovws/install/teleop_twist_joy/share/teleop_twist_joy/launch/teleop-launch.py
[5.008s] -- Up-to-date: /home/saykabot/Desktop/ros2-ROV/rovws/install/teleop_twist_joy/share/teleop_twist_joy/config
[5.008s] -- Up-to-date: /home/saykabot/Desktop/ros2-ROV/rovws/install/teleop_twist_joy/share/teleop_twist_joy/config/ps3-holonomic.config.yaml
[5.008s] -- Up-to-date: /home/saykabot/Desktop/ros2-ROV/rovws/install/teleop_twist_joy/share/teleop_twist_joy/config/xbox.config.yaml
[5.008s] -- Up-to-date: /home/saykabot/Desktop/ros2-ROV/rovws/install/teleop_twist_joy/share/teleop_twist_joy/config/xd3.config.yaml
[5.009s] -- Up-to-date: /home/saykabot/Desktop/ros2-ROV/rovws/install/teleop_twist_joy/share/teleop_twist_joy/config/atk3.config.yaml
[5.009s] -- Up-to-date: /home/saykabot/Desktop/ros2-ROV/rovws/install/teleop_twist_joy/share/teleop_twist_joy/config/ps3.config.yaml
[5.009s] -- Up-to-date: /home/saykabot/Desktop/ros2-ROV/rovws/install/teleop_twist_joy/share/teleop_twist_joy/config/pdp.config.yaml
[5.009s] -- Up-to-date: /home/saykabot/Desktop/ros2-ROV/rovws/install/teleop_twist_joy/share/teleop_twist_joy/environment/library_path.sh
[5.009s] -- Installing: /home/saykabot/Desktop/ros2-ROV/rovws/install/teleop_twist_joy/share/teleop_twist_joy/environment/library_path.dsv
[5.009s] -- Up-to-date: /home/saykabot/Desktop/ros2-ROV/rovws/install/teleop_twist_joy/share/ament_index/resource_index/package_run_dependencies/teleop_twist_joy
[5.010s] -- Up-to-date: /home/saykabot/Desktop/ros2-ROV/rovws/install/teleop_twist_joy/share/ament_index/resource_index/parent_prefix_path/teleop_twist_joy
[5.010s] -- Up-to-date: /home/saykabot/Desktop/ros2-ROV/rovws/install/teleop_twist_joy/share/teleop_twist_joy/environment/ament_prefix_path.sh
[5.010s] -- Installing: /home/saykabot/Desktop/ros2-ROV/rovws/install/teleop_twist_joy/share/teleop_twist_joy/environment/ament_prefix_path.dsv
[5.010s] -- Up-to-date: /home/saykabot/Desktop/ros2-ROV/rovws/install/teleop_twist_joy/share/teleop_twist_joy/environment/path.sh
[5.010s] -- Installing: /home/saykabot/Desktop/ros2-ROV/rovws/install/teleop_twist_joy/share/teleop_twist_joy/environment/path.dsv
[5.010s] -- Up-to-date: /home/saykabot/Desktop/ros2-ROV/rovws/install/teleop_twist_joy/share/teleop_twist_joy/local_setup.bash
[5.011s] -- Up-to-date: /home/saykabot/Desktop/ros2-ROV/rovws/install/teleop_twist_joy/share/teleop_twist_joy/local_setup.sh
[5.011s] -- Up-to-date: /home/saykabot/Desktop/ros2-ROV/rovws/install/teleop_twist_joy/share/teleop_twist_joy/local_setup.zsh
[5.011s] -- Installing: /home/saykabot/Desktop/ros2-ROV/rovws/install/teleop_twist_joy/share/teleop_twist_joy/local_setup.dsv
[5.011s] -- Installing: /home/saykabot/Desktop/ros2-ROV/rovws/install/teleop_twist_joy/share/teleop_twist_joy/package.dsv
[5.011s] -- Up-to-date: /home/saykabot/Desktop/ros2-ROV/rovws/install/teleop_twist_joy/share/ament_index/resource_index/packages/teleop_twist_joy
[5.011s] -- Up-to-date: /home/saykabot/Desktop/ros2-ROV/rovws/install/teleop_twist_joy/share/ament_index/resource_index/rclcpp_components/teleop_twist_joy
[5.011s] -- Up-to-date: /home/saykabot/Desktop/ros2-ROV/rovws/install/teleop_twist_joy/share/teleop_twist_joy/cmake/export_teleop_twist_joyExport.cmake
[5.012s] -- Up-to-date: /home/saykabot/Desktop/ros2-ROV/rovws/install/teleop_twist_joy/share/teleop_twist_joy/cmake/export_teleop_twist_joyExport-noconfig.cmake
[5.012s] -- Up-to-date: /home/saykabot/Desktop/ros2-ROV/rovws/install/teleop_twist_joy/share/teleop_twist_joy/cmake/ament_cmake_export_include_directories-extras.cmake
[5.012s] -- Up-to-date: /home/saykabot/Desktop/ros2-ROV/rovws/install/teleop_twist_joy/share/teleop_twist_joy/cmake/ament_cmake_export_libraries-extras.cmake
[5.012s] -- Up-to-date: /home/saykabot/Desktop/ros2-ROV/rovws/install/teleop_twist_joy/share/teleop_twist_joy/cmake/ament_cmake_export_targets-extras.cmake
[5.012s] -- Up-to-date: /home/saykabot/Desktop/ros2-ROV/rovws/install/teleop_twist_joy/share/teleop_twist_joy/cmake/teleop_twist_joyConfig.cmake
[5.012s] -- Up-to-date: /home/saykabot/Desktop/ros2-ROV/rovws/install/teleop_twist_joy/share/teleop_twist_joy/cmake/teleop_twist_joyConfig-version.cmake
[5.013s] -- Up-to-date: /home/saykabot/Desktop/ros2-ROV/rovws/install/teleop_twist_joy/share/teleop_twist_joy/package.xml
[5.025s] Invoked command in '/home/saykabot/Desktop/ros2-ROV/rovws/build/teleop_twist_joy' returned '0': CMAKE_PREFIX_PATH=${CMAKE_PREFIX_PATH}:/home/saykabot/Desktop/ros2ws/install/turtlesim_catch_them_all:/home/saykabot/Desktop/ros2ws/install/selfpypkg:/home/saykabot/Desktop/ros2ws/install/ros2_opencv:/home/saykabot/Desktop/ros2ws/install/py_turtlesim_catchthemall:/home/saykabot/Desktop/ros2ws/install/pixhawk_pkg:/home/saykabot/Desktop/ros2ws/install/my_py_pkg:/home/saykabot/Desktop/ros2ws/install/keyboard_teleop:/home/saykabot/Desktop/ros2ws/install/exam:/home/saykabot/Desktop/ros2ws/install/cam_pkg:/opt/ros/humble /usr/bin/cmake --install /home/saykabot/Desktop/ros2-ROV/rovws/build/teleop_twist_joy
