[0.039s] Invoking command in '/home/saykabot/Desktop/ros2-ROV/rovws/build/my_robot_interfaces': CMAKE_PREFIX_PATH=${CMAKE_PREFIX_PATH}:/home/saykabot/Desktop/ros2ws/install/turtlesim_catch_them_all:/home/saykabot/Desktop/ros2ws/install/selfpypkg:/home/saykabot/Desktop/ros2ws/install/ros2_opencv:/home/saykabot/Desktop/ros2ws/install/py_turtlesim_catchthemall:/home/saykabot/Desktop/ros2ws/install/pixhawk_pkg:/home/saykabot/Desktop/ros2ws/install/my_py_pkg:/home/saykabot/Desktop/ros2ws/install/keyboard_teleop:/home/saykabot/Desktop/ros2ws/install/exam:/home/saykabot/Desktop/ros2ws/install/cam_pkg:/opt/ros/humble /usr/bin/cmake /home/saykabot/Desktop/ros2-ROV/rovws/src/my_robot_interfaces -DCMAKE_INSTALL_PREFIX=/home/saykabot/Desktop/ros2-ROV/rovws/install/my_robot_interfaces
[1.043s] -- The C compiler identification is GNU 11.4.0
[1.044s] -- The CXX compiler identification is GNU 11.4.0
[1.044s] -- Detecting C compiler ABI info
[1.045s] -- Detecting C compiler ABI info - done
[1.045s] -- Check for working C compiler: /usr/bin/cc - skipped
[1.045s] -- Detecting C compile features
[1.046s] -- Detecting C compile features - done
[1.046s] -- Detecting CXX compiler ABI info
[1.046s] -- Detecting CXX compiler ABI info - done
[1.047s] -- Check for working CXX compiler: /usr/bin/c++ - skipped
[1.048s] -- Detecting CXX compile features
[1.049s] -- Detecting CXX compile features - done
[1.049s] -- Found ament_cmake: 1.3.8 (/opt/ros/humble/share/ament_cmake/cmake)
[1.049s] -- Found Python3: /usr/bin/python3 (found version "3.10.12") found components: Interpreter 
[1.050s] -- Found rosidl_default_generators: 1.2.0 (/opt/ros/humble/share/rosidl_default_generators/cmake)
[1.050s] -- Using all available rosidl_typesupport_c: rosidl_typesupport_fastrtps_c;rosidl_typesupport_introspection_c
[1.051s] -- Found rosidl_adapter: 3.1.5 (/opt/ros/humble/share/rosidl_adapter/cmake)
[1.052s] -- Using all available rosidl_typesupport_cpp: rosidl_typesupport_fastrtps_cpp;rosidl_typesupport_introspection_cpp
[1.202s] -- Found ament_cmake_ros: 0.10.0 (/opt/ros/humble/share/ament_cmake_ros/cmake)
[1.499s] -- Using all available rosidl_typesupport_c: rosidl_typesupport_fastrtps_c;rosidl_typesupport_introspection_c
[1.952s] -- Using all available rosidl_typesupport_cpp: rosidl_typesupport_fastrtps_cpp;rosidl_typesupport_introspection_cpp
[2.002s] -- Found PythonInterp: /usr/bin/python3 (found suitable version "3.10.12", minimum required is "3.6") 
[2.006s] -- Found python_cmake_module: 0.10.0 (/opt/ros/humble/share/python_cmake_module/cmake)
[2.045s] -- Found PythonLibs: /usr/lib/x86_64-linux-gnu/libpython3.10.so (found suitable version "3.10.12", minimum required is "3.5") 
[2.045s] -- Using PYTHON_EXECUTABLE: /usr/bin/python3
[2.045s] -- Using PYTHON_INCLUDE_DIRS: /usr/include/python3.10
[2.045s] -- Using PYTHON_LIBRARIES: /usr/lib/x86_64-linux-gnu/libpython3.10.so
[2.073s] -- Found PythonExtra: .so  
[2.144s] -- Configuring done
[2.209s] -- Generating done
[2.214s] -- Build files have been written to: /home/saykabot/Desktop/ros2-ROV/rovws/build/my_robot_interfaces
[2.223s] Invoked command in '/home/saykabot/Desktop/ros2-ROV/rovws/build/my_robot_interfaces' returned '0': CMAKE_PREFIX_PATH=${CMAKE_PREFIX_PATH}:/home/saykabot/Desktop/ros2ws/install/turtlesim_catch_them_all:/home/saykabot/Desktop/ros2ws/install/selfpypkg:/home/saykabot/Desktop/ros2ws/install/ros2_opencv:/home/saykabot/Desktop/ros2ws/install/py_turtlesim_catchthemall:/home/saykabot/Desktop/ros2ws/install/pixhawk_pkg:/home/saykabot/Desktop/ros2ws/install/my_py_pkg:/home/saykabot/Desktop/ros2ws/install/keyboard_teleop:/home/saykabot/Desktop/ros2ws/install/exam:/home/saykabot/Desktop/ros2ws/install/cam_pkg:/opt/ros/humble /usr/bin/cmake /home/saykabot/Desktop/ros2-ROV/rovws/src/my_robot_interfaces -DCMAKE_INSTALL_PREFIX=/home/saykabot/Desktop/ros2-ROV/rovws/install/my_robot_interfaces
[2.227s] Invoking command in '/home/saykabot/Desktop/ros2-ROV/rovws/build/my_robot_interfaces': CMAKE_PREFIX_PATH=${CMAKE_PREFIX_PATH}:/home/saykabot/Desktop/ros2ws/install/turtlesim_catch_them_all:/home/saykabot/Desktop/ros2ws/install/selfpypkg:/home/saykabot/Desktop/ros2ws/install/ros2_opencv:/home/saykabot/Desktop/ros2ws/install/py_turtlesim_catchthemall:/home/saykabot/Desktop/ros2ws/install/pixhawk_pkg:/home/saykabot/Desktop/ros2ws/install/my_py_pkg:/home/saykabot/Desktop/ros2ws/install/keyboard_teleop:/home/saykabot/Desktop/ros2ws/install/exam:/home/saykabot/Desktop/ros2ws/install/cam_pkg:/opt/ros/humble /usr/bin/cmake --build /home/saykabot/Desktop/ros2-ROV/rovws/build/my_robot_interfaces -- -j8 -l8
[2.293s] [  1%] [34m[1mGenerating C code for ROS interfaces[0m
[2.312s] [  3%] [34m[1mGenerating C++ code for ROS interfaces[0m
[2.323s] [  3%] Built target ament_cmake_python_copy_my_robot_interfaces
[2.671s] running egg_info
[2.671s] creating my_robot_interfaces.egg-info
[2.671s] writing my_robot_interfaces.egg-info/PKG-INFO
[2.672s] writing dependency_links to my_robot_interfaces.egg-info/dependency_links.txt
[2.672s] writing top-level names to my_robot_interfaces.egg-info/top_level.txt
[2.672s] writing manifest file 'my_robot_interfaces.egg-info/SOURCES.txt'
[2.674s] reading manifest file 'my_robot_interfaces.egg-info/SOURCES.txt'
[2.675s] writing manifest file 'my_robot_interfaces.egg-info/SOURCES.txt'
[2.703s] [  3%] Built target ament_cmake_python_build_my_robot_interfaces_egg
[2.950s] [  3%] Built target my_robot_interfaces__cpp
[2.962s] [  6%] [34m[1mGenerating C++ introspection for ROS interfaces[0m
[2.962s] [  6%] [34m[1mGenerating C++ type support for eProsima Fast-RTPS[0m
[2.965s] [  7%] [34m[1mGenerating C++ type support dispatch for ROS interfaces[0m
[3.129s] [ 11%] [32mBuilding C object CMakeFiles/my_robot_interfaces__rosidl_generator_c.dir/rosidl_generator_c/my_robot_interfaces/msg/detail/hardware_status__functions.c.o[0m
[3.130s] [ 11%] [32mBuilding C object CMakeFiles/my_robot_interfaces__rosidl_generator_c.dir/rosidl_generator_c/my_robot_interfaces/msg/detail/pixhawk__functions.c.o[0m
[3.130s] [ 12%] [32mBuilding C object CMakeFiles/my_robot_interfaces__rosidl_generator_c.dir/rosidl_generator_c/my_robot_interfaces/msg/detail/turtle__functions.c.o[0m
[3.132s] [ 14%] [32mBuilding C object CMakeFiles/my_robot_interfaces__rosidl_generator_c.dir/rosidl_generator_c/my_robot_interfaces/msg/detail/turtle_array__functions.c.o[0m
[3.138s] [ 15%] [32mBuilding C object CMakeFiles/my_robot_interfaces__rosidl_generator_c.dir/rosidl_generator_c/my_robot_interfaces/srv/detail/compute_rectangle_area__functions.c.o[0m
[3.247s] [ 17%] [32m[1mLinking C shared library libmy_robot_interfaces__rosidl_generator_c.so[0m
[3.306s] [ 17%] Built target my_robot_interfaces__rosidl_generator_c
[3.322s] [ 22%] [34m[1mGenerating C type support dispatch for ROS interfaces[0m
[3.322s] [ 22%] [34m[1mGenerating C introspection for ROS interfaces[0m
[3.322s] [ 22%] [34m[1mGenerating C type support for eProsima Fast-RTPS[0m
[3.499s] [ 25%] [32mBuilding CXX object CMakeFiles/my_robot_interfaces__rosidl_typesupport_cpp.dir/rosidl_typesupport_cpp/my_robot_interfaces/msg/hardware_status__type_support.cpp.o[0m
[3.499s] [ 25%] [32mBuilding CXX object CMakeFiles/my_robot_interfaces__rosidl_typesupport_cpp.dir/rosidl_typesupport_cpp/my_robot_interfaces/msg/pixhawk__type_support.cpp.o[0m
[3.512s] [ 26%] [32mBuilding CXX object CMakeFiles/my_robot_interfaces__rosidl_typesupport_cpp.dir/rosidl_typesupport_cpp/my_robot_interfaces/msg/turtle__type_support.cpp.o[0m
[3.752s] [ 28%] [32mBuilding CXX object CMakeFiles/my_robot_interfaces__rosidl_typesupport_introspection_cpp.dir/rosidl_typesupport_introspection_cpp/my_robot_interfaces/msg/detail/hardware_status__type_support.cpp.o[0m
[4.035s] [ 30%] [32mBuilding CXX object CMakeFiles/my_robot_interfaces__rosidl_typesupport_cpp.dir/rosidl_typesupport_cpp/my_robot_interfaces/msg/turtle_array__type_support.cpp.o[0m
[4.049s] [ 31%] [32mBuilding CXX object CMakeFiles/my_robot_interfaces__rosidl_typesupport_fastrtps_cpp.dir/rosidl_typesupport_fastrtps_cpp/my_robot_interfaces/msg/detail/dds_fastrtps/hardware_status__type_support.cpp.o[0m
[4.053s] [ 33%] [32mBuilding CXX object CMakeFiles/my_robot_interfaces__rosidl_typesupport_introspection_cpp.dir/rosidl_typesupport_introspection_cpp/my_robot_interfaces/msg/detail/pixhawk__type_support.cpp.o[0m
[4.063s] [ 34%] [32mBuilding CXX object CMakeFiles/my_robot_interfaces__rosidl_typesupport_fastrtps_cpp.dir/rosidl_typesupport_fastrtps_cpp/my_robot_interfaces/msg/detail/dds_fastrtps/pixhawk__type_support.cpp.o[0m
[4.128s] [ 36%] [32mBuilding CXX object CMakeFiles/my_robot_interfaces__rosidl_typesupport_c.dir/rosidl_typesupport_c/my_robot_interfaces/msg/hardware_status__type_support.cpp.o[0m
[4.247s] [ 38%] [32mBuilding CXX object CMakeFiles/my_robot_interfaces__rosidl_typesupport_c.dir/rosidl_typesupport_c/my_robot_interfaces/msg/pixhawk__type_support.cpp.o[0m
[4.341s] [ 39%] [32mBuilding CXX object CMakeFiles/my_robot_interfaces__rosidl_typesupport_c.dir/rosidl_typesupport_c/my_robot_interfaces/msg/turtle__type_support.cpp.o[0m
[4.347s] [ 41%] [32mBuilding C object CMakeFiles/my_robot_interfaces__rosidl_typesupport_introspection_c.dir/rosidl_typesupport_introspection_c/my_robot_interfaces/msg/detail/hardware_status__type_support.c.o[0m
[4.356s] [ 42%] [32mBuilding CXX object CMakeFiles/my_robot_interfaces__rosidl_typesupport_fastrtps_c.dir/rosidl_typesupport_fastrtps_c/my_robot_interfaces/msg/detail/hardware_status__type_support_c.cpp.o[0m
[4.430s] [ 44%] [32mBuilding CXX object CMakeFiles/my_robot_interfaces__rosidl_typesupport_c.dir/rosidl_typesupport_c/my_robot_interfaces/msg/turtle_array__type_support.cpp.o[0m
[4.477s] [ 46%] [32mBuilding C object CMakeFiles/my_robot_interfaces__rosidl_typesupport_introspection_c.dir/rosidl_typesupport_introspection_c/my_robot_interfaces/msg/detail/pixhawk__type_support.c.o[0m
[4.522s] [ 47%] [32mBuilding CXX object CMakeFiles/my_robot_interfaces__rosidl_typesupport_c.dir/rosidl_typesupport_c/my_robot_interfaces/srv/compute_rectangle_area__type_support.cpp.o[0m
[4.527s] [ 49%] [32mBuilding CXX object CMakeFiles/my_robot_interfaces__rosidl_typesupport_fastrtps_c.dir/rosidl_typesupport_fastrtps_c/my_robot_interfaces/msg/detail/pixhawk__type_support_c.cpp.o[0m
[4.541s] [ 50%] [32mBuilding C object CMakeFiles/my_robot_interfaces__rosidl_typesupport_introspection_c.dir/rosidl_typesupport_introspection_c/my_robot_interfaces/msg/detail/turtle__type_support.c.o[0m
[4.556s] [ 52%] [32mBuilding CXX object CMakeFiles/my_robot_interfaces__rosidl_typesupport_cpp.dir/rosidl_typesupport_cpp/my_robot_interfaces/srv/compute_rectangle_area__type_support.cpp.o[0m
[4.612s] [ 53%] [32m[1mLinking CXX shared library libmy_robot_interfaces__rosidl_typesupport_c.so[0m
[4.642s] [ 55%] [32mBuilding C object CMakeFiles/my_robot_interfaces__rosidl_typesupport_introspection_c.dir/rosidl_typesupport_introspection_c/my_robot_interfaces/msg/detail/turtle_array__type_support.c.o[0m
[4.728s] [ 55%] Built target my_robot_interfaces__rosidl_typesupport_c
[4.745s] [ 57%] [32mBuilding CXX object CMakeFiles/my_robot_interfaces__rosidl_typesupport_fastrtps_cpp.dir/rosidl_typesupport_fastrtps_cpp/my_robot_interfaces/msg/detail/dds_fastrtps/turtle__type_support.cpp.o[0m
[4.758s] [ 58%] [32mBuilding C object CMakeFiles/my_robot_interfaces__rosidl_typesupport_introspection_c.dir/rosidl_typesupport_introspection_c/my_robot_interfaces/srv/detail/compute_rectangle_area__type_support.c.o[0m
[4.812s] [ 60%] [32mBuilding CXX object CMakeFiles/my_robot_interfaces__rosidl_typesupport_introspection_cpp.dir/rosidl_typesupport_introspection_cpp/my_robot_interfaces/msg/detail/turtle__type_support.cpp.o[0m
[4.821s] [ 61%] [32m[1mLinking C shared library libmy_robot_interfaces__rosidl_typesupport_introspection_c.so[0m
[4.829s] [ 63%] [32mBuilding CXX object CMakeFiles/my_robot_interfaces__rosidl_typesupport_fastrtps_cpp.dir/rosidl_typesupport_fastrtps_cpp/my_robot_interfaces/msg/detail/dds_fastrtps/turtle_array__type_support.cpp.o[0m
[4.838s] [ 65%] [32mBuilding CXX object CMakeFiles/my_robot_interfaces__rosidl_typesupport_fastrtps_cpp.dir/rosidl_typesupport_fastrtps_cpp/my_robot_interfaces/srv/detail/dds_fastrtps/compute_rectangle_area__type_support.cpp.o[0m
[4.882s] [ 65%] Built target my_robot_interfaces__rosidl_typesupport_introspection_c
[4.896s] [ 66%] [32mBuilding CXX object CMakeFiles/my_robot_interfaces__rosidl_typesupport_introspection_cpp.dir/rosidl_typesupport_introspection_cpp/my_robot_interfaces/msg/detail/turtle_array__type_support.cpp.o[0m
[5.021s] [ 68%] [32mBuilding CXX object CMakeFiles/my_robot_interfaces__rosidl_typesupport_introspection_cpp.dir/rosidl_typesupport_introspection_cpp/my_robot_interfaces/srv/detail/compute_rectangle_area__type_support.cpp.o[0m
[5.079s] [ 69%] [32m[1mLinking CXX shared library libmy_robot_interfaces__rosidl_typesupport_cpp.so[0m
[5.162s] [ 69%] Built target my_robot_interfaces__rosidl_typesupport_cpp
[5.164s] [ 71%] [32mBuilding CXX object CMakeFiles/my_robot_interfaces__rosidl_typesupport_fastrtps_c.dir/rosidl_typesupport_fastrtps_c/my_robot_interfaces/msg/detail/turtle__type_support_c.cpp.o[0m
[5.179s] [ 73%] [32mBuilding CXX object CMakeFiles/my_robot_interfaces__rosidl_typesupport_fastrtps_c.dir/rosidl_typesupport_fastrtps_c/my_robot_interfaces/msg/detail/turtle_array__type_support_c.cpp.o[0m
[5.525s] [ 74%] [32mBuilding CXX object CMakeFiles/my_robot_interfaces__rosidl_typesupport_fastrtps_c.dir/rosidl_typesupport_fastrtps_c/my_robot_interfaces/srv/detail/compute_rectangle_area__type_support_c.cpp.o[0m
[5.670s] [ 76%] [32m[1mLinking CXX shared library libmy_robot_interfaces__rosidl_typesupport_fastrtps_cpp.so[0m
[5.694s] [ 77%] [32m[1mLinking CXX shared library libmy_robot_interfaces__rosidl_typesupport_introspection_cpp.so[0m
[5.777s] [ 77%] Built target my_robot_interfaces__rosidl_typesupport_fastrtps_cpp
[5.798s] [ 77%] Built target my_robot_interfaces__rosidl_typesupport_introspection_cpp
[5.968s] [ 79%] [32m[1mLinking CXX shared library libmy_robot_interfaces__rosidl_typesupport_fastrtps_c.so[0m
[6.044s] [ 79%] Built target my_robot_interfaces__rosidl_typesupport_fastrtps_c
[6.063s] [ 79%] Built target my_robot_interfaces
[6.084s] [ 80%] [34m[1mGenerating Python code for ROS interfaces[0m
[6.813s] [ 80%] Built target my_robot_interfaces__py
[6.835s] [ 84%] [32mBuilding C object CMakeFiles/my_robot_interfaces__rosidl_generator_py.dir/rosidl_generator_py/my_robot_interfaces/msg/_turtle_s.c.o[0m
[6.835s] [ 84%] [32mBuilding C object CMakeFiles/my_robot_interfaces__rosidl_generator_py.dir/rosidl_generator_py/my_robot_interfaces/msg/_turtle_array_s.c.o[0m
[6.835s] [ 85%] [32mBuilding C object CMakeFiles/my_robot_interfaces__rosidl_generator_py.dir/rosidl_generator_py/my_robot_interfaces/msg/_hardware_status_s.c.o[0m
[6.838s] [ 87%] [32mBuilding C object CMakeFiles/my_robot_interfaces__rosidl_generator_py.dir/rosidl_generator_py/my_robot_interfaces/msg/_pixhawk_s.c.o[0m
[6.839s] [ 88%] [32mBuilding C object CMakeFiles/my_robot_interfaces__rosidl_generator_py.dir/rosidl_generator_py/my_robot_interfaces/srv/_compute_rectangle_area_s.c.o[0m
[6.995s] [ 90%] [32m[1mLinking C shared library rosidl_generator_py/my_robot_interfaces/libmy_robot_interfaces__rosidl_generator_py.so[0m
[7.034s] [ 90%] Built target my_robot_interfaces__rosidl_generator_py
[7.056s] [ 95%] [32mBuilding C object CMakeFiles/my_robot_interfaces__rosidl_typesupport_c__pyext.dir/rosidl_generator_py/my_robot_interfaces/_my_robot_interfaces_s.ep.rosidl_typesupport_c.c.o[0m
[7.056s] [ 95%] [32mBuilding C object CMakeFiles/my_robot_interfaces__rosidl_typesupport_fastrtps_c__pyext.dir/rosidl_generator_py/my_robot_interfaces/_my_robot_interfaces_s.ep.rosidl_typesupport_fastrtps_c.c.o[0m
[7.057s] [ 95%] [32mBuilding C object CMakeFiles/my_robot_interfaces__rosidl_typesupport_introspection_c__pyext.dir/rosidl_generator_py/my_robot_interfaces/_my_robot_interfaces_s.ep.rosidl_typesupport_introspection_c.c.o[0m
[7.175s] [ 98%] [32m[1mLinking C shared library rosidl_generator_py/my_robot_interfaces/my_robot_interfaces_s__rosidl_typesupport_introspection_c.cpython-310-x86_64-linux-gnu.so[0m
[7.176s] [ 98%] [32m[1mLinking C shared library rosidl_generator_py/my_robot_interfaces/my_robot_interfaces_s__rosidl_typesupport_c.cpython-310-x86_64-linux-gnu.so[0m
[7.176s] [100%] [32m[1mLinking C shared library rosidl_generator_py/my_robot_interfaces/my_robot_interfaces_s__rosidl_typesupport_fastrtps_c.cpython-310-x86_64-linux-gnu.so[0m
[7.212s] [100%] Built target my_robot_interfaces__rosidl_typesupport_introspection_c__pyext
[7.212s] [100%] Built target my_robot_interfaces__rosidl_typesupport_c__pyext
[7.215s] [100%] Built target my_robot_interfaces__rosidl_typesupport_fastrtps_c__pyext
[7.228s] Invoked command in '/home/saykabot/Desktop/ros2-ROV/rovws/build/my_robot_interfaces' returned '0': CMAKE_PREFIX_PATH=${CMAKE_PREFIX_PATH}:/home/saykabot/Desktop/ros2ws/install/turtlesim_catch_them_all:/home/saykabot/Desktop/ros2ws/install/selfpypkg:/home/saykabot/Desktop/ros2ws/install/ros2_opencv:/home/saykabot/Desktop/ros2ws/install/py_turtlesim_catchthemall:/home/saykabot/Desktop/ros2ws/install/pixhawk_pkg:/home/saykabot/Desktop/ros2ws/install/my_py_pkg:/home/saykabot/Desktop/ros2ws/install/keyboard_teleop:/home/saykabot/Desktop/ros2ws/install/exam:/home/saykabot/Desktop/ros2ws/install/cam_pkg:/opt/ros/humble /usr/bin/cmake --build /home/saykabot/Desktop/ros2-ROV/rovws/build/my_robot_interfaces -- -j8 -l8
[7.379s] Invoking command in '/home/saykabot/Desktop/ros2-ROV/rovws/build/my_robot_interfaces': CMAKE_PREFIX_PATH=${CMAKE_PREFIX_PATH}:/home/saykabot/Desktop/ros2ws/install/turtlesim_catch_them_all:/home/saykabot/Desktop/ros2ws/install/selfpypkg:/home/saykabot/Desktop/ros2ws/install/ros2_opencv:/home/saykabot/Desktop/ros2ws/install/py_turtlesim_catchthemall:/home/saykabot/Desktop/ros2ws/install/pixhawk_pkg:/home/saykabot/Desktop/ros2ws/install/my_py_pkg:/home/saykabot/Desktop/ros2ws/install/keyboard_teleop:/home/saykabot/Desktop/ros2ws/install/exam:/home/saykabot/Desktop/ros2ws/install/cam_pkg:/opt/ros/humble /usr/bin/cmake --install /home/saykabot/Desktop/ros2-ROV/rovws/build/my_robot_interfaces
[7.388s] -- Install configuration: ""
[7.388s] -- Installing: /home/saykabot/Desktop/ros2-ROV/rovws/install/my_robot_interfaces/share/ament_index/resource_index/rosidl_interfaces/my_robot_interfaces
[7.388s] -- Installing: /home/saykabot/Desktop/ros2-ROV/rovws/install/my_robot_interfaces/include/my_robot_interfaces/my_robot_interfaces
[7.388s] -- Installing: /home/saykabot/Desktop/ros2-ROV/rovws/install/my_robot_interfaces/include/my_robot_interfaces/my_robot_interfaces/srv
[7.388s] -- Installing: /home/saykabot/Desktop/ros2-ROV/rovws/install/my_robot_interfaces/include/my_robot_interfaces/my_robot_interfaces/srv/compute_rectangle_area.h
[7.388s] -- Installing: /home/saykabot/Desktop/ros2-ROV/rovws/install/my_robot_interfaces/include/my_robot_interfaces/my_robot_interfaces/srv/detail
[7.389s] -- Installing: /home/saykabot/Desktop/ros2-ROV/rovws/install/my_robot_interfaces/include/my_robot_interfaces/my_robot_interfaces/srv/detail/compute_rectangle_area__type_support.h
[7.389s] -- Installing: /home/saykabot/Desktop/ros2-ROV/rovws/install/my_robot_interfaces/include/my_robot_interfaces/my_robot_interfaces/srv/detail/compute_rectangle_area__functions.c
[7.389s] -- Installing: /home/saykabot/Desktop/ros2-ROV/rovws/install/my_robot_interfaces/include/my_robot_interfaces/my_robot_interfaces/srv/detail/compute_rectangle_area__functions.h
[7.389s] -- Installing: /home/saykabot/Desktop/ros2-ROV/rovws/install/my_robot_interfaces/include/my_robot_interfaces/my_robot_interfaces/srv/detail/compute_rectangle_area__struct.h
[7.389s] -- Installing: /home/saykabot/Desktop/ros2-ROV/rovws/install/my_robot_interfaces/include/my_robot_interfaces/my_robot_interfaces/msg
[7.389s] -- Installing: /home/saykabot/Desktop/ros2-ROV/rovws/install/my_robot_interfaces/include/my_robot_interfaces/my_robot_interfaces/msg/turtle_array.h
[7.389s] -- Installing: /home/saykabot/Desktop/ros2-ROV/rovws/install/my_robot_interfaces/include/my_robot_interfaces/my_robot_interfaces/msg/hardware_status.h
[7.389s] -- Installing: /home/saykabot/Desktop/ros2-ROV/rovws/install/my_robot_interfaces/include/my_robot_interfaces/my_robot_interfaces/msg/pixhawk.h
[7.389s] -- Installing: /home/saykabot/Desktop/ros2-ROV/rovws/install/my_robot_interfaces/include/my_robot_interfaces/my_robot_interfaces/msg/detail
[7.389s] -- Installing: /home/saykabot/Desktop/ros2-ROV/rovws/install/my_robot_interfaces/include/my_robot_interfaces/my_robot_interfaces/msg/detail/turtle_array__type_support.h
[7.389s] -- Installing: /home/saykabot/Desktop/ros2-ROV/rovws/install/my_robot_interfaces/include/my_robot_interfaces/my_robot_interfaces/msg/detail/turtle__struct.h
[7.390s] -- Installing: /home/saykabot/Desktop/ros2-ROV/rovws/install/my_robot_interfaces/include/my_robot_interfaces/my_robot_interfaces/msg/detail/hardware_status__type_support.h
[7.390s] -- Installing: /home/saykabot/Desktop/ros2-ROV/rovws/install/my_robot_interfaces/include/my_robot_interfaces/my_robot_interfaces/msg/detail/turtle_array__functions.h
[7.390s] -- Installing: /home/saykabot/Desktop/ros2-ROV/rovws/install/my_robot_interfaces/include/my_robot_interfaces/my_robot_interfaces/msg/detail/turtle__functions.c
[7.390s] -- Installing: /home/saykabot/Desktop/ros2-ROV/rovws/install/my_robot_interfaces/include/my_robot_interfaces/my_robot_interfaces/msg/detail/pixhawk__struct.h
[7.390s] -- Installing: /home/saykabot/Desktop/ros2-ROV/rovws/install/my_robot_interfaces/include/my_robot_interfaces/my_robot_interfaces/msg/detail/turtle__functions.h
[7.390s] -- Installing: /home/saykabot/Desktop/ros2-ROV/rovws/install/my_robot_interfaces/include/my_robot_interfaces/my_robot_interfaces/msg/detail/hardware_status__functions.h
[7.390s] -- Installing: /home/saykabot/Desktop/ros2-ROV/rovws/install/my_robot_interfaces/include/my_robot_interfaces/my_robot_interfaces/msg/detail/turtle_array__functions.c
[7.390s] -- Installing: /home/saykabot/Desktop/ros2-ROV/rovws/install/my_robot_interfaces/include/my_robot_interfaces/my_robot_interfaces/msg/detail/turtle__type_support.h
[7.391s] -- Installing: /home/saykabot/Desktop/ros2-ROV/rovws/install/my_robot_interfaces/include/my_robot_interfaces/my_robot_interfaces/msg/detail/pixhawk__functions.h
[7.391s] -- Installing: /home/saykabot/Desktop/ros2-ROV/rovws/install/my_robot_interfaces/include/my_robot_interfaces/my_robot_interfaces/msg/detail/pixhawk__functions.c
[7.391s] -- Installing: /home/saykabot/Desktop/ros2-ROV/rovws/install/my_robot_interfaces/include/my_robot_interfaces/my_robot_interfaces/msg/detail/turtle_array__struct.h
[7.391s] -- Installing: /home/saykabot/Desktop/ros2-ROV/rovws/install/my_robot_interfaces/include/my_robot_interfaces/my_robot_interfaces/msg/detail/hardware_status__struct.h
[7.391s] -- Installing: /home/saykabot/Desktop/ros2-ROV/rovws/install/my_robot_interfaces/include/my_robot_interfaces/my_robot_interfaces/msg/detail/hardware_status__functions.c
[7.391s] -- Installing: /home/saykabot/Desktop/ros2-ROV/rovws/install/my_robot_interfaces/include/my_robot_interfaces/my_robot_interfaces/msg/detail/pixhawk__type_support.h
[7.391s] -- Installing: /home/saykabot/Desktop/ros2-ROV/rovws/install/my_robot_interfaces/include/my_robot_interfaces/my_robot_interfaces/msg/rosidl_generator_c__visibility_control.h
[7.391s] -- Installing: /home/saykabot/Desktop/ros2-ROV/rovws/install/my_robot_interfaces/include/my_robot_interfaces/my_robot_interfaces/msg/turtle.h
[7.392s] -- Installing: /home/saykabot/Desktop/ros2-ROV/rovws/install/my_robot_interfaces/share/my_robot_interfaces/environment/library_path.sh
[7.392s] -- Installing: /home/saykabot/Desktop/ros2-ROV/rovws/install/my_robot_interfaces/share/my_robot_interfaces/environment/library_path.dsv
[7.392s] -- Installing: /home/saykabot/Desktop/ros2-ROV/rovws/install/my_robot_interfaces/lib/libmy_robot_interfaces__rosidl_generator_c.so
[7.392s] -- Set runtime path of "/home/saykabot/Desktop/ros2-ROV/rovws/install/my_robot_interfaces/lib/libmy_robot_interfaces__rosidl_generator_c.so" to ""
[7.393s] -- Up-to-date: /home/saykabot/Desktop/ros2-ROV/rovws/install/my_robot_interfaces/include/my_robot_interfaces/my_robot_interfaces
[7.393s] -- Up-to-date: /home/saykabot/Desktop/ros2-ROV/rovws/install/my_robot_interfaces/include/my_robot_interfaces/my_robot_interfaces/srv
[7.393s] -- Up-to-date: /home/saykabot/Desktop/ros2-ROV/rovws/install/my_robot_interfaces/include/my_robot_interfaces/my_robot_interfaces/srv/detail
[7.393s] -- Installing: /home/saykabot/Desktop/ros2-ROV/rovws/install/my_robot_interfaces/include/my_robot_interfaces/my_robot_interfaces/srv/detail/compute_rectangle_area__rosidl_typesupport_fastrtps_c.h
[7.393s] -- Up-to-date: /home/saykabot/Desktop/ros2-ROV/rovws/install/my_robot_interfaces/include/my_robot_interfaces/my_robot_interfaces/msg
[7.393s] -- Up-to-date: /home/saykabot/Desktop/ros2-ROV/rovws/install/my_robot_interfaces/include/my_robot_interfaces/my_robot_interfaces/msg/detail
[7.393s] -- Installing: /home/saykabot/Desktop/ros2-ROV/rovws/install/my_robot_interfaces/include/my_robot_interfaces/my_robot_interfaces/msg/detail/pixhawk__rosidl_typesupport_fastrtps_c.h
[7.393s] -- Installing: /home/saykabot/Desktop/ros2-ROV/rovws/install/my_robot_interfaces/include/my_robot_interfaces/my_robot_interfaces/msg/detail/turtle__rosidl_typesupport_fastrtps_c.h
[7.393s] -- Installing: /home/saykabot/Desktop/ros2-ROV/rovws/install/my_robot_interfaces/include/my_robot_interfaces/my_robot_interfaces/msg/detail/hardware_status__rosidl_typesupport_fastrtps_c.h
[7.394s] -- Installing: /home/saykabot/Desktop/ros2-ROV/rovws/install/my_robot_interfaces/include/my_robot_interfaces/my_robot_interfaces/msg/detail/turtle_array__rosidl_typesupport_fastrtps_c.h
[7.394s] -- Installing: /home/saykabot/Desktop/ros2-ROV/rovws/install/my_robot_interfaces/include/my_robot_interfaces/my_robot_interfaces/msg/rosidl_typesupport_fastrtps_c__visibility_control.h
[7.394s] -- Installing: /home/saykabot/Desktop/ros2-ROV/rovws/install/my_robot_interfaces/lib/libmy_robot_interfaces__rosidl_typesupport_fastrtps_c.so
[7.394s] -- Set runtime path of "/home/saykabot/Desktop/ros2-ROV/rovws/install/my_robot_interfaces/lib/libmy_robot_interfaces__rosidl_typesupport_fastrtps_c.so" to ""
[7.394s] -- Up-to-date: /home/saykabot/Desktop/ros2-ROV/rovws/install/my_robot_interfaces/include/my_robot_interfaces/my_robot_interfaces
[7.394s] -- Up-to-date: /home/saykabot/Desktop/ros2-ROV/rovws/install/my_robot_interfaces/include/my_robot_interfaces/my_robot_interfaces/srv
[7.394s] -- Up-to-date: /home/saykabot/Desktop/ros2-ROV/rovws/install/my_robot_interfaces/include/my_robot_interfaces/my_robot_interfaces/srv/detail
[7.394s] -- Installing: /home/saykabot/Desktop/ros2-ROV/rovws/install/my_robot_interfaces/include/my_robot_interfaces/my_robot_interfaces/srv/detail/compute_rectangle_area__rosidl_typesupport_introspection_c.h
[7.394s] -- Installing: /home/saykabot/Desktop/ros2-ROV/rovws/install/my_robot_interfaces/include/my_robot_interfaces/my_robot_interfaces/srv/detail/compute_rectangle_area__type_support.c
[7.394s] -- Up-to-date: /home/saykabot/Desktop/ros2-ROV/rovws/install/my_robot_interfaces/include/my_robot_interfaces/my_robot_interfaces/msg
[7.395s] -- Installing: /home/saykabot/Desktop/ros2-ROV/rovws/install/my_robot_interfaces/include/my_robot_interfaces/my_robot_interfaces/msg/rosidl_typesupport_introspection_c__visibility_control.h
[7.395s] -- Up-to-date: /home/saykabot/Desktop/ros2-ROV/rovws/install/my_robot_interfaces/include/my_robot_interfaces/my_robot_interfaces/msg/detail
[7.395s] -- Installing: /home/saykabot/Desktop/ros2-ROV/rovws/install/my_robot_interfaces/include/my_robot_interfaces/my_robot_interfaces/msg/detail/turtle__type_support.c
[7.395s] -- Installing: /home/saykabot/Desktop/ros2-ROV/rovws/install/my_robot_interfaces/include/my_robot_interfaces/my_robot_interfaces/msg/detail/pixhawk__type_support.c
[7.395s] -- Installing: /home/saykabot/Desktop/ros2-ROV/rovws/install/my_robot_interfaces/include/my_robot_interfaces/my_robot_interfaces/msg/detail/turtle_array__rosidl_typesupport_introspection_c.h
[7.395s] -- Installing: /home/saykabot/Desktop/ros2-ROV/rovws/install/my_robot_interfaces/include/my_robot_interfaces/my_robot_interfaces/msg/detail/hardware_status__rosidl_typesupport_introspection_c.h
[7.395s] -- Installing: /home/saykabot/Desktop/ros2-ROV/rovws/install/my_robot_interfaces/include/my_robot_interfaces/my_robot_interfaces/msg/detail/pixhawk__rosidl_typesupport_introspection_c.h
[7.395s] -- Installing: /home/saykabot/Desktop/ros2-ROV/rovws/install/my_robot_interfaces/include/my_robot_interfaces/my_robot_interfaces/msg/detail/turtle_array__type_support.c
[7.395s] -- Installing: /home/saykabot/Desktop/ros2-ROV/rovws/install/my_robot_interfaces/include/my_robot_interfaces/my_robot_interfaces/msg/detail/hardware_status__type_support.c
[7.395s] -- Installing: /home/saykabot/Desktop/ros2-ROV/rovws/install/my_robot_interfaces/include/my_robot_interfaces/my_robot_interfaces/msg/detail/turtle__rosidl_typesupport_introspection_c.h
[7.396s] -- Installing: /home/saykabot/Desktop/ros2-ROV/rovws/install/my_robot_interfaces/lib/libmy_robot_interfaces__rosidl_typesupport_introspection_c.so
[7.396s] -- Set runtime path of "/home/saykabot/Desktop/ros2-ROV/rovws/install/my_robot_interfaces/lib/libmy_robot_interfaces__rosidl_typesupport_introspection_c.so" to ""
[7.396s] -- Installing: /home/saykabot/Desktop/ros2-ROV/rovws/install/my_robot_interfaces/lib/libmy_robot_interfaces__rosidl_typesupport_c.so
[7.396s] -- Set runtime path of "/home/saykabot/Desktop/ros2-ROV/rovws/install/my_robot_interfaces/lib/libmy_robot_interfaces__rosidl_typesupport_c.so" to ""
[7.397s] -- Up-to-date: /home/saykabot/Desktop/ros2-ROV/rovws/install/my_robot_interfaces/include/my_robot_interfaces/my_robot_interfaces
[7.397s] -- Up-to-date: /home/saykabot/Desktop/ros2-ROV/rovws/install/my_robot_interfaces/include/my_robot_interfaces/my_robot_interfaces/srv
[7.397s] -- Installing: /home/saykabot/Desktop/ros2-ROV/rovws/install/my_robot_interfaces/include/my_robot_interfaces/my_robot_interfaces/srv/compute_rectangle_area.hpp
[7.397s] -- Up-to-date: /home/saykabot/Desktop/ros2-ROV/rovws/install/my_robot_interfaces/include/my_robot_interfaces/my_robot_interfaces/srv/detail
[7.397s] -- Installing: /home/saykabot/Desktop/ros2-ROV/rovws/install/my_robot_interfaces/include/my_robot_interfaces/my_robot_interfaces/srv/detail/compute_rectangle_area__struct.hpp
[7.397s] -- Installing: /home/saykabot/Desktop/ros2-ROV/rovws/install/my_robot_interfaces/include/my_robot_interfaces/my_robot_interfaces/srv/detail/compute_rectangle_area__traits.hpp
[7.397s] -- Installing: /home/saykabot/Desktop/ros2-ROV/rovws/install/my_robot_interfaces/include/my_robot_interfaces/my_robot_interfaces/srv/detail/compute_rectangle_area__builder.hpp
[7.397s] -- Up-to-date: /home/saykabot/Desktop/ros2-ROV/rovws/install/my_robot_interfaces/include/my_robot_interfaces/my_robot_interfaces/msg
[7.397s] -- Installing: /home/saykabot/Desktop/ros2-ROV/rovws/install/my_robot_interfaces/include/my_robot_interfaces/my_robot_interfaces/msg/turtle_array.hpp
[7.397s] -- Installing: /home/saykabot/Desktop/ros2-ROV/rovws/install/my_robot_interfaces/include/my_robot_interfaces/my_robot_interfaces/msg/hardware_status.hpp
[7.397s] -- Installing: /home/saykabot/Desktop/ros2-ROV/rovws/install/my_robot_interfaces/include/my_robot_interfaces/my_robot_interfaces/msg/turtle.hpp
[7.397s] -- Installing: /home/saykabot/Desktop/ros2-ROV/rovws/install/my_robot_interfaces/include/my_robot_interfaces/my_robot_interfaces/msg/pixhawk.hpp
[7.398s] -- Up-to-date: /home/saykabot/Desktop/ros2-ROV/rovws/install/my_robot_interfaces/include/my_robot_interfaces/my_robot_interfaces/msg/detail
[7.398s] -- Installing: /home/saykabot/Desktop/ros2-ROV/rovws/install/my_robot_interfaces/include/my_robot_interfaces/my_robot_interfaces/msg/detail/turtle_array__traits.hpp
[7.398s] -- Installing: /home/saykabot/Desktop/ros2-ROV/rovws/install/my_robot_interfaces/include/my_robot_interfaces/my_robot_interfaces/msg/detail/pixhawk__struct.hpp
[7.398s] -- Installing: /home/saykabot/Desktop/ros2-ROV/rovws/install/my_robot_interfaces/include/my_robot_interfaces/my_robot_interfaces/msg/detail/pixhawk__builder.hpp
[7.398s] -- Installing: /home/saykabot/Desktop/ros2-ROV/rovws/install/my_robot_interfaces/include/my_robot_interfaces/my_robot_interfaces/msg/detail/hardware_status__builder.hpp
[7.398s] -- Installing: /home/saykabot/Desktop/ros2-ROV/rovws/install/my_robot_interfaces/include/my_robot_interfaces/my_robot_interfaces/msg/detail/hardware_status__struct.hpp
[7.398s] -- Installing: /home/saykabot/Desktop/ros2-ROV/rovws/install/my_robot_interfaces/include/my_robot_interfaces/my_robot_interfaces/msg/detail/turtle_array__builder.hpp
[7.398s] -- Installing: /home/saykabot/Desktop/ros2-ROV/rovws/install/my_robot_interfaces/include/my_robot_interfaces/my_robot_interfaces/msg/detail/turtle__traits.hpp
[7.399s] -- Installing: /home/saykabot/Desktop/ros2-ROV/rovws/install/my_robot_interfaces/include/my_robot_interfaces/my_robot_interfaces/msg/detail/turtle_array__struct.hpp
[7.399s] -- Installing: /home/saykabot/Desktop/ros2-ROV/rovws/install/my_robot_interfaces/include/my_robot_interfaces/my_robot_interfaces/msg/detail/hardware_status__traits.hpp
[7.399s] -- Installing: /home/saykabot/Desktop/ros2-ROV/rovws/install/my_robot_interfaces/include/my_robot_interfaces/my_robot_interfaces/msg/detail/pixhawk__traits.hpp
[7.399s] -- Installing: /home/saykabot/Desktop/ros2-ROV/rovws/install/my_robot_interfaces/include/my_robot_interfaces/my_robot_interfaces/msg/detail/turtle__struct.hpp
[7.399s] -- Installing: /home/saykabot/Desktop/ros2-ROV/rovws/install/my_robot_interfaces/include/my_robot_interfaces/my_robot_interfaces/msg/detail/turtle__builder.hpp
[7.399s] -- Up-to-date: /home/saykabot/Desktop/ros2-ROV/rovws/install/my_robot_interfaces/include/my_robot_interfaces/my_robot_interfaces
[7.399s] -- Up-to-date: /home/saykabot/Desktop/ros2-ROV/rovws/install/my_robot_interfaces/include/my_robot_interfaces/my_robot_interfaces/srv
[7.399s] -- Up-to-date: /home/saykabot/Desktop/ros2-ROV/rovws/install/my_robot_interfaces/include/my_robot_interfaces/my_robot_interfaces/srv/detail
[7.399s] -- Installing: /home/saykabot/Desktop/ros2-ROV/rovws/install/my_robot_interfaces/include/my_robot_interfaces/my_robot_interfaces/srv/detail/dds_fastrtps
[7.400s] -- Installing: /home/saykabot/Desktop/ros2-ROV/rovws/install/my_robot_interfaces/include/my_robot_interfaces/my_robot_interfaces/srv/detail/compute_rectangle_area__rosidl_typesupport_fastrtps_cpp.hpp
[7.400s] -- Up-to-date: /home/saykabot/Desktop/ros2-ROV/rovws/install/my_robot_interfaces/include/my_robot_interfaces/my_robot_interfaces/msg
[7.400s] -- Installing: /home/saykabot/Desktop/ros2-ROV/rovws/install/my_robot_interfaces/include/my_robot_interfaces/my_robot_interfaces/msg/rosidl_typesupport_fastrtps_cpp__visibility_control.h
[7.400s] -- Up-to-date: /home/saykabot/Desktop/ros2-ROV/rovws/install/my_robot_interfaces/include/my_robot_interfaces/my_robot_interfaces/msg/detail
[7.400s] -- Installing: /home/saykabot/Desktop/ros2-ROV/rovws/install/my_robot_interfaces/include/my_robot_interfaces/my_robot_interfaces/msg/detail/pixhawk__rosidl_typesupport_fastrtps_cpp.hpp
[7.400s] -- Installing: /home/saykabot/Desktop/ros2-ROV/rovws/install/my_robot_interfaces/include/my_robot_interfaces/my_robot_interfaces/msg/detail/turtle_array__rosidl_typesupport_fastrtps_cpp.hpp
[7.400s] -- Installing: /home/saykabot/Desktop/ros2-ROV/rovws/install/my_robot_interfaces/include/my_robot_interfaces/my_robot_interfaces/msg/detail/dds_fastrtps
[7.400s] -- Installing: /home/saykabot/Desktop/ros2-ROV/rovws/install/my_robot_interfaces/include/my_robot_interfaces/my_robot_interfaces/msg/detail/turtle__rosidl_typesupport_fastrtps_cpp.hpp
[7.400s] -- Installing: /home/saykabot/Desktop/ros2-ROV/rovws/install/my_robot_interfaces/include/my_robot_interfaces/my_robot_interfaces/msg/detail/hardware_status__rosidl_typesupport_fastrtps_cpp.hpp
[7.400s] -- Installing: /home/saykabot/Desktop/ros2-ROV/rovws/install/my_robot_interfaces/lib/libmy_robot_interfaces__rosidl_typesupport_fastrtps_cpp.so
[7.401s] -- Set runtime path of "/home/saykabot/Desktop/ros2-ROV/rovws/install/my_robot_interfaces/lib/libmy_robot_interfaces__rosidl_typesupport_fastrtps_cpp.so" to ""
[7.401s] -- Up-to-date: /home/saykabot/Desktop/ros2-ROV/rovws/install/my_robot_interfaces/include/my_robot_interfaces/my_robot_interfaces
[7.401s] -- Up-to-date: /home/saykabot/Desktop/ros2-ROV/rovws/install/my_robot_interfaces/include/my_robot_interfaces/my_robot_interfaces/srv
[7.401s] -- Up-to-date: /home/saykabot/Desktop/ros2-ROV/rovws/install/my_robot_interfaces/include/my_robot_interfaces/my_robot_interfaces/srv/detail
[7.401s] -- Installing: /home/saykabot/Desktop/ros2-ROV/rovws/install/my_robot_interfaces/include/my_robot_interfaces/my_robot_interfaces/srv/detail/compute_rectangle_area__rosidl_typesupport_introspection_cpp.hpp
[7.401s] -- Installing: /home/saykabot/Desktop/ros2-ROV/rovws/install/my_robot_interfaces/include/my_robot_interfaces/my_robot_interfaces/srv/detail/compute_rectangle_area__type_support.cpp
[7.401s] -- Up-to-date: /home/saykabot/Desktop/ros2-ROV/rovws/install/my_robot_interfaces/include/my_robot_interfaces/my_robot_interfaces/msg
[7.401s] -- Up-to-date: /home/saykabot/Desktop/ros2-ROV/rovws/install/my_robot_interfaces/include/my_robot_interfaces/my_robot_interfaces/msg/detail
[7.401s] -- Installing: /home/saykabot/Desktop/ros2-ROV/rovws/install/my_robot_interfaces/include/my_robot_interfaces/my_robot_interfaces/msg/detail/turtle_array__rosidl_typesupport_introspection_cpp.hpp
[7.401s] -- Installing: /home/saykabot/Desktop/ros2-ROV/rovws/install/my_robot_interfaces/include/my_robot_interfaces/my_robot_interfaces/msg/detail/hardware_status__type_support.cpp
[7.402s] -- Installing: /home/saykabot/Desktop/ros2-ROV/rovws/install/my_robot_interfaces/include/my_robot_interfaces/my_robot_interfaces/msg/detail/pixhawk__type_support.cpp
[7.402s] -- Installing: /home/saykabot/Desktop/ros2-ROV/rovws/install/my_robot_interfaces/include/my_robot_interfaces/my_robot_interfaces/msg/detail/turtle_array__type_support.cpp
[7.402s] -- Installing: /home/saykabot/Desktop/ros2-ROV/rovws/install/my_robot_interfaces/include/my_robot_interfaces/my_robot_interfaces/msg/detail/turtle__type_support.cpp
[7.402s] -- Installing: /home/saykabot/Desktop/ros2-ROV/rovws/install/my_robot_interfaces/include/my_robot_interfaces/my_robot_interfaces/msg/detail/turtle__rosidl_typesupport_introspection_cpp.hpp
[7.402s] -- Installing: /home/saykabot/Desktop/ros2-ROV/rovws/install/my_robot_interfaces/include/my_robot_interfaces/my_robot_interfaces/msg/detail/hardware_status__rosidl_typesupport_introspection_cpp.hpp
[7.402s] -- Installing: /home/saykabot/Desktop/ros2-ROV/rovws/install/my_robot_interfaces/include/my_robot_interfaces/my_robot_interfaces/msg/detail/pixhawk__rosidl_typesupport_introspection_cpp.hpp
[7.402s] -- Installing: /home/saykabot/Desktop/ros2-ROV/rovws/install/my_robot_interfaces/lib/libmy_robot_interfaces__rosidl_typesupport_introspection_cpp.so
[7.403s] -- Set runtime path of "/home/saykabot/Desktop/ros2-ROV/rovws/install/my_robot_interfaces/lib/libmy_robot_interfaces__rosidl_typesupport_introspection_cpp.so" to ""
[7.403s] -- Installing: /home/saykabot/Desktop/ros2-ROV/rovws/install/my_robot_interfaces/lib/libmy_robot_interfaces__rosidl_typesupport_cpp.so
[7.404s] -- Set runtime path of "/home/saykabot/Desktop/ros2-ROV/rovws/install/my_robot_interfaces/lib/libmy_robot_interfaces__rosidl_typesupport_cpp.so" to ""
[7.404s] -- Installing: /home/saykabot/Desktop/ros2-ROV/rovws/install/my_robot_interfaces/share/my_robot_interfaces/environment/pythonpath.sh
[7.404s] -- Installing: /home/saykabot/Desktop/ros2-ROV/rovws/install/my_robot_interfaces/share/my_robot_interfaces/environment/pythonpath.dsv
[7.404s] -- Installing: /home/saykabot/Desktop/ros2-ROV/rovws/install/my_robot_interfaces/local/lib/python3.10/dist-packages/my_robot_interfaces-0.0.0-py3.10.egg-info
[7.404s] -- Installing: /home/saykabot/Desktop/ros2-ROV/rovws/install/my_robot_interfaces/local/lib/python3.10/dist-packages/my_robot_interfaces-0.0.0-py3.10.egg-info/SOURCES.txt
[7.404s] -- Installing: /home/saykabot/Desktop/ros2-ROV/rovws/install/my_robot_interfaces/local/lib/python3.10/dist-packages/my_robot_interfaces-0.0.0-py3.10.egg-info/top_level.txt
[7.405s] -- Installing: /home/saykabot/Desktop/ros2-ROV/rovws/install/my_robot_interfaces/local/lib/python3.10/dist-packages/my_robot_interfaces-0.0.0-py3.10.egg-info/PKG-INFO
[7.405s] -- Installing: /home/saykabot/Desktop/ros2-ROV/rovws/install/my_robot_interfaces/local/lib/python3.10/dist-packages/my_robot_interfaces-0.0.0-py3.10.egg-info/dependency_links.txt
[7.405s] -- Installing: /home/saykabot/Desktop/ros2-ROV/rovws/install/my_robot_interfaces/local/lib/python3.10/dist-packages/my_robot_interfaces
[7.405s] -- Installing: /home/saykabot/Desktop/ros2-ROV/rovws/install/my_robot_interfaces/local/lib/python3.10/dist-packages/my_robot_interfaces/libmy_robot_interfaces__rosidl_generator_py.so
[7.405s] -- Installing: /home/saykabot/Desktop/ros2-ROV/rovws/install/my_robot_interfaces/local/lib/python3.10/dist-packages/my_robot_interfaces/_my_robot_interfaces_s.ep.rosidl_typesupport_fastrtps_c.c
[7.405s] -- Installing: /home/saykabot/Desktop/ros2-ROV/rovws/install/my_robot_interfaces/local/lib/python3.10/dist-packages/my_robot_interfaces/srv
[7.405s] -- Installing: /home/saykabot/Desktop/ros2-ROV/rovws/install/my_robot_interfaces/local/lib/python3.10/dist-packages/my_robot_interfaces/srv/_compute_rectangle_area_s.c
[7.405s] -- Installing: /home/saykabot/Desktop/ros2-ROV/rovws/install/my_robot_interfaces/local/lib/python3.10/dist-packages/my_robot_interfaces/srv/__init__.py
[7.406s] -- Installing: /home/saykabot/Desktop/ros2-ROV/rovws/install/my_robot_interfaces/local/lib/python3.10/dist-packages/my_robot_interfaces/srv/_compute_rectangle_area.py
[7.406s] -- Installing: /home/saykabot/Desktop/ros2-ROV/rovws/install/my_robot_interfaces/local/lib/python3.10/dist-packages/my_robot_interfaces/msg
[7.406s] -- Installing: /home/saykabot/Desktop/ros2-ROV/rovws/install/my_robot_interfaces/local/lib/python3.10/dist-packages/my_robot_interfaces/msg/_pixhawk_s.c
[7.406s] -- Installing: /home/saykabot/Desktop/ros2-ROV/rovws/install/my_robot_interfaces/local/lib/python3.10/dist-packages/my_robot_interfaces/msg/_hardware_status.py
[7.406s] -- Installing: /home/saykabot/Desktop/ros2-ROV/rovws/install/my_robot_interfaces/local/lib/python3.10/dist-packages/my_robot_interfaces/msg/_turtle_array_s.c
[7.406s] -- Installing: /home/saykabot/Desktop/ros2-ROV/rovws/install/my_robot_interfaces/local/lib/python3.10/dist-packages/my_robot_interfaces/msg/_turtle_array.py
[7.407s] -- Installing: /home/saykabot/Desktop/ros2-ROV/rovws/install/my_robot_interfaces/local/lib/python3.10/dist-packages/my_robot_interfaces/msg/_pixhawk.py
[7.407s] -- Installing: /home/saykabot/Desktop/ros2-ROV/rovws/install/my_robot_interfaces/local/lib/python3.10/dist-packages/my_robot_interfaces/msg/__init__.py
[7.407s] -- Installing: /home/saykabot/Desktop/ros2-ROV/rovws/install/my_robot_interfaces/local/lib/python3.10/dist-packages/my_robot_interfaces/msg/_turtle.py
[7.407s] -- Installing: /home/saykabot/Desktop/ros2-ROV/rovws/install/my_robot_interfaces/local/lib/python3.10/dist-packages/my_robot_interfaces/msg/_hardware_status_s.c
[7.407s] -- Installing: /home/saykabot/Desktop/ros2-ROV/rovws/install/my_robot_interfaces/local/lib/python3.10/dist-packages/my_robot_interfaces/msg/_turtle_s.c
[7.407s] -- Installing: /home/saykabot/Desktop/ros2-ROV/rovws/install/my_robot_interfaces/local/lib/python3.10/dist-packages/my_robot_interfaces/__init__.py
[7.407s] -- Installing: /home/saykabot/Desktop/ros2-ROV/rovws/install/my_robot_interfaces/local/lib/python3.10/dist-packages/my_robot_interfaces/_my_robot_interfaces_s.ep.rosidl_typesupport_introspection_c.c
[7.408s] -- Installing: /home/saykabot/Desktop/ros2-ROV/rovws/install/my_robot_interfaces/local/lib/python3.10/dist-packages/my_robot_interfaces/my_robot_interfaces_s__rosidl_typesupport_c.cpython-310-x86_64-linux-gnu.so
[7.408s] -- Installing: /home/saykabot/Desktop/ros2-ROV/rovws/install/my_robot_interfaces/local/lib/python3.10/dist-packages/my_robot_interfaces/my_robot_interfaces_s__rosidl_typesupport_fastrtps_c.cpython-310-x86_64-linux-gnu.so
[7.408s] -- Installing: /home/saykabot/Desktop/ros2-ROV/rovws/install/my_robot_interfaces/local/lib/python3.10/dist-packages/my_robot_interfaces/my_robot_interfaces_s__rosidl_typesupport_introspection_c.cpython-310-x86_64-linux-gnu.so
[7.408s] -- Installing: /home/saykabot/Desktop/ros2-ROV/rovws/install/my_robot_interfaces/local/lib/python3.10/dist-packages/my_robot_interfaces/_my_robot_interfaces_s.ep.rosidl_typesupport_c.c
[7.474s] Listing '/home/saykabot/Desktop/ros2-ROV/rovws/install/my_robot_interfaces/local/lib/python3.10/dist-packages/my_robot_interfaces'...
[7.474s] Compiling '/home/saykabot/Desktop/ros2-ROV/rovws/install/my_robot_interfaces/local/lib/python3.10/dist-packages/my_robot_interfaces/__init__.py'...
[7.474s] Listing '/home/saykabot/Desktop/ros2-ROV/rovws/install/my_robot_interfaces/local/lib/python3.10/dist-packages/my_robot_interfaces/msg'...
[7.474s] Compiling '/home/saykabot/Desktop/ros2-ROV/rovws/install/my_robot_interfaces/local/lib/python3.10/dist-packages/my_robot_interfaces/msg/__init__.py'...
[7.474s] Compiling '/home/saykabot/Desktop/ros2-ROV/rovws/install/my_robot_interfaces/local/lib/python3.10/dist-packages/my_robot_interfaces/msg/_hardware_status.py'...
[7.474s] Compiling '/home/saykabot/Desktop/ros2-ROV/rovws/install/my_robot_interfaces/local/lib/python3.10/dist-packages/my_robot_interfaces/msg/_pixhawk.py'...
[7.475s] Compiling '/home/saykabot/Desktop/ros2-ROV/rovws/install/my_robot_interfaces/local/lib/python3.10/dist-packages/my_robot_interfaces/msg/_turtle.py'...
[7.475s] Compiling '/home/saykabot/Desktop/ros2-ROV/rovws/install/my_robot_interfaces/local/lib/python3.10/dist-packages/my_robot_interfaces/msg/_turtle_array.py'...
[7.475s] Listing '/home/saykabot/Desktop/ros2-ROV/rovws/install/my_robot_interfaces/local/lib/python3.10/dist-packages/my_robot_interfaces/srv'...
[7.475s] Compiling '/home/saykabot/Desktop/ros2-ROV/rovws/install/my_robot_interfaces/local/lib/python3.10/dist-packages/my_robot_interfaces/srv/__init__.py'...
[7.475s] Compiling '/home/saykabot/Desktop/ros2-ROV/rovws/install/my_robot_interfaces/local/lib/python3.10/dist-packages/my_robot_interfaces/srv/_compute_rectangle_area.py'...
[7.479s] -- Installing: /home/saykabot/Desktop/ros2-ROV/rovws/install/my_robot_interfaces/local/lib/python3.10/dist-packages/my_robot_interfaces/my_robot_interfaces_s__rosidl_typesupport_fastrtps_c.cpython-310-x86_64-linux-gnu.so
[7.479s] -- Set runtime path of "/home/saykabot/Desktop/ros2-ROV/rovws/install/my_robot_interfaces/local/lib/python3.10/dist-packages/my_robot_interfaces/my_robot_interfaces_s__rosidl_typesupport_fastrtps_c.cpython-310-x86_64-linux-gnu.so" to ""
[7.480s] -- Installing: /home/saykabot/Desktop/ros2-ROV/rovws/install/my_robot_interfaces/local/lib/python3.10/dist-packages/my_robot_interfaces/my_robot_interfaces_s__rosidl_typesupport_introspection_c.cpython-310-x86_64-linux-gnu.so
[7.480s] -- Set runtime path of "/home/saykabot/Desktop/ros2-ROV/rovws/install/my_robot_interfaces/local/lib/python3.10/dist-packages/my_robot_interfaces/my_robot_interfaces_s__rosidl_typesupport_introspection_c.cpython-310-x86_64-linux-gnu.so" to ""
[7.480s] -- Installing: /home/saykabot/Desktop/ros2-ROV/rovws/install/my_robot_interfaces/local/lib/python3.10/dist-packages/my_robot_interfaces/my_robot_interfaces_s__rosidl_typesupport_c.cpython-310-x86_64-linux-gnu.so
[7.481s] -- Set runtime path of "/home/saykabot/Desktop/ros2-ROV/rovws/install/my_robot_interfaces/local/lib/python3.10/dist-packages/my_robot_interfaces/my_robot_interfaces_s__rosidl_typesupport_c.cpython-310-x86_64-linux-gnu.so" to ""
[7.481s] -- Installing: /home/saykabot/Desktop/ros2-ROV/rovws/install/my_robot_interfaces/lib/libmy_robot_interfaces__rosidl_generator_py.so
[7.482s] -- Set runtime path of "/home/saykabot/Desktop/ros2-ROV/rovws/install/my_robot_interfaces/lib/libmy_robot_interfaces__rosidl_generator_py.so" to ""
[7.482s] -- Installing: /home/saykabot/Desktop/ros2-ROV/rovws/install/my_robot_interfaces/share/my_robot_interfaces/msg/HardwareStatus.idl
[7.482s] -- Installing: /home/saykabot/Desktop/ros2-ROV/rovws/install/my_robot_interfaces/share/my_robot_interfaces/msg/Pixhawk.idl
[7.482s] -- Installing: /home/saykabot/Desktop/ros2-ROV/rovws/install/my_robot_interfaces/share/my_robot_interfaces/msg/Turtle.idl
[7.482s] -- Installing: /home/saykabot/Desktop/ros2-ROV/rovws/install/my_robot_interfaces/share/my_robot_interfaces/msg/TurtleArray.idl
[7.483s] -- Installing: /home/saykabot/Desktop/ros2-ROV/rovws/install/my_robot_interfaces/share/my_robot_interfaces/srv/ComputeRectangleArea.idl
[7.483s] -- Installing: /home/saykabot/Desktop/ros2-ROV/rovws/install/my_robot_interfaces/share/my_robot_interfaces/msg/HardwareStatus.msg
[7.483s] -- Installing: /home/saykabot/Desktop/ros2-ROV/rovws/install/my_robot_interfaces/share/my_robot_interfaces/msg/Pixhawk.msg
[7.483s] -- Installing: /home/saykabot/Desktop/ros2-ROV/rovws/install/my_robot_interfaces/share/my_robot_interfaces/msg/Turtle.msg
[7.484s] -- Installing: /home/saykabot/Desktop/ros2-ROV/rovws/install/my_robot_interfaces/share/my_robot_interfaces/msg/TurtleArray.msg
[7.484s] -- Installing: /home/saykabot/Desktop/ros2-ROV/rovws/install/my_robot_interfaces/share/my_robot_interfaces/srv/ComputeRectangleArea.srv
[7.484s] -- Installing: /home/saykabot/Desktop/ros2-ROV/rovws/install/my_robot_interfaces/share/my_robot_interfaces/srv/ComputeRectangleArea_Request.msg
[7.484s] -- Installing: /home/saykabot/Desktop/ros2-ROV/rovws/install/my_robot_interfaces/share/my_robot_interfaces/srv/ComputeRectangleArea_Response.msg
[7.484s] -- Installing: /home/saykabot/Desktop/ros2-ROV/rovws/install/my_robot_interfaces/share/ament_index/resource_index/package_run_dependencies/my_robot_interfaces
[7.485s] -- Installing: /home/saykabot/Desktop/ros2-ROV/rovws/install/my_robot_interfaces/share/ament_index/resource_index/parent_prefix_path/my_robot_interfaces
[7.485s] -- Installing: /home/saykabot/Desktop/ros2-ROV/rovws/install/my_robot_interfaces/share/my_robot_interfaces/environment/ament_prefix_path.sh
[7.485s] -- Installing: /home/saykabot/Desktop/ros2-ROV/rovws/install/my_robot_interfaces/share/my_robot_interfaces/environment/ament_prefix_path.dsv
[7.485s] -- Installing: /home/saykabot/Desktop/ros2-ROV/rovws/install/my_robot_interfaces/share/my_robot_interfaces/environment/path.sh
[7.485s] -- Installing: /home/saykabot/Desktop/ros2-ROV/rovws/install/my_robot_interfaces/share/my_robot_interfaces/environment/path.dsv
[7.486s] -- Installing: /home/saykabot/Desktop/ros2-ROV/rovws/install/my_robot_interfaces/share/my_robot_interfaces/local_setup.bash
[7.486s] -- Installing: /home/saykabot/Desktop/ros2-ROV/rovws/install/my_robot_interfaces/share/my_robot_interfaces/local_setup.sh
[7.486s] -- Installing: /home/saykabot/Desktop/ros2-ROV/rovws/install/my_robot_interfaces/share/my_robot_interfaces/local_setup.zsh
[7.486s] -- Installing: /home/saykabot/Desktop/ros2-ROV/rovws/install/my_robot_interfaces/share/my_robot_interfaces/local_setup.dsv
[7.486s] -- Installing: /home/saykabot/Desktop/ros2-ROV/rovws/install/my_robot_interfaces/share/my_robot_interfaces/package.dsv
[7.487s] -- Installing: /home/saykabot/Desktop/ros2-ROV/rovws/install/my_robot_interfaces/share/ament_index/resource_index/packages/my_robot_interfaces
[7.487s] -- Installing: /home/saykabot/Desktop/ros2-ROV/rovws/install/my_robot_interfaces/share/my_robot_interfaces/cmake/export_my_robot_interfaces__rosidl_generator_cExport.cmake
[7.487s] -- Installing: /home/saykabot/Desktop/ros2-ROV/rovws/install/my_robot_interfaces/share/my_robot_interfaces/cmake/export_my_robot_interfaces__rosidl_generator_cExport-noconfig.cmake
[7.487s] -- Installing: /home/saykabot/Desktop/ros2-ROV/rovws/install/my_robot_interfaces/share/my_robot_interfaces/cmake/export_my_robot_interfaces__rosidl_typesupport_fastrtps_cExport.cmake
[7.488s] -- Installing: /home/saykabot/Desktop/ros2-ROV/rovws/install/my_robot_interfaces/share/my_robot_interfaces/cmake/export_my_robot_interfaces__rosidl_typesupport_fastrtps_cExport-noconfig.cmake
[7.488s] -- Installing: /home/saykabot/Desktop/ros2-ROV/rovws/install/my_robot_interfaces/share/my_robot_interfaces/cmake/my_robot_interfaces__rosidl_typesupport_introspection_cExport.cmake
[7.488s] -- Installing: /home/saykabot/Desktop/ros2-ROV/rovws/install/my_robot_interfaces/share/my_robot_interfaces/cmake/my_robot_interfaces__rosidl_typesupport_introspection_cExport-noconfig.cmake
[7.488s] -- Installing: /home/saykabot/Desktop/ros2-ROV/rovws/install/my_robot_interfaces/share/my_robot_interfaces/cmake/my_robot_interfaces__rosidl_typesupport_cExport.cmake
[7.488s] -- Installing: /home/saykabot/Desktop/ros2-ROV/rovws/install/my_robot_interfaces/share/my_robot_interfaces/cmake/my_robot_interfaces__rosidl_typesupport_cExport-noconfig.cmake
[7.488s] -- Installing: /home/saykabot/Desktop/ros2-ROV/rovws/install/my_robot_interfaces/share/my_robot_interfaces/cmake/export_my_robot_interfaces__rosidl_generator_cppExport.cmake
[7.489s] -- Installing: /home/saykabot/Desktop/ros2-ROV/rovws/install/my_robot_interfaces/share/my_robot_interfaces/cmake/export_my_robot_interfaces__rosidl_typesupport_fastrtps_cppExport.cmake
[7.489s] -- Installing: /home/saykabot/Desktop/ros2-ROV/rovws/install/my_robot_interfaces/share/my_robot_interfaces/cmake/export_my_robot_interfaces__rosidl_typesupport_fastrtps_cppExport-noconfig.cmake
[7.489s] -- Installing: /home/saykabot/Desktop/ros2-ROV/rovws/install/my_robot_interfaces/share/my_robot_interfaces/cmake/my_robot_interfaces__rosidl_typesupport_introspection_cppExport.cmake
[7.489s] -- Installing: /home/saykabot/Desktop/ros2-ROV/rovws/install/my_robot_interfaces/share/my_robot_interfaces/cmake/my_robot_interfaces__rosidl_typesupport_introspection_cppExport-noconfig.cmake
[7.489s] -- Installing: /home/saykabot/Desktop/ros2-ROV/rovws/install/my_robot_interfaces/share/my_robot_interfaces/cmake/my_robot_interfaces__rosidl_typesupport_cppExport.cmake
[7.490s] -- Installing: /home/saykabot/Desktop/ros2-ROV/rovws/install/my_robot_interfaces/share/my_robot_interfaces/cmake/my_robot_interfaces__rosidl_typesupport_cppExport-noconfig.cmake
[7.490s] -- Installing: /home/saykabot/Desktop/ros2-ROV/rovws/install/my_robot_interfaces/share/my_robot_interfaces/cmake/export_my_robot_interfaces__rosidl_generator_pyExport.cmake
[7.490s] -- Installing: /home/saykabot/Desktop/ros2-ROV/rovws/install/my_robot_interfaces/share/my_robot_interfaces/cmake/export_my_robot_interfaces__rosidl_generator_pyExport-noconfig.cmake
[7.490s] -- Installing: /home/saykabot/Desktop/ros2-ROV/rovws/install/my_robot_interfaces/share/my_robot_interfaces/cmake/rosidl_cmake-extras.cmake
[7.490s] -- Installing: /home/saykabot/Desktop/ros2-ROV/rovws/install/my_robot_interfaces/share/my_robot_interfaces/cmake/ament_cmake_export_include_directories-extras.cmake
[7.491s] -- Installing: /home/saykabot/Desktop/ros2-ROV/rovws/install/my_robot_interfaces/share/my_robot_interfaces/cmake/ament_cmake_export_libraries-extras.cmake
[7.491s] -- Installing: /home/saykabot/Desktop/ros2-ROV/rovws/install/my_robot_interfaces/share/my_robot_interfaces/cmake/ament_cmake_export_targets-extras.cmake
[7.491s] -- Installing: /home/saykabot/Desktop/ros2-ROV/rovws/install/my_robot_interfaces/share/my_robot_interfaces/cmake/rosidl_cmake_export_typesupport_targets-extras.cmake
[7.491s] -- Installing: /home/saykabot/Desktop/ros2-ROV/rovws/install/my_robot_interfaces/share/my_robot_interfaces/cmake/ament_cmake_export_dependencies-extras.cmake
[7.491s] -- Installing: /home/saykabot/Desktop/ros2-ROV/rovws/install/my_robot_interfaces/share/my_robot_interfaces/cmake/rosidl_cmake_export_typesupport_libraries-extras.cmake
[7.491s] -- Installing: /home/saykabot/Desktop/ros2-ROV/rovws/install/my_robot_interfaces/share/my_robot_interfaces/cmake/my_robot_interfacesConfig.cmake
[7.491s] -- Installing: /home/saykabot/Desktop/ros2-ROV/rovws/install/my_robot_interfaces/share/my_robot_interfaces/cmake/my_robot_interfacesConfig-version.cmake
[7.492s] -- Installing: /home/saykabot/Desktop/ros2-ROV/rovws/install/my_robot_interfaces/share/my_robot_interfaces/package.xml
[7.495s] Invoked command in '/home/saykabot/Desktop/ros2-ROV/rovws/build/my_robot_interfaces' returned '0': CMAKE_PREFIX_PATH=${CMAKE_PREFIX_PATH}:/home/saykabot/Desktop/ros2ws/install/turtlesim_catch_them_all:/home/saykabot/Desktop/ros2ws/install/selfpypkg:/home/saykabot/Desktop/ros2ws/install/ros2_opencv:/home/saykabot/Desktop/ros2ws/install/py_turtlesim_catchthemall:/home/saykabot/Desktop/ros2ws/install/pixhawk_pkg:/home/saykabot/Desktop/ros2ws/install/my_py_pkg:/home/saykabot/Desktop/ros2ws/install/keyboard_teleop:/home/saykabot/Desktop/ros2ws/install/exam:/home/saykabot/Desktop/ros2ws/install/cam_pkg:/opt/ros/humble /usr/bin/cmake --install /home/saykabot/Desktop/ros2-ROV/rovws/build/my_robot_interfaces
