[1.762s] Invoking command in '/home/saykabot/Desktop/ros2-ROV/rovws/src/keyboard_teleop': PYTHONPATH=/home/saykabot/Desktop/ros2-ROV/rovws/build/keyboard_teleop/prefix_override:/home/saykabot/Desktop/ros2-ROV/rovws/install/keyboard_teleop/lib/python3.10/site-packages:${PYTHONPATH} /usr/bin/python3 -W ignore:setup.py install is deprecated setup.py egg_info --egg-base ../../build/keyboard_teleop build --build-base /home/saykabot/Desktop/ros2-ROV/rovws/build/keyboard_teleop/build install --record /home/saykabot/Desktop/ros2-ROV/rovws/build/keyboard_teleop/install.log --single-version-externally-managed install_data
[2.100s] running egg_info
[2.101s] writing ../../build/keyboard_teleop/keyboard_teleop.egg-info/PKG-INFO
[2.101s] writing dependency_links to ../../build/keyboard_teleop/keyboard_teleop.egg-info/dependency_links.txt
[2.102s] writing entry points to ../../build/keyboard_teleop/keyboard_teleop.egg-info/entry_points.txt
[2.102s] writing requirements to ../../build/keyboard_teleop/keyboard_teleop.egg-info/requires.txt
[2.103s] writing top-level names to ../../build/keyboard_teleop/keyboard_teleop.egg-info/top_level.txt
[2.106s] reading manifest file '../../build/keyboard_teleop/keyboard_teleop.egg-info/SOURCES.txt'
[2.108s] writing manifest file '../../build/keyboard_teleop/keyboard_teleop.egg-info/SOURCES.txt'
[2.108s] running build
[2.108s] running build_py
[2.108s] running install
[2.110s] running install_lib
[2.111s] byte-compiling /home/saykabot/Desktop/ros2-ROV/rovws/install/keyboard_teleop/lib/python3.10/site-packages/keyboard_teleop/keyboard.py to keyboard.cpython-310.pyc
[2.113s] byte-compiling /home/saykabot/Desktop/ros2-ROV/rovws/install/keyboard_teleop/lib/python3.10/site-packages/keyboard_teleop/__init__.py to __init__.cpython-310.pyc
[2.114s] running install_data
[2.114s] running install_egg_info
[2.116s] removing '/home/saykabot/Desktop/ros2-ROV/rovws/install/keyboard_teleop/lib/python3.10/site-packages/keyboard_teleop-0.0.0-py3.10.egg-info' (and everything under it)
[2.117s] Copying ../../build/keyboard_teleop/keyboard_teleop.egg-info to /home/saykabot/Desktop/ros2-ROV/rovws/install/keyboard_teleop/lib/python3.10/site-packages/keyboard_teleop-0.0.0-py3.10.egg-info
[2.118s] running install_scripts
[2.149s] Installing keyboard script to /home/saykabot/Desktop/ros2-ROV/rovws/install/keyboard_teleop/lib/keyboard_teleop
[2.149s] writing list of installed files to '/home/saykabot/Desktop/ros2-ROV/rovws/build/keyboard_teleop/install.log'
[2.197s] Invoked command in '/home/saykabot/Desktop/ros2-ROV/rovws/src/keyboard_teleop' returned '0': PYTHONPATH=/home/saykabot/Desktop/ros2-ROV/rovws/build/keyboard_teleop/prefix_override:/home/saykabot/Desktop/ros2-ROV/rovws/install/keyboard_teleop/lib/python3.10/site-packages:${PYTHONPATH} /usr/bin/python3 -W ignore:setup.py install is deprecated setup.py egg_info --egg-base ../../build/keyboard_teleop build --build-base /home/saykabot/Desktop/ros2-ROV/rovws/build/keyboard_teleop/build install --record /home/saykabot/Desktop/ros2-ROV/rovws/build/keyboard_teleop/install.log --single-version-externally-managed install_data
