-- Found ament_cmake: 1.3.8 (/opt/ros/humble/share/ament_cmake/cmake)
-- Found rclcpp: 16.0.8 (/opt/ros/humble/share/rclcpp/cmake)
-- Found rosidl_generator_c: 3.1.5 (/opt/ros/humble/share/rosidl_generator_c/cmake)
-- Found rosidl_adapter: 3.1.5 (/opt/ros/humble/share/rosidl_adapter/cmake)
-- Found rosidl_generator_cpp: 3.1.5 (/opt/ros/humble/share/rosidl_generator_cpp/cmake)
-- Using all available rosidl_typesupport_c: rosidl_typesupport_fastrtps_c;rosidl_typesupport_introspection_c
-- Using all available rosidl_typesupport_cpp: rosidl_typesupport_fastrtps_cpp;rosidl_typesupport_introspection_cpp
-- Found rmw_implementation_cmake: 6.1.1 (/opt/ros/humble/share/rmw_implementation_cmake/cmake)
-- Found rmw_fastrtps_cpp: 6.2.6 (/opt/ros/humble/share/rmw_fastrtps_cpp/cmake)
-- Using RMW implementation 'rmw_fastrtps_cpp' as default
-- Found example_interfaces: 0.9.3 (/opt/ros/humble/share/example_interfaces/cmake)
-- Configuring done
[33mCMake Warning (dev) at CMakeLists.txt:13 (add_executable):
  Policy CMP0115 is not set: Source file extensions must be explicit.  Run
  "cmake --help-policy CMP0115" for policy details.  Use the cmake_policy
  command to set the policy and suppress this warning.

  File:

    /home/saykabot/AkilliMekatronikSistemler/ros2-ROV/rovws/src/cpp_pkg/src/cppnode.cpp
This warning is for project developers.  Use -Wno-dev to suppress it.
[0m
-- Generating done
-- Build files have been written to: /home/saykabot/AkilliMekatronikSistemler/ros2-ROV/rovws/build/cpp_pkg
[35m[1mConsolidate compiler generated dependencies of target cppnode[0m
[ 16%] [32mBuilding CXX object CMakeFiles/number_counter.dir/src/number_counter.cpp.o[0m
[ 33%] [32mBuilding CXX object CMakeFiles/number_publisher.dir/src/number_publisher.cpp.o[0m
[ 50%] [32mBuilding CXX object CMakeFiles/cppnode.dir/src/cppnode.cpp.o[0m
[ 66%] [32m[1mLinking CXX executable cppnode[0m
[ 66%] Built target cppnode
[ 83%] [32m[1mLinking CXX executable number_publisher[0m
[ 83%] Built target number_publisher
[100%] [32m[1mLinking CXX executable number_counter[0m
[100%] Built target number_counter
-- Install configuration: ""
-- Installing: /home/saykabot/AkilliMekatronikSistemler/ros2-ROV/rovws/install/cpp_pkg/lib/cpp_pkg/cppnode
-- Set runtime path of "/home/saykabot/AkilliMekatronikSistemler/ros2-ROV/rovws/install/cpp_pkg/lib/cpp_pkg/cppnode" to ""
-- Installing: /home/saykabot/AkilliMekatronikSistemler/ros2-ROV/rovws/install/cpp_pkg/lib/cpp_pkg/number_counter
-- Set runtime path of "/home/saykabot/AkilliMekatronikSistemler/ros2-ROV/rovws/install/cpp_pkg/lib/cpp_pkg/number_counter" to ""
-- Installing: /home/saykabot/AkilliMekatronikSistemler/ros2-ROV/rovws/install/cpp_pkg/lib/cpp_pkg/number_publisher
-- Set runtime path of "/home/saykabot/AkilliMekatronikSistemler/ros2-ROV/rovws/install/cpp_pkg/lib/cpp_pkg/number_publisher" to ""
-- Installing: /home/saykabot/AkilliMekatronikSistemler/ros2-ROV/rovws/install/cpp_pkg/share/ament_index/resource_index/package_run_dependencies/cpp_pkg
-- Installing: /home/saykabot/AkilliMekatronikSistemler/ros2-ROV/rovws/install/cpp_pkg/share/ament_index/resource_index/parent_prefix_path/cpp_pkg
-- Installing: /home/saykabot/AkilliMekatronikSistemler/ros2-ROV/rovws/install/cpp_pkg/share/cpp_pkg/environment/ament_prefix_path.sh
-- Installing: /home/saykabot/AkilliMekatronikSistemler/ros2-ROV/rovws/install/cpp_pkg/share/cpp_pkg/environment/ament_prefix_path.dsv
-- Installing: /home/saykabot/AkilliMekatronikSistemler/ros2-ROV/rovws/install/cpp_pkg/share/cpp_pkg/environment/path.sh
-- Installing: /home/saykabot/AkilliMekatronikSistemler/ros2-ROV/rovws/install/cpp_pkg/share/cpp_pkg/environment/path.dsv
-- Up-to-date: /home/saykabot/AkilliMekatronikSistemler/ros2-ROV/rovws/install/cpp_pkg/share/cpp_pkg/local_setup.bash
-- Up-to-date: /home/saykabot/AkilliMekatronikSistemler/ros2-ROV/rovws/install/cpp_pkg/share/cpp_pkg/local_setup.sh
-- Up-to-date: /home/saykabot/AkilliMekatronikSistemler/ros2-ROV/rovws/install/cpp_pkg/share/cpp_pkg/local_setup.zsh
-- Installing: /home/saykabot/AkilliMekatronikSistemler/ros2-ROV/rovws/install/cpp_pkg/share/cpp_pkg/local_setup.dsv
-- Installing: /home/saykabot/AkilliMekatronikSistemler/ros2-ROV/rovws/install/cpp_pkg/share/cpp_pkg/package.dsv
-- Up-to-date: /home/saykabot/AkilliMekatronikSistemler/ros2-ROV/rovws/install/cpp_pkg/share/ament_index/resource_index/packages/cpp_pkg
-- Up-to-date: /home/saykabot/AkilliMekatronikSistemler/ros2-ROV/rovws/install/cpp_pkg/share/cpp_pkg/cmake/cpp_pkgConfig.cmake
-- Up-to-date: /home/saykabot/AkilliMekatronikSistemler/ros2-ROV/rovws/install/cpp_pkg/share/cpp_pkg/cmake/cpp_pkgConfig-version.cmake
-- Installing: /home/saykabot/AkilliMekatronikSistemler/ros2-ROV/rovws/install/cpp_pkg/share/cpp_pkg/package.xml
