running egg_info
creating ../../build/pixhawk_pkg/pixhawk_pkg.egg-info
writing ../../build/pixhawk_pkg/pixhawk_pkg.egg-info/PKG-INFO
writing dependency_links to ../../build/pixhawk_pkg/pixhawk_pkg.egg-info/dependency_links.txt
writing entry points to ../../build/pixhawk_pkg/pixhawk_pkg.egg-info/entry_points.txt
writing requirements to ../../build/pixhawk_pkg/pixhawk_pkg.egg-info/requires.txt
writing top-level names to ../../build/pixhawk_pkg/pixhawk_pkg.egg-info/top_level.txt
writing manifest file '../../build/pixhawk_pkg/pixhawk_pkg.egg-info/SOURCES.txt'
reading manifest file '../../build/pixhawk_pkg/pixhawk_pkg.egg-info/SOURCES.txt'
writing manifest file '../../build/pixhawk_pkg/pixhawk_pkg.egg-info/SOURCES.txt'
running build
running build_py
creating /home/saykabot/Desktop/ros2-ROV/rovws/build/pixhawk_pkg/build
creating /home/saykabot/Desktop/ros2-ROV/rovws/build/pixhawk_pkg/build/lib
creating /home/saykabot/Desktop/ros2-ROV/rovws/build/pixhawk_pkg/build/lib/pixhawk_pkg
copying pixhawk_pkg/pix_pub.py -> /home/saykabot/Desktop/ros2-ROV/rovws/build/pixhawk_pkg/build/lib/pixhawk_pkg
copying pixhawk_pkg/__init__.py -> /home/saykabot/Desktop/ros2-ROV/rovws/build/pixhawk_pkg/build/lib/pixhawk_pkg
running install
running install_lib
creating /home/saykabot/Desktop/ros2-ROV/rovws/install/pixhawk_pkg/lib/python3.10/site-packages/pixhawk_pkg
copying /home/saykabot/Desktop/ros2-ROV/rovws/build/pixhawk_pkg/build/lib/pixhawk_pkg/pix_pub.py -> /home/saykabot/Desktop/ros2-ROV/rovws/install/pixhawk_pkg/lib/python3.10/site-packages/pixhawk_pkg
copying /home/saykabot/Desktop/ros2-ROV/rovws/build/pixhawk_pkg/build/lib/pixhawk_pkg/__init__.py -> /home/saykabot/Desktop/ros2-ROV/rovws/install/pixhawk_pkg/lib/python3.10/site-packages/pixhawk_pkg
byte-compiling /home/saykabot/Desktop/ros2-ROV/rovws/install/pixhawk_pkg/lib/python3.10/site-packages/pixhawk_pkg/pix_pub.py to pix_pub.cpython-310.pyc
byte-compiling /home/saykabot/Desktop/ros2-ROV/rovws/install/pixhawk_pkg/lib/python3.10/site-packages/pixhawk_pkg/__init__.py to __init__.cpython-310.pyc
running install_data
creating /home/saykabot/Desktop/ros2-ROV/rovws/install/pixhawk_pkg/share/ament_index
creating /home/saykabot/Desktop/ros2-ROV/rovws/install/pixhawk_pkg/share/ament_index/resource_index
creating /home/saykabot/Desktop/ros2-ROV/rovws/install/pixhawk_pkg/share/ament_index/resource_index/packages
copying resource/pixhawk_pkg -> /home/saykabot/Desktop/ros2-ROV/rovws/install/pixhawk_pkg/share/ament_index/resource_index/packages
copying package.xml -> /home/saykabot/Desktop/ros2-ROV/rovws/install/pixhawk_pkg/share/pixhawk_pkg
running install_egg_info
Copying ../../build/pixhawk_pkg/pixhawk_pkg.egg-info to /home/saykabot/Desktop/ros2-ROV/rovws/install/pixhawk_pkg/lib/python3.10/site-packages/pixhawk_pkg-0.0.0-py3.10.egg-info
running install_scripts
Installing pix_pub script to /home/saykabot/Desktop/ros2-ROV/rovws/install/pixhawk_pkg/lib/pixhawk_pkg
writing list of installed files to '/home/saykabot/Desktop/ros2-ROV/rovws/build/pixhawk_pkg/install.log'
