running egg_info
writing ../../build/camera_pkg/camera_pkg.egg-info/PKG-INFO
writing dependency_links to ../../build/camera_pkg/camera_pkg.egg-info/dependency_links.txt
writing entry points to ../../build/camera_pkg/camera_pkg.egg-info/entry_points.txt
writing requirements to ../../build/camera_pkg/camera_pkg.egg-info/requires.txt
writing top-level names to ../../build/camera_pkg/camera_pkg.egg-info/top_level.txt
reading manifest file '../../build/camera_pkg/camera_pkg.egg-info/SOURCES.txt'
writing manifest file '../../build/camera_pkg/camera_pkg.egg-info/SOURCES.txt'
running build
running build_py
running install
running install_lib
byte-compiling /home/saykabot/Desktop/ros2-ROV/rovws/install/camera_pkg/lib/python3.10/site-packages/camera_pkg/subscriberImage.py to subscriberImage.cpython-310.pyc
byte-compiling /home/saykabot/Desktop/ros2-ROV/rovws/install/camera_pkg/lib/python3.10/site-packages/camera_pkg/__init__.py to __init__.cpython-310.pyc
byte-compiling /home/saykabot/Desktop/ros2-ROV/rovws/install/camera_pkg/lib/python3.10/site-packages/camera_pkg/cameraPublisher.py to cameraPublisher.cpython-310.pyc
running install_data
running install_egg_info
removing '/home/saykabot/Desktop/ros2-ROV/rovws/install/camera_pkg/lib/python3.10/site-packages/camera_pkg-0.0.0-py3.10.egg-info' (and everything under it)
Copying ../../build/camera_pkg/camera_pkg.egg-info to /home/saykabot/Desktop/ros2-ROV/rovws/install/camera_pkg/lib/python3.10/site-packages/camera_pkg-0.0.0-py3.10.egg-info
running install_scripts
Installing publisher_node script to /home/saykabot/Desktop/ros2-ROV/rovws/install/camera_pkg/lib/camera_pkg
Installing subscriber_node script to /home/saykabot/Desktop/ros2-ROV/rovws/install/camera_pkg/lib/camera_pkg
writing list of installed files to '/home/saykabot/Desktop/ros2-ROV/rovws/build/camera_pkg/install.log'
