[1.551s] Invoking command in '/home/saykabot/Desktop/ros2-ROV/rovws/src/camera_pkg': PYTHONPATH=/home/saykabot/Desktop/ros2-ROV/rovws/build/camera_pkg/prefix_override:/home/saykabot/Desktop/ros2-ROV/rovws/install/camera_pkg/lib/python3.10/site-packages:${PYTHONPATH} /usr/bin/python3 -W ignore:setup.py install is deprecated setup.py egg_info --egg-base ../../build/camera_pkg build --build-base /home/saykabot/Desktop/ros2-ROV/rovws/build/camera_pkg/build install --record /home/saykabot/Desktop/ros2-ROV/rovws/build/camera_pkg/install.log --single-version-externally-managed install_data
[1.904s] running egg_info
[1.905s] writing ../../build/camera_pkg/camera_pkg.egg-info/PKG-INFO
[1.905s] writing dependency_links to ../../build/camera_pkg/camera_pkg.egg-info/dependency_links.txt
[1.906s] writing entry points to ../../build/camera_pkg/camera_pkg.egg-info/entry_points.txt
[1.906s] writing requirements to ../../build/camera_pkg/camera_pkg.egg-info/requires.txt
[1.906s] writing top-level names to ../../build/camera_pkg/camera_pkg.egg-info/top_level.txt
[1.909s] reading manifest file '../../build/camera_pkg/camera_pkg.egg-info/SOURCES.txt'
[1.910s] writing manifest file '../../build/camera_pkg/camera_pkg.egg-info/SOURCES.txt'
[1.911s] running build
[1.911s] running build_py
[1.911s] running install
[1.911s] running install_lib
[1.913s] byte-compiling /home/saykabot/Desktop/ros2-ROV/rovws/install/camera_pkg/lib/python3.10/site-packages/camera_pkg/subscriberImage.py to subscriberImage.cpython-310.pyc
[1.913s] byte-compiling /home/saykabot/Desktop/ros2-ROV/rovws/install/camera_pkg/lib/python3.10/site-packages/camera_pkg/__init__.py to __init__.cpython-310.pyc
[1.914s] byte-compiling /home/saykabot/Desktop/ros2-ROV/rovws/install/camera_pkg/lib/python3.10/site-packages/camera_pkg/cameraPublisher.py to cameraPublisher.cpython-310.pyc
[1.914s] running install_data
[1.914s] running install_egg_info
[1.917s] removing '/home/saykabot/Desktop/ros2-ROV/rovws/install/camera_pkg/lib/python3.10/site-packages/camera_pkg-0.0.0-py3.10.egg-info' (and everything under it)
[1.917s] Copying ../../build/camera_pkg/camera_pkg.egg-info to /home/saykabot/Desktop/ros2-ROV/rovws/install/camera_pkg/lib/python3.10/site-packages/camera_pkg-0.0.0-py3.10.egg-info
[1.918s] running install_scripts
[1.943s] Installing publisher_node script to /home/saykabot/Desktop/ros2-ROV/rovws/install/camera_pkg/lib/camera_pkg
[1.943s] Installing subscriber_node script to /home/saykabot/Desktop/ros2-ROV/rovws/install/camera_pkg/lib/camera_pkg
[1.944s] writing list of installed files to '/home/saykabot/Desktop/ros2-ROV/rovws/build/camera_pkg/install.log'
[1.978s] Invoked command in '/home/saykabot/Desktop/ros2-ROV/rovws/src/camera_pkg' returned '0': PYTHONPATH=/home/saykabot/Desktop/ros2-ROV/rovws/build/camera_pkg/prefix_override:/home/saykabot/Desktop/ros2-ROV/rovws/install/camera_pkg/lib/python3.10/site-packages:${PYTHONPATH} /usr/bin/python3 -W ignore:setup.py install is deprecated setup.py egg_info --egg-base ../../build/camera_pkg build --build-base /home/saykabot/Desktop/ros2-ROV/rovws/build/camera_pkg/build install --record /home/saykabot/Desktop/ros2-ROV/rovws/build/camera_pkg/install.log --single-version-externally-managed install_data
