[0.305s] Invoking command in '/home/saykabot/Desktop/ros2-ROV/rovws/build/cpp_pkg': CMAKE_PREFIX_PATH=${CMAKE_PREFIX_PATH}:/home/saykabot/Desktop/ros2ws/install/turtlesim_catch_them_all:/home/saykabot/Desktop/ros2ws/install/selfpypkg:/home/saykabot/Desktop/ros2ws/install/ros2_opencv:/home/saykabot/Desktop/ros2ws/install/py_turtlesim_catchthemall:/home/saykabot/Desktop/ros2ws/install/pixhawk_pkg:/home/saykabot/Desktop/ros2ws/install/my_py_pkg:/home/saykabot/Desktop/ros2ws/install/keyboard_teleop:/home/saykabot/Desktop/ros2ws/install/exam:/home/saykabot/Desktop/ros2ws/install/cam_pkg:/opt/ros/humble /usr/bin/cmake /home/saykabot/Desktop/ros2-ROV/rovws/src/cpp_pkg -DCMAKE_INSTALL_PREFIX=/home/saykabot/Desktop/ros2-ROV/rovws/install/cpp_pkg
[1.192s] -- The C compiler identification is GNU 11.4.0
[1.192s] -- The CXX compiler identification is GNU 11.4.0
[1.193s] -- Detecting C compiler ABI info
[1.193s] -- Detecting C compiler ABI info - done
[1.194s] -- Check for working C compiler: /usr/bin/cc - skipped
[1.195s] -- Detecting C compile features
[1.195s] -- Detecting C compile features - done
[1.195s] -- Detecting CXX compiler ABI info
[1.196s] -- Detecting CXX compiler ABI info - done
[1.197s] -- Check for working CXX compiler: /usr/bin/c++ - skipped
[1.197s] -- Detecting CXX compile features
[1.197s] -- Detecting CXX compile features - done
[1.198s] -- Found ament_cmake: 1.3.8 (/opt/ros/humble/share/ament_cmake/cmake)
[1.198s] -- Found Python3: /usr/bin/python3 (found version "3.10.12") found components: Interpreter 
[1.199s] -- Found rclcpp: 16.0.8 (/opt/ros/humble/share/rclcpp/cmake)
[1.200s] -- Found rosidl_generator_c: 3.1.5 (/opt/ros/humble/share/rosidl_generator_c/cmake)
[1.200s] -- Found rosidl_adapter: 3.1.5 (/opt/ros/humble/share/rosidl_adapter/cmake)
[1.200s] -- Found rosidl_generator_cpp: 3.1.5 (/opt/ros/humble/share/rosidl_generator_cpp/cmake)
[1.201s] -- Using all available rosidl_typesupport_c: rosidl_typesupport_fastrtps_c;rosidl_typesupport_introspection_c
[1.201s] -- Using all available rosidl_typesupport_cpp: rosidl_typesupport_fastrtps_cpp;rosidl_typesupport_introspection_cpp
[1.201s] -- Found rmw_implementation_cmake: 6.1.1 (/opt/ros/humble/share/rmw_implementation_cmake/cmake)
[1.201s] -- Found rmw_fastrtps_cpp: 6.2.6 (/opt/ros/humble/share/rmw_fastrtps_cpp/cmake)
[1.244s] -- Found OpenSSL: /usr/lib/x86_64-linux-gnu/libcrypto.so (found version "3.0.2")  
[1.293s] -- Found FastRTPS: /opt/ros/humble/include  
[1.381s] -- Using RMW implementation 'rmw_fastrtps_cpp' as default
[1.405s] -- Looking for pthread.h
[1.516s] -- Looking for pthread.h - found
[1.517s] -- Performing Test CMAKE_HAVE_LIBC_PTHREAD
[1.605s] -- Performing Test CMAKE_HAVE_LIBC_PTHREAD - Success
[1.607s] -- Found Threads: TRUE  
[1.956s] -- Found example_interfaces: 0.9.3 (/opt/ros/humble/share/example_interfaces/cmake)
[2.357s] -- Configuring done
[2.362s] [33mCMake Warning (dev) at CMakeLists.txt:13 (add_executable):
[2.362s]   Policy CMP0115 is not set: Source file extensions must be explicit.  Run
[2.363s]   "cmake --help-policy CMP0115" for policy details.  Use the cmake_policy
[2.363s]   command to set the policy and suppress this warning.
[2.363s] 
[2.364s]   File:
[2.364s] 
[2.364s]     /home/saykabot/Desktop/ros2-ROV/rovws/src/cpp_pkg/src/cppnode.cpp
[2.364s] This warning is for project developers.  Use -Wno-dev to suppress it.
[2.365s] [0m
[2.379s] -- Generating done
[2.382s] -- Build files have been written to: /home/saykabot/Desktop/ros2-ROV/rovws/build/cpp_pkg
[2.393s] Invoked command in '/home/saykabot/Desktop/ros2-ROV/rovws/build/cpp_pkg' returned '0': CMAKE_PREFIX_PATH=${CMAKE_PREFIX_PATH}:/home/saykabot/Desktop/ros2ws/install/turtlesim_catch_them_all:/home/saykabot/Desktop/ros2ws/install/selfpypkg:/home/saykabot/Desktop/ros2ws/install/ros2_opencv:/home/saykabot/Desktop/ros2ws/install/py_turtlesim_catchthemall:/home/saykabot/Desktop/ros2ws/install/pixhawk_pkg:/home/saykabot/Desktop/ros2ws/install/my_py_pkg:/home/saykabot/Desktop/ros2ws/install/keyboard_teleop:/home/saykabot/Desktop/ros2ws/install/exam:/home/saykabot/Desktop/ros2ws/install/cam_pkg:/opt/ros/humble /usr/bin/cmake /home/saykabot/Desktop/ros2-ROV/rovws/src/cpp_pkg -DCMAKE_INSTALL_PREFIX=/home/saykabot/Desktop/ros2-ROV/rovws/install/cpp_pkg
[2.395s] Invoking command in '/home/saykabot/Desktop/ros2-ROV/rovws/build/cpp_pkg': CMAKE_PREFIX_PATH=${CMAKE_PREFIX_PATH}:/home/saykabot/Desktop/ros2ws/install/turtlesim_catch_them_all:/home/saykabot/Desktop/ros2ws/install/selfpypkg:/home/saykabot/Desktop/ros2ws/install/ros2_opencv:/home/saykabot/Desktop/ros2ws/install/py_turtlesim_catchthemall:/home/saykabot/Desktop/ros2ws/install/pixhawk_pkg:/home/saykabot/Desktop/ros2ws/install/my_py_pkg:/home/saykabot/Desktop/ros2ws/install/keyboard_teleop:/home/saykabot/Desktop/ros2ws/install/exam:/home/saykabot/Desktop/ros2ws/install/cam_pkg:/opt/ros/humble /usr/bin/cmake --build /home/saykabot/Desktop/ros2-ROV/rovws/build/cpp_pkg -- -j8 -l8
[2.441s] [35m[1mConsolidate compiler generated dependencies of target number_publisher[0m
[2.441s] [35m[1mConsolidate compiler generated dependencies of target number_counter[0m
[2.444s] [35m[1mConsolidate compiler generated dependencies of target cppnode[0m
[2.479s] [ 50%] [32mBuilding CXX object CMakeFiles/cppnode.dir/src/cppnode.cpp.o[0m
[2.479s] [ 50%] [32mBuilding CXX object CMakeFiles/number_counter.dir/src/number_counter.cpp.o[0m
[2.479s] [ 50%] [32mBuilding CXX object CMakeFiles/number_publisher.dir/src/number_publisher.cpp.o[0m
[5.788s] [ 66%] [32m[1mLinking CXX executable cppnode[0m
[5.965s] [ 66%] Built target cppnode
[7.344s] [ 83%] [32m[1mLinking CXX executable number_publisher[0m
[7.597s] [ 83%] Built target number_publisher
[11.439s] [100%] [32m[1mLinking CXX executable number_counter[0m
[11.903s] [100%] Built target number_counter
[11.915s] Invoked command in '/home/saykabot/Desktop/ros2-ROV/rovws/build/cpp_pkg' returned '0': CMAKE_PREFIX_PATH=${CMAKE_PREFIX_PATH}:/home/saykabot/Desktop/ros2ws/install/turtlesim_catch_them_all:/home/saykabot/Desktop/ros2ws/install/selfpypkg:/home/saykabot/Desktop/ros2ws/install/ros2_opencv:/home/saykabot/Desktop/ros2ws/install/py_turtlesim_catchthemall:/home/saykabot/Desktop/ros2ws/install/pixhawk_pkg:/home/saykabot/Desktop/ros2ws/install/my_py_pkg:/home/saykabot/Desktop/ros2ws/install/keyboard_teleop:/home/saykabot/Desktop/ros2ws/install/exam:/home/saykabot/Desktop/ros2ws/install/cam_pkg:/opt/ros/humble /usr/bin/cmake --build /home/saykabot/Desktop/ros2-ROV/rovws/build/cpp_pkg -- -j8 -l8
[11.960s] Invoking command in '/home/saykabot/Desktop/ros2-ROV/rovws/build/cpp_pkg': CMAKE_PREFIX_PATH=${CMAKE_PREFIX_PATH}:/home/saykabot/Desktop/ros2ws/install/turtlesim_catch_them_all:/home/saykabot/Desktop/ros2ws/install/selfpypkg:/home/saykabot/Desktop/ros2ws/install/ros2_opencv:/home/saykabot/Desktop/ros2ws/install/py_turtlesim_catchthemall:/home/saykabot/Desktop/ros2ws/install/pixhawk_pkg:/home/saykabot/Desktop/ros2ws/install/my_py_pkg:/home/saykabot/Desktop/ros2ws/install/keyboard_teleop:/home/saykabot/Desktop/ros2ws/install/exam:/home/saykabot/Desktop/ros2ws/install/cam_pkg:/opt/ros/humble /usr/bin/cmake --install /home/saykabot/Desktop/ros2-ROV/rovws/build/cpp_pkg
[11.968s] -- Install configuration: ""
[11.969s] -- Installing: /home/saykabot/Desktop/ros2-ROV/rovws/install/cpp_pkg/lib/cpp_pkg/cppnode
[11.970s] -- Set runtime path of "/home/saykabot/Desktop/ros2-ROV/rovws/install/cpp_pkg/lib/cpp_pkg/cppnode" to ""
[11.971s] -- Installing: /home/saykabot/Desktop/ros2-ROV/rovws/install/cpp_pkg/lib/cpp_pkg/number_counter
[11.975s] -- Set runtime path of "/home/saykabot/Desktop/ros2-ROV/rovws/install/cpp_pkg/lib/cpp_pkg/number_counter" to ""
[12.000s] -- Installing: /home/saykabot/Desktop/ros2-ROV/rovws/install/cpp_pkg/lib/cpp_pkg/number_publisher
[12.001s] -- Set runtime path of "/home/saykabot/Desktop/ros2-ROV/rovws/install/cpp_pkg/lib/cpp_pkg/number_publisher" to ""
[12.002s] -- Up-to-date: /home/saykabot/Desktop/ros2-ROV/rovws/install/cpp_pkg/share/ament_index/resource_index/package_run_dependencies/cpp_pkg
[12.002s] -- Installing: /home/saykabot/Desktop/ros2-ROV/rovws/install/cpp_pkg/share/ament_index/resource_index/parent_prefix_path/cpp_pkg
[12.002s] -- Installing: /home/saykabot/Desktop/ros2-ROV/rovws/install/cpp_pkg/share/cpp_pkg/environment/ament_prefix_path.sh
[12.002s] -- Installing: /home/saykabot/Desktop/ros2-ROV/rovws/install/cpp_pkg/share/cpp_pkg/environment/ament_prefix_path.dsv
[12.002s] -- Installing: /home/saykabot/Desktop/ros2-ROV/rovws/install/cpp_pkg/share/cpp_pkg/environment/path.sh
[12.002s] -- Installing: /home/saykabot/Desktop/ros2-ROV/rovws/install/cpp_pkg/share/cpp_pkg/environment/path.dsv
[12.003s] -- Up-to-date: /home/saykabot/Desktop/ros2-ROV/rovws/install/cpp_pkg/share/cpp_pkg/local_setup.bash
[12.003s] -- Installing: /home/saykabot/Desktop/ros2-ROV/rovws/install/cpp_pkg/share/cpp_pkg/local_setup.sh
[12.003s] -- Up-to-date: /home/saykabot/Desktop/ros2-ROV/rovws/install/cpp_pkg/share/cpp_pkg/local_setup.zsh
[12.003s] -- Installing: /home/saykabot/Desktop/ros2-ROV/rovws/install/cpp_pkg/share/cpp_pkg/local_setup.dsv
[12.003s] -- Installing: /home/saykabot/Desktop/ros2-ROV/rovws/install/cpp_pkg/share/cpp_pkg/package.dsv
[12.004s] -- Up-to-date: /home/saykabot/Desktop/ros2-ROV/rovws/install/cpp_pkg/share/ament_index/resource_index/packages/cpp_pkg
[12.004s] -- Up-to-date: /home/saykabot/Desktop/ros2-ROV/rovws/install/cpp_pkg/share/cpp_pkg/cmake/cpp_pkgConfig.cmake
[12.004s] -- Up-to-date: /home/saykabot/Desktop/ros2-ROV/rovws/install/cpp_pkg/share/cpp_pkg/cmake/cpp_pkgConfig-version.cmake
[12.004s] -- Up-to-date: /home/saykabot/Desktop/ros2-ROV/rovws/install/cpp_pkg/share/cpp_pkg/package.xml
[12.006s] Invoked command in '/home/saykabot/Desktop/ros2-ROV/rovws/build/cpp_pkg' returned '0': CMAKE_PREFIX_PATH=${CMAKE_PREFIX_PATH}:/home/saykabot/Desktop/ros2ws/install/turtlesim_catch_them_all:/home/saykabot/Desktop/ros2ws/install/selfpypkg:/home/saykabot/Desktop/ros2ws/install/ros2_opencv:/home/saykabot/Desktop/ros2ws/install/py_turtlesim_catchthemall:/home/saykabot/Desktop/ros2ws/install/pixhawk_pkg:/home/saykabot/Desktop/ros2ws/install/my_py_pkg:/home/saykabot/Desktop/ros2ws/install/keyboard_teleop:/home/saykabot/Desktop/ros2ws/install/exam:/home/saykabot/Desktop/ros2ws/install/cam_pkg:/opt/ros/humble /usr/bin/cmake --install /home/saykabot/Desktop/ros2-ROV/rovws/build/cpp_pkg
