[0.118s] DEBUG:colcon:Command line arguments: ['/usr/bin/colcon', 'build']
[0.118s] DEBUG:colcon:Parsed command line arguments: Namespace(log_base=None, log_level=None, verb_name='build', build_base='build', install_base='install', merge_install=False, symlink_install=False, test_result_base=None, continue_on_error=False, executor='parallel', parallel_workers=8, event_handlers=None, ignore_user_meta=False, metas=['./colcon.meta'], base_paths=['.'], packages_ignore=None, packages_ignore_regex=None, paths=None, packages_up_to=None, packages_up_to_regex=None, packages_above=None, packages_above_and_dependencies=None, packages_above_depth=None, packages_select_by_dep=None, packages_skip_by_dep=None, packages_skip_up_to=None, packages_select_build_failed=False, packages_skip_build_finished=False, packages_select_test_failures=False, packages_skip_test_passed=False, packages_select=None, packages_skip=None, packages_select_regex=None, packages_skip_regex=None, packages_start=None, packages_end=None, allow_overriding=[], cmake_args=None, cmake_target=None, cmake_target_skip_unavailable=False, cmake_clean_cache=False, cmake_clean_first=False, cmake_force_configure=False, ament_cmake_args=None, catkin_cmake_args=None, catkin_skip_building_tests=False, verb_parser=<colcon_defaults.argument_parser.defaults.DefaultArgumentsDecorator object at 0x7e60cda4a6b0>, verb_extension=<colcon_core.verb.build.BuildVerb object at 0x7e60cda4a0b0>, main=<bound method BuildVerb.main of <colcon_core.verb.build.BuildVerb object at 0x7e60cda4a0b0>>)
[0.333s] Level 1:colcon.colcon_core.package_discovery:discover_packages(colcon_meta) check parameters
[0.333s] Level 1:colcon.colcon_core.package_discovery:discover_packages(recursive) check parameters
[0.333s] Level 1:colcon.colcon_core.package_discovery:discover_packages(ignore) check parameters
[0.333s] Level 1:colcon.colcon_core.package_discovery:discover_packages(path) check parameters
[0.333s] Level 1:colcon.colcon_core.package_discovery:discover_packages(colcon_meta) discover
[0.334s] Level 1:colcon.colcon_core.package_discovery:discover_packages(recursive) discover
[0.334s] INFO:colcon.colcon_core.package_discovery:Crawling recursively for packages in '/home/saykabot/AkilliMekatronikSistemler/ros2-ROV/rovws'
[0.334s] Level 1:colcon.colcon_core.package_identification:_identify(.) by extensions ['ignore', 'ignore_ament_install']
[0.334s] Level 1:colcon.colcon_core.package_identification:_identify(.) by extension 'ignore'
[0.334s] Level 1:colcon.colcon_core.package_identification:_identify(.) by extension 'ignore_ament_install'
[0.334s] Level 1:colcon.colcon_core.package_identification:_identify(.) by extensions ['colcon_pkg']
[0.334s] Level 1:colcon.colcon_core.package_identification:_identify(.) by extension 'colcon_pkg'
[0.334s] Level 1:colcon.colcon_core.package_identification:_identify(.) by extensions ['colcon_meta']
[0.334s] Level 1:colcon.colcon_core.package_identification:_identify(.) by extension 'colcon_meta'
[0.334s] Level 1:colcon.colcon_core.package_identification:_identify(.) by extensions ['ros']
[0.334s] Level 1:colcon.colcon_core.package_identification:_identify(.) by extension 'ros'
[0.345s] Level 1:colcon.colcon_core.package_identification:_identify(.) by extensions ['cmake', 'python']
[0.345s] Level 1:colcon.colcon_core.package_identification:_identify(.) by extension 'cmake'
[0.345s] Level 1:colcon.colcon_core.package_identification:_identify(.) by extension 'python'
[0.345s] Level 1:colcon.colcon_core.package_identification:_identify(.) by extensions ['python_setup_py']
[0.345s] Level 1:colcon.colcon_core.package_identification:_identify(.) by extension 'python_setup_py'
[0.345s] Level 1:colcon.colcon_core.package_identification:_identify(build) by extensions ['ignore', 'ignore_ament_install']
[0.345s] Level 1:colcon.colcon_core.package_identification:_identify(build) by extension 'ignore'
[0.345s] Level 1:colcon.colcon_core.package_identification:_identify(build) ignored
[0.346s] Level 1:colcon.colcon_core.package_identification:_identify(install) by extensions ['ignore', 'ignore_ament_install']
[0.346s] Level 1:colcon.colcon_core.package_identification:_identify(install) by extension 'ignore'
[0.346s] Level 1:colcon.colcon_core.package_identification:_identify(install) ignored
[0.346s] Level 1:colcon.colcon_core.package_identification:_identify(log) by extensions ['ignore', 'ignore_ament_install']
[0.346s] Level 1:colcon.colcon_core.package_identification:_identify(log) by extension 'ignore'
[0.346s] Level 1:colcon.colcon_core.package_identification:_identify(log) ignored
[0.346s] Level 1:colcon.colcon_core.package_identification:_identify(src) by extensions ['ignore', 'ignore_ament_install']
[0.346s] Level 1:colcon.colcon_core.package_identification:_identify(src) by extension 'ignore'
[0.346s] Level 1:colcon.colcon_core.package_identification:_identify(src) by extension 'ignore_ament_install'
[0.346s] Level 1:colcon.colcon_core.package_identification:_identify(src) by extensions ['colcon_pkg']
[0.346s] Level 1:colcon.colcon_core.package_identification:_identify(src) by extension 'colcon_pkg'
[0.346s] Level 1:colcon.colcon_core.package_identification:_identify(src) by extensions ['colcon_meta']
[0.346s] Level 1:colcon.colcon_core.package_identification:_identify(src) by extension 'colcon_meta'
[0.346s] Level 1:colcon.colcon_core.package_identification:_identify(src) by extensions ['ros']
[0.346s] Level 1:colcon.colcon_core.package_identification:_identify(src) by extension 'ros'
[0.347s] Level 1:colcon.colcon_core.package_identification:_identify(src) by extensions ['cmake', 'python']
[0.347s] Level 1:colcon.colcon_core.package_identification:_identify(src) by extension 'cmake'
[0.347s] Level 1:colcon.colcon_core.package_identification:_identify(src) by extension 'python'
[0.347s] Level 1:colcon.colcon_core.package_identification:_identify(src) by extensions ['python_setup_py']
[0.347s] Level 1:colcon.colcon_core.package_identification:_identify(src) by extension 'python_setup_py'
[0.347s] Level 1:colcon.colcon_core.package_identification:_identify(src/camera_pkg) by extensions ['ignore', 'ignore_ament_install']
[0.347s] Level 1:colcon.colcon_core.package_identification:_identify(src/camera_pkg) by extension 'ignore'
[0.347s] Level 1:colcon.colcon_core.package_identification:_identify(src/camera_pkg) by extension 'ignore_ament_install'
[0.347s] Level 1:colcon.colcon_core.package_identification:_identify(src/camera_pkg) by extensions ['colcon_pkg']
[0.347s] Level 1:colcon.colcon_core.package_identification:_identify(src/camera_pkg) by extension 'colcon_pkg'
[0.347s] Level 1:colcon.colcon_core.package_identification:_identify(src/camera_pkg) by extensions ['colcon_meta']
[0.347s] Level 1:colcon.colcon_core.package_identification:_identify(src/camera_pkg) by extension 'colcon_meta'
[0.347s] Level 1:colcon.colcon_core.package_identification:_identify(src/camera_pkg) by extensions ['ros']
[0.347s] Level 1:colcon.colcon_core.package_identification:_identify(src/camera_pkg) by extension 'ros'
[0.350s] DEBUG:colcon.colcon_core.package_identification:Package 'src/camera_pkg' with type 'ros.ament_python' and name 'camera_pkg'
[0.350s] Level 1:colcon.colcon_core.package_identification:_identify(src/cpp_pkg) by extensions ['ignore', 'ignore_ament_install']
[0.350s] Level 1:colcon.colcon_core.package_identification:_identify(src/cpp_pkg) by extension 'ignore'
[0.350s] Level 1:colcon.colcon_core.package_identification:_identify(src/cpp_pkg) by extension 'ignore_ament_install'
[0.350s] Level 1:colcon.colcon_core.package_identification:_identify(src/cpp_pkg) by extensions ['colcon_pkg']
[0.350s] Level 1:colcon.colcon_core.package_identification:_identify(src/cpp_pkg) by extension 'colcon_pkg'
[0.350s] Level 1:colcon.colcon_core.package_identification:_identify(src/cpp_pkg) by extensions ['colcon_meta']
[0.350s] Level 1:colcon.colcon_core.package_identification:_identify(src/cpp_pkg) by extension 'colcon_meta'
[0.350s] Level 1:colcon.colcon_core.package_identification:_identify(src/cpp_pkg) by extensions ['ros']
[0.350s] Level 1:colcon.colcon_core.package_identification:_identify(src/cpp_pkg) by extension 'ros'
[0.351s] DEBUG:colcon.colcon_core.package_identification:Package 'src/cpp_pkg' with type 'ros.ament_cmake' and name 'cpp_pkg'
[0.351s] Level 1:colcon.colcon_core.package_identification:_identify(src/py_pkg) by extensions ['ignore', 'ignore_ament_install']
[0.351s] Level 1:colcon.colcon_core.package_identification:_identify(src/py_pkg) by extension 'ignore'
[0.351s] Level 1:colcon.colcon_core.package_identification:_identify(src/py_pkg) by extension 'ignore_ament_install'
[0.351s] Level 1:colcon.colcon_core.package_identification:_identify(src/py_pkg) by extensions ['colcon_pkg']
[0.352s] Level 1:colcon.colcon_core.package_identification:_identify(src/py_pkg) by extension 'colcon_pkg'
[0.352s] Level 1:colcon.colcon_core.package_identification:_identify(src/py_pkg) by extensions ['colcon_meta']
[0.352s] Level 1:colcon.colcon_core.package_identification:_identify(src/py_pkg) by extension 'colcon_meta'
[0.352s] Level 1:colcon.colcon_core.package_identification:_identify(src/py_pkg) by extensions ['ros']
[0.352s] Level 1:colcon.colcon_core.package_identification:_identify(src/py_pkg) by extension 'ros'
[0.352s] DEBUG:colcon.colcon_core.package_identification:Package 'src/py_pkg' with type 'ros.ament_python' and name 'py_pkg'
[0.352s] Level 1:colcon.colcon_core.package_discovery:discover_packages(recursive) using defaults
[0.352s] Level 1:colcon.colcon_core.package_discovery:discover_packages(ignore) discover
[0.352s] Level 1:colcon.colcon_core.package_discovery:discover_packages(ignore) using defaults
[0.352s] Level 1:colcon.colcon_core.package_discovery:discover_packages(path) discover
[0.353s] Level 1:colcon.colcon_core.package_discovery:discover_packages(path) using defaults
[0.380s] Level 1:colcon.colcon_core.package_discovery:discover_packages(prefix_path) check parameters
[0.380s] Level 1:colcon.colcon_core.package_discovery:discover_packages(prefix_path) discover
[0.382s] DEBUG:colcon.colcon_installed_package_information.package_discovery:Found 3 installed packages in /home/saykabot/AkilliMekatronikSistemler/ros2-ROV/rovws/install
[0.383s] DEBUG:colcon.colcon_installed_package_information.package_discovery:Found 10 installed packages in /home/saykabot/ros2ws/install
[0.384s] DEBUG:colcon.colcon_installed_package_information.package_discovery:Found 270 installed packages in /opt/ros/humble
[0.386s] Level 1:colcon.colcon_core.package_discovery:discover_packages(prefix_path) using defaults
[0.423s] Level 5:colcon.colcon_core.verb:set package 'camera_pkg' build argument 'cmake_args' from command line to 'None'
[0.423s] Level 5:colcon.colcon_core.verb:set package 'camera_pkg' build argument 'cmake_target' from command line to 'None'
[0.423s] Level 5:colcon.colcon_core.verb:set package 'camera_pkg' build argument 'cmake_target_skip_unavailable' from command line to 'False'
[0.423s] Level 5:colcon.colcon_core.verb:set package 'camera_pkg' build argument 'cmake_clean_cache' from command line to 'False'
[0.423s] Level 5:colcon.colcon_core.verb:set package 'camera_pkg' build argument 'cmake_clean_first' from command line to 'False'
[0.424s] Level 5:colcon.colcon_core.verb:set package 'camera_pkg' build argument 'cmake_force_configure' from command line to 'False'
[0.424s] Level 5:colcon.colcon_core.verb:set package 'camera_pkg' build argument 'ament_cmake_args' from command line to 'None'
[0.424s] Level 5:colcon.colcon_core.verb:set package 'camera_pkg' build argument 'catkin_cmake_args' from command line to 'None'
[0.424s] Level 5:colcon.colcon_core.verb:set package 'camera_pkg' build argument 'catkin_skip_building_tests' from command line to 'False'
[0.424s] DEBUG:colcon.colcon_core.verb:Building package 'camera_pkg' with the following arguments: {'ament_cmake_args': None, 'build_base': '/home/saykabot/AkilliMekatronikSistemler/ros2-ROV/rovws/build/camera_pkg', 'catkin_cmake_args': None, 'catkin_skip_building_tests': False, 'cmake_args': None, 'cmake_clean_cache': False, 'cmake_clean_first': False, 'cmake_force_configure': False, 'cmake_target': None, 'cmake_target_skip_unavailable': False, 'install_base': '/home/saykabot/AkilliMekatronikSistemler/ros2-ROV/rovws/install/camera_pkg', 'merge_install': False, 'path': '/home/saykabot/AkilliMekatronikSistemler/ros2-ROV/rovws/src/camera_pkg', 'symlink_install': False, 'test_result_base': None}
[0.424s] Level 5:colcon.colcon_core.verb:set package 'cpp_pkg' build argument 'cmake_args' from command line to 'None'
[0.424s] Level 5:colcon.colcon_core.verb:set package 'cpp_pkg' build argument 'cmake_target' from command line to 'None'
[0.424s] Level 5:colcon.colcon_core.verb:set package 'cpp_pkg' build argument 'cmake_target_skip_unavailable' from command line to 'False'
[0.424s] Level 5:colcon.colcon_core.verb:set package 'cpp_pkg' build argument 'cmake_clean_cache' from command line to 'False'
[0.424s] Level 5:colcon.colcon_core.verb:set package 'cpp_pkg' build argument 'cmake_clean_first' from command line to 'False'
[0.424s] Level 5:colcon.colcon_core.verb:set package 'cpp_pkg' build argument 'cmake_force_configure' from command line to 'False'
[0.424s] Level 5:colcon.colcon_core.verb:set package 'cpp_pkg' build argument 'ament_cmake_args' from command line to 'None'
[0.424s] Level 5:colcon.colcon_core.verb:set package 'cpp_pkg' build argument 'catkin_cmake_args' from command line to 'None'
[0.424s] Level 5:colcon.colcon_core.verb:set package 'cpp_pkg' build argument 'catkin_skip_building_tests' from command line to 'False'
[0.424s] DEBUG:colcon.colcon_core.verb:Building package 'cpp_pkg' with the following arguments: {'ament_cmake_args': None, 'build_base': '/home/saykabot/AkilliMekatronikSistemler/ros2-ROV/rovws/build/cpp_pkg', 'catkin_cmake_args': None, 'catkin_skip_building_tests': False, 'cmake_args': None, 'cmake_clean_cache': False, 'cmake_clean_first': False, 'cmake_force_configure': False, 'cmake_target': None, 'cmake_target_skip_unavailable': False, 'install_base': '/home/saykabot/AkilliMekatronikSistemler/ros2-ROV/rovws/install/cpp_pkg', 'merge_install': False, 'path': '/home/saykabot/AkilliMekatronikSistemler/ros2-ROV/rovws/src/cpp_pkg', 'symlink_install': False, 'test_result_base': None}
[0.425s] Level 5:colcon.colcon_core.verb:set package 'py_pkg' build argument 'cmake_args' from command line to 'None'
[0.425s] Level 5:colcon.colcon_core.verb:set package 'py_pkg' build argument 'cmake_target' from command line to 'None'
[0.425s] Level 5:colcon.colcon_core.verb:set package 'py_pkg' build argument 'cmake_target_skip_unavailable' from command line to 'False'
[0.425s] Level 5:colcon.colcon_core.verb:set package 'py_pkg' build argument 'cmake_clean_cache' from command line to 'False'
[0.425s] Level 5:colcon.colcon_core.verb:set package 'py_pkg' build argument 'cmake_clean_first' from command line to 'False'
[0.425s] Level 5:colcon.colcon_core.verb:set package 'py_pkg' build argument 'cmake_force_configure' from command line to 'False'
[0.425s] Level 5:colcon.colcon_core.verb:set package 'py_pkg' build argument 'ament_cmake_args' from command line to 'None'
[0.425s] Level 5:colcon.colcon_core.verb:set package 'py_pkg' build argument 'catkin_cmake_args' from command line to 'None'
[0.425s] Level 5:colcon.colcon_core.verb:set package 'py_pkg' build argument 'catkin_skip_building_tests' from command line to 'False'
[0.425s] DEBUG:colcon.colcon_core.verb:Building package 'py_pkg' with the following arguments: {'ament_cmake_args': None, 'build_base': '/home/saykabot/AkilliMekatronikSistemler/ros2-ROV/rovws/build/py_pkg', 'catkin_cmake_args': None, 'catkin_skip_building_tests': False, 'cmake_args': None, 'cmake_clean_cache': False, 'cmake_clean_first': False, 'cmake_force_configure': False, 'cmake_target': None, 'cmake_target_skip_unavailable': False, 'install_base': '/home/saykabot/AkilliMekatronikSistemler/ros2-ROV/rovws/install/py_pkg', 'merge_install': False, 'path': '/home/saykabot/AkilliMekatronikSistemler/ros2-ROV/rovws/src/py_pkg', 'symlink_install': False, 'test_result_base': None}
[0.425s] INFO:colcon.colcon_core.executor:Executing jobs using 'parallel' executor
[0.426s] DEBUG:colcon.colcon_parallel_executor.executor.parallel:run_until_complete
[0.426s] INFO:colcon.colcon_ros.task.ament_python.build:Building ROS package in '/home/saykabot/AkilliMekatronikSistemler/ros2-ROV/rovws/src/camera_pkg' with build type 'ament_python'
[0.427s] Level 1:colcon.colcon_core.shell:create_environment_hook('camera_pkg', 'ament_prefix_path')
[0.429s] INFO:colcon.colcon_core.plugin_system:Skipping extension 'colcon_core.shell.bat': Not used on non-Windows systems
[0.429s] INFO:colcon.colcon_core.shell:Creating environment hook '/home/saykabot/AkilliMekatronikSistemler/ros2-ROV/rovws/install/camera_pkg/share/camera_pkg/hook/ament_prefix_path.ps1'
[0.430s] INFO:colcon.colcon_core.shell:Creating environment descriptor '/home/saykabot/AkilliMekatronikSistemler/ros2-ROV/rovws/install/camera_pkg/share/camera_pkg/hook/ament_prefix_path.dsv'
[0.430s] INFO:colcon.colcon_core.shell:Creating environment hook '/home/saykabot/AkilliMekatronikSistemler/ros2-ROV/rovws/install/camera_pkg/share/camera_pkg/hook/ament_prefix_path.sh'
[0.431s] INFO:colcon.colcon_core.shell:Skip shell extension 'powershell' for command environment: Not usable outside of PowerShell
[0.431s] DEBUG:colcon.colcon_core.shell:Skip shell extension 'dsv' for command environment
[0.436s] INFO:colcon.colcon_ros.task.ament_cmake.build:Building ROS package in '/home/saykabot/AkilliMekatronikSistemler/ros2-ROV/rovws/src/cpp_pkg' with build type 'ament_cmake'
[0.436s] INFO:colcon.colcon_cmake.task.cmake.build:Building CMake package in '/home/saykabot/AkilliMekatronikSistemler/ros2-ROV/rovws/src/cpp_pkg'
[0.436s] INFO:colcon.colcon_core.shell:Skip shell extension 'powershell' for command environment: Not usable outside of PowerShell
[0.436s] DEBUG:colcon.colcon_core.shell:Skip shell extension 'dsv' for command environment
[0.442s] INFO:colcon.colcon_ros.task.ament_python.build:Building ROS package in '/home/saykabot/AkilliMekatronikSistemler/ros2-ROV/rovws/src/py_pkg' with build type 'ament_python'
[0.442s] Level 1:colcon.colcon_core.shell:create_environment_hook('py_pkg', 'ament_prefix_path')
[0.442s] INFO:colcon.colcon_core.shell:Creating environment hook '/home/saykabot/AkilliMekatronikSistemler/ros2-ROV/rovws/install/py_pkg/share/py_pkg/hook/ament_prefix_path.ps1'
[0.443s] INFO:colcon.colcon_core.shell:Creating environment descriptor '/home/saykabot/AkilliMekatronikSistemler/ros2-ROV/rovws/install/py_pkg/share/py_pkg/hook/ament_prefix_path.dsv'
[0.443s] INFO:colcon.colcon_core.shell:Creating environment hook '/home/saykabot/AkilliMekatronikSistemler/ros2-ROV/rovws/install/py_pkg/share/py_pkg/hook/ament_prefix_path.sh'
[0.444s] INFO:colcon.colcon_core.shell:Skip shell extension 'powershell' for command environment: Not usable outside of PowerShell
[0.444s] DEBUG:colcon.colcon_core.shell:Skip shell extension 'dsv' for command environment
[0.750s] INFO:colcon.colcon_core.task.python.build:Building Python package in '/home/saykabot/AkilliMekatronikSistemler/ros2-ROV/rovws/src/camera_pkg'
[0.750s] INFO:colcon.colcon_core.shell:Skip shell extension 'powershell' for command environment: Not usable outside of PowerShell
[0.750s] DEBUG:colcon.colcon_core.shell:Skip shell extension 'dsv' for command environment
[0.759s] DEBUG:colcon.colcon_core.event_handler.log_command:Invoking command in '/home/saykabot/AkilliMekatronikSistemler/ros2-ROV/rovws/build/cpp_pkg': CMAKE_PREFIX_PATH=${CMAKE_PREFIX_PATH}:/home/saykabot/ros2ws/install/selfpypkg:/home/saykabot/ros2ws/install/ros2_opencv:/home/saykabot/ros2ws/install/py_turtlesim_catchthemall:/home/saykabot/ros2ws/install/my_py_pkg:/home/saykabot/ros2ws/install/cam_pkg:/home/saykabot/AkilliMekatronikSistemler/ros2-ROV/rovws/install/py_pkg:/home/saykabot/AkilliMekatronikSistemler/ros2-ROV/rovws/install/camera_pkg:/opt/ros/humble /usr/bin/cmake --build /home/saykabot/AkilliMekatronikSistemler/ros2-ROV/rovws/build/cpp_pkg -- -j8 -l8
[1.083s] INFO:colcon.colcon_core.task.python.build:Building Python package in '/home/saykabot/AkilliMekatronikSistemler/ros2-ROV/rovws/src/py_pkg'
[1.083s] INFO:colcon.colcon_core.shell:Skip shell extension 'powershell' for command environment: Not usable outside of PowerShell
[1.084s] DEBUG:colcon.colcon_core.shell:Skip shell extension 'dsv' for command environment
[1.092s] DEBUG:colcon.colcon_core.event_handler.log_command:Invoked command in '/home/saykabot/AkilliMekatronikSistemler/ros2-ROV/rovws/build/cpp_pkg' returned '0': CMAKE_PREFIX_PATH=${CMAKE_PREFIX_PATH}:/home/saykabot/ros2ws/install/selfpypkg:/home/saykabot/ros2ws/install/ros2_opencv:/home/saykabot/ros2ws/install/py_turtlesim_catchthemall:/home/saykabot/ros2ws/install/my_py_pkg:/home/saykabot/ros2ws/install/cam_pkg:/home/saykabot/AkilliMekatronikSistemler/ros2-ROV/rovws/install/py_pkg:/home/saykabot/AkilliMekatronikSistemler/ros2-ROV/rovws/install/camera_pkg:/opt/ros/humble /usr/bin/cmake --build /home/saykabot/AkilliMekatronikSistemler/ros2-ROV/rovws/build/cpp_pkg -- -j8 -l8
[1.137s] DEBUG:colcon.colcon_core.event_handler.log_command:Invoking command in '/home/saykabot/AkilliMekatronikSistemler/ros2-ROV/rovws/build/cpp_pkg': CMAKE_PREFIX_PATH=${CMAKE_PREFIX_PATH}:/home/saykabot/ros2ws/install/selfpypkg:/home/saykabot/ros2ws/install/ros2_opencv:/home/saykabot/ros2ws/install/py_turtlesim_catchthemall:/home/saykabot/ros2ws/install/my_py_pkg:/home/saykabot/ros2ws/install/cam_pkg:/home/saykabot/AkilliMekatronikSistemler/ros2-ROV/rovws/install/py_pkg:/home/saykabot/AkilliMekatronikSistemler/ros2-ROV/rovws/install/camera_pkg:/opt/ros/humble /usr/bin/cmake --install /home/saykabot/AkilliMekatronikSistemler/ros2-ROV/rovws/build/cpp_pkg
[1.149s] Level 1:colcon.colcon_core.environment:create_environment_scripts_only(cpp_pkg)
[1.150s] DEBUG:colcon.colcon_core.event_handler.log_command:Invoked command in '/home/saykabot/AkilliMekatronikSistemler/ros2-ROV/rovws/build/cpp_pkg' returned '0': CMAKE_PREFIX_PATH=${CMAKE_PREFIX_PATH}:/home/saykabot/ros2ws/install/selfpypkg:/home/saykabot/ros2ws/install/ros2_opencv:/home/saykabot/ros2ws/install/py_turtlesim_catchthemall:/home/saykabot/ros2ws/install/my_py_pkg:/home/saykabot/ros2ws/install/cam_pkg:/home/saykabot/AkilliMekatronikSistemler/ros2-ROV/rovws/install/py_pkg:/home/saykabot/AkilliMekatronikSistemler/ros2-ROV/rovws/install/camera_pkg:/opt/ros/humble /usr/bin/cmake --install /home/saykabot/AkilliMekatronikSistemler/ros2-ROV/rovws/build/cpp_pkg
[1.152s] Level 1:colcon.colcon_core.environment:checking '/home/saykabot/AkilliMekatronikSistemler/ros2-ROV/rovws/install/cpp_pkg' for CMake module files
[1.153s] Level 1:colcon.colcon_core.environment:checking '/home/saykabot/AkilliMekatronikSistemler/ros2-ROV/rovws/install/cpp_pkg' for CMake config files
[1.154s] Level 1:colcon.colcon_core.shell:create_environment_hook('cpp_pkg', 'cmake_prefix_path')
[1.154s] INFO:colcon.colcon_core.shell:Creating environment hook '/home/saykabot/AkilliMekatronikSistemler/ros2-ROV/rovws/install/cpp_pkg/share/cpp_pkg/hook/cmake_prefix_path.ps1'
[1.155s] INFO:colcon.colcon_core.shell:Creating environment descriptor '/home/saykabot/AkilliMekatronikSistemler/ros2-ROV/rovws/install/cpp_pkg/share/cpp_pkg/hook/cmake_prefix_path.dsv'
[1.155s] INFO:colcon.colcon_core.shell:Creating environment hook '/home/saykabot/AkilliMekatronikSistemler/ros2-ROV/rovws/install/cpp_pkg/share/cpp_pkg/hook/cmake_prefix_path.sh'
[1.156s] Level 1:colcon.colcon_core.environment:checking '/home/saykabot/AkilliMekatronikSistemler/ros2-ROV/rovws/install/cpp_pkg/lib'
[1.156s] Level 1:colcon.colcon_core.environment:checking '/home/saykabot/AkilliMekatronikSistemler/ros2-ROV/rovws/install/cpp_pkg/bin'
[1.156s] Level 1:colcon.colcon_core.environment:checking '/home/saykabot/AkilliMekatronikSistemler/ros2-ROV/rovws/install/cpp_pkg/lib/pkgconfig/cpp_pkg.pc'
[1.157s] Level 1:colcon.colcon_core.environment:checking '/home/saykabot/AkilliMekatronikSistemler/ros2-ROV/rovws/install/cpp_pkg/lib/python3.10/site-packages'
[1.157s] Level 1:colcon.colcon_core.environment:checking '/home/saykabot/AkilliMekatronikSistemler/ros2-ROV/rovws/install/cpp_pkg/bin'
[1.157s] INFO:colcon.colcon_core.shell:Creating package script '/home/saykabot/AkilliMekatronikSistemler/ros2-ROV/rovws/install/cpp_pkg/share/cpp_pkg/package.ps1'
[1.159s] INFO:colcon.colcon_core.shell:Creating package descriptor '/home/saykabot/AkilliMekatronikSistemler/ros2-ROV/rovws/install/cpp_pkg/share/cpp_pkg/package.dsv'
[1.159s] INFO:colcon.colcon_core.shell:Creating package script '/home/saykabot/AkilliMekatronikSistemler/ros2-ROV/rovws/install/cpp_pkg/share/cpp_pkg/package.sh'
[1.160s] INFO:colcon.colcon_core.shell:Creating package script '/home/saykabot/AkilliMekatronikSistemler/ros2-ROV/rovws/install/cpp_pkg/share/cpp_pkg/package.bash'
[1.161s] INFO:colcon.colcon_core.shell:Creating package script '/home/saykabot/AkilliMekatronikSistemler/ros2-ROV/rovws/install/cpp_pkg/share/cpp_pkg/package.zsh'
[1.162s] Level 1:colcon.colcon_core.environment:create_file_with_runtime_dependencies(/home/saykabot/AkilliMekatronikSistemler/ros2-ROV/rovws/install/cpp_pkg/share/colcon-core/packages/cpp_pkg)
[1.197s] Level 1:colcon.colcon_core.environment:create_environment_scripts_only(cpp_pkg)
[1.198s] Level 1:colcon.colcon_core.environment:checking '/home/saykabot/AkilliMekatronikSistemler/ros2-ROV/rovws/install/cpp_pkg' for CMake module files
[1.199s] Level 1:colcon.colcon_core.environment:checking '/home/saykabot/AkilliMekatronikSistemler/ros2-ROV/rovws/install/cpp_pkg' for CMake config files
[1.199s] Level 1:colcon.colcon_core.shell:create_environment_hook('cpp_pkg', 'cmake_prefix_path')
[1.199s] INFO:colcon.colcon_core.shell:Creating environment hook '/home/saykabot/AkilliMekatronikSistemler/ros2-ROV/rovws/install/cpp_pkg/share/cpp_pkg/hook/cmake_prefix_path.ps1'
[1.200s] INFO:colcon.colcon_core.shell:Creating environment descriptor '/home/saykabot/AkilliMekatronikSistemler/ros2-ROV/rovws/install/cpp_pkg/share/cpp_pkg/hook/cmake_prefix_path.dsv'
[1.200s] INFO:colcon.colcon_core.shell:Creating environment hook '/home/saykabot/AkilliMekatronikSistemler/ros2-ROV/rovws/install/cpp_pkg/share/cpp_pkg/hook/cmake_prefix_path.sh'
[1.201s] Level 1:colcon.colcon_core.environment:checking '/home/saykabot/AkilliMekatronikSistemler/ros2-ROV/rovws/install/cpp_pkg/lib'
[1.201s] Level 1:colcon.colcon_core.environment:checking '/home/saykabot/AkilliMekatronikSistemler/ros2-ROV/rovws/install/cpp_pkg/bin'
[1.201s] Level 1:colcon.colcon_core.environment:checking '/home/saykabot/AkilliMekatronikSistemler/ros2-ROV/rovws/install/cpp_pkg/lib/pkgconfig/cpp_pkg.pc'
[1.201s] Level 1:colcon.colcon_core.environment:checking '/home/saykabot/AkilliMekatronikSistemler/ros2-ROV/rovws/install/cpp_pkg/lib/python3.10/site-packages'
[1.202s] Level 1:colcon.colcon_core.environment:checking '/home/saykabot/AkilliMekatronikSistemler/ros2-ROV/rovws/install/cpp_pkg/bin'
[1.202s] INFO:colcon.colcon_core.shell:Creating package script '/home/saykabot/AkilliMekatronikSistemler/ros2-ROV/rovws/install/cpp_pkg/share/cpp_pkg/package.ps1'
[1.203s] INFO:colcon.colcon_core.shell:Creating package descriptor '/home/saykabot/AkilliMekatronikSistemler/ros2-ROV/rovws/install/cpp_pkg/share/cpp_pkg/package.dsv'
[1.203s] INFO:colcon.colcon_core.shell:Creating package script '/home/saykabot/AkilliMekatronikSistemler/ros2-ROV/rovws/install/cpp_pkg/share/cpp_pkg/package.sh'
[1.204s] INFO:colcon.colcon_core.shell:Creating package script '/home/saykabot/AkilliMekatronikSistemler/ros2-ROV/rovws/install/cpp_pkg/share/cpp_pkg/package.bash'
[1.204s] INFO:colcon.colcon_core.shell:Creating package script '/home/saykabot/AkilliMekatronikSistemler/ros2-ROV/rovws/install/cpp_pkg/share/cpp_pkg/package.zsh'
[1.205s] Level 1:colcon.colcon_core.environment:create_file_with_runtime_dependencies(/home/saykabot/AkilliMekatronikSistemler/ros2-ROV/rovws/install/cpp_pkg/share/colcon-core/packages/cpp_pkg)
[1.586s] DEBUG:colcon.colcon_core.event_handler.log_command:Invoking command in '/home/saykabot/AkilliMekatronikSistemler/ros2-ROV/rovws/src/camera_pkg': PYTHONPATH=/home/saykabot/AkilliMekatronikSistemler/ros2-ROV/rovws/build/camera_pkg/prefix_override:/home/saykabot/AkilliMekatronikSistemler/ros2-ROV/rovws/install/camera_pkg/lib/python3.10/site-packages:${PYTHONPATH} /usr/bin/python3 -W ignore:setup.py install is deprecated setup.py egg_info --egg-base ../../build/camera_pkg build --build-base /home/saykabot/AkilliMekatronikSistemler/ros2-ROV/rovws/build/camera_pkg/build install --record /home/saykabot/AkilliMekatronikSistemler/ros2-ROV/rovws/build/camera_pkg/install.log --single-version-externally-managed install_data
[1.588s] DEBUG:colcon.colcon_core.event_handler.log_command:Invoking command in '/home/saykabot/AkilliMekatronikSistemler/ros2-ROV/rovws/src/py_pkg': PYTHONPATH=/home/saykabot/AkilliMekatronikSistemler/ros2-ROV/rovws/build/py_pkg/prefix_override:/home/saykabot/AkilliMekatronikSistemler/ros2-ROV/rovws/install/py_pkg/lib/python3.10/site-packages:${PYTHONPATH} /usr/bin/python3 -W ignore:setup.py install is deprecated setup.py egg_info --egg-base ../../build/py_pkg build --build-base /home/saykabot/AkilliMekatronikSistemler/ros2-ROV/rovws/build/py_pkg/build install --record /home/saykabot/AkilliMekatronikSistemler/ros2-ROV/rovws/build/py_pkg/install.log --single-version-externally-managed install_data
[1.951s] Level 1:colcon.colcon_core.environment:checking '/home/saykabot/AkilliMekatronikSistemler/ros2-ROV/rovws/install/camera_pkg' for CMake module files
[1.952s] DEBUG:colcon.colcon_core.event_handler.log_command:Invoked command in '/home/saykabot/AkilliMekatronikSistemler/ros2-ROV/rovws/src/camera_pkg' returned '0': PYTHONPATH=/home/saykabot/AkilliMekatronikSistemler/ros2-ROV/rovws/build/camera_pkg/prefix_override:/home/saykabot/AkilliMekatronikSistemler/ros2-ROV/rovws/install/camera_pkg/lib/python3.10/site-packages:${PYTHONPATH} /usr/bin/python3 -W ignore:setup.py install is deprecated setup.py egg_info --egg-base ../../build/camera_pkg build --build-base /home/saykabot/AkilliMekatronikSistemler/ros2-ROV/rovws/build/camera_pkg/build install --record /home/saykabot/AkilliMekatronikSistemler/ros2-ROV/rovws/build/camera_pkg/install.log --single-version-externally-managed install_data
[1.952s] Level 1:colcon.colcon_core.environment:checking '/home/saykabot/AkilliMekatronikSistemler/ros2-ROV/rovws/install/camera_pkg' for CMake config files
[1.953s] Level 1:colcon.colcon_core.environment:checking '/home/saykabot/AkilliMekatronikSistemler/ros2-ROV/rovws/install/camera_pkg/lib'
[1.953s] Level 1:colcon.colcon_core.environment:checking '/home/saykabot/AkilliMekatronikSistemler/ros2-ROV/rovws/install/camera_pkg/bin'
[1.953s] Level 1:colcon.colcon_core.environment:checking '/home/saykabot/AkilliMekatronikSistemler/ros2-ROV/rovws/install/camera_pkg/lib/pkgconfig/camera_pkg.pc'
[1.954s] Level 1:colcon.colcon_core.environment:checking '/home/saykabot/AkilliMekatronikSistemler/ros2-ROV/rovws/install/camera_pkg/lib/python3.10/site-packages'
[1.954s] Level 1:colcon.colcon_core.shell:create_environment_hook('camera_pkg', 'pythonpath')
[1.954s] INFO:colcon.colcon_core.shell:Creating environment hook '/home/saykabot/AkilliMekatronikSistemler/ros2-ROV/rovws/install/camera_pkg/share/camera_pkg/hook/pythonpath.ps1'
[1.955s] INFO:colcon.colcon_core.shell:Creating environment descriptor '/home/saykabot/AkilliMekatronikSistemler/ros2-ROV/rovws/install/camera_pkg/share/camera_pkg/hook/pythonpath.dsv'
[1.955s] INFO:colcon.colcon_core.shell:Creating environment hook '/home/saykabot/AkilliMekatronikSistemler/ros2-ROV/rovws/install/camera_pkg/share/camera_pkg/hook/pythonpath.sh'
[1.956s] Level 1:colcon.colcon_core.environment:checking '/home/saykabot/AkilliMekatronikSistemler/ros2-ROV/rovws/install/camera_pkg/bin'
[1.956s] Level 1:colcon.colcon_core.environment:create_environment_scripts_only(camera_pkg)
[1.957s] INFO:colcon.colcon_core.shell:Creating package script '/home/saykabot/AkilliMekatronikSistemler/ros2-ROV/rovws/install/camera_pkg/share/camera_pkg/package.ps1'
[1.957s] INFO:colcon.colcon_core.shell:Creating package descriptor '/home/saykabot/AkilliMekatronikSistemler/ros2-ROV/rovws/install/camera_pkg/share/camera_pkg/package.dsv'
[1.958s] INFO:colcon.colcon_core.shell:Creating package script '/home/saykabot/AkilliMekatronikSistemler/ros2-ROV/rovws/install/camera_pkg/share/camera_pkg/package.sh'
[1.959s] INFO:colcon.colcon_core.shell:Creating package script '/home/saykabot/AkilliMekatronikSistemler/ros2-ROV/rovws/install/camera_pkg/share/camera_pkg/package.bash'
[1.959s] INFO:colcon.colcon_core.shell:Creating package script '/home/saykabot/AkilliMekatronikSistemler/ros2-ROV/rovws/install/camera_pkg/share/camera_pkg/package.zsh'
[1.959s] Level 1:colcon.colcon_core.environment:create_file_with_runtime_dependencies(/home/saykabot/AkilliMekatronikSistemler/ros2-ROV/rovws/install/camera_pkg/share/colcon-core/packages/camera_pkg)
[1.960s] Level 1:colcon.colcon_core.environment:checking '/home/saykabot/AkilliMekatronikSistemler/ros2-ROV/rovws/install/py_pkg' for CMake module files
[1.961s] DEBUG:colcon.colcon_core.event_handler.log_command:Invoked command in '/home/saykabot/AkilliMekatronikSistemler/ros2-ROV/rovws/src/py_pkg' returned '0': PYTHONPATH=/home/saykabot/AkilliMekatronikSistemler/ros2-ROV/rovws/build/py_pkg/prefix_override:/home/saykabot/AkilliMekatronikSistemler/ros2-ROV/rovws/install/py_pkg/lib/python3.10/site-packages:${PYTHONPATH} /usr/bin/python3 -W ignore:setup.py install is deprecated setup.py egg_info --egg-base ../../build/py_pkg build --build-base /home/saykabot/AkilliMekatronikSistemler/ros2-ROV/rovws/build/py_pkg/build install --record /home/saykabot/AkilliMekatronikSistemler/ros2-ROV/rovws/build/py_pkg/install.log --single-version-externally-managed install_data
[1.961s] Level 1:colcon.colcon_core.environment:checking '/home/saykabot/AkilliMekatronikSistemler/ros2-ROV/rovws/install/py_pkg' for CMake config files
[1.962s] Level 1:colcon.colcon_core.environment:checking '/home/saykabot/AkilliMekatronikSistemler/ros2-ROV/rovws/install/py_pkg/lib'
[1.962s] Level 1:colcon.colcon_core.environment:checking '/home/saykabot/AkilliMekatronikSistemler/ros2-ROV/rovws/install/py_pkg/bin'
[1.962s] Level 1:colcon.colcon_core.environment:checking '/home/saykabot/AkilliMekatronikSistemler/ros2-ROV/rovws/install/py_pkg/lib/pkgconfig/py_pkg.pc'
[1.962s] Level 1:colcon.colcon_core.environment:checking '/home/saykabot/AkilliMekatronikSistemler/ros2-ROV/rovws/install/py_pkg/lib/python3.10/site-packages'
[1.962s] Level 1:colcon.colcon_core.shell:create_environment_hook('py_pkg', 'pythonpath')
[1.962s] INFO:colcon.colcon_core.shell:Creating environment hook '/home/saykabot/AkilliMekatronikSistemler/ros2-ROV/rovws/install/py_pkg/share/py_pkg/hook/pythonpath.ps1'
[1.963s] INFO:colcon.colcon_core.shell:Creating environment descriptor '/home/saykabot/AkilliMekatronikSistemler/ros2-ROV/rovws/install/py_pkg/share/py_pkg/hook/pythonpath.dsv'
[1.963s] INFO:colcon.colcon_core.shell:Creating environment hook '/home/saykabot/AkilliMekatronikSistemler/ros2-ROV/rovws/install/py_pkg/share/py_pkg/hook/pythonpath.sh'
[1.964s] Level 1:colcon.colcon_core.environment:checking '/home/saykabot/AkilliMekatronikSistemler/ros2-ROV/rovws/install/py_pkg/bin'
[1.964s] Level 1:colcon.colcon_core.environment:create_environment_scripts_only(py_pkg)
[1.964s] INFO:colcon.colcon_core.shell:Creating package script '/home/saykabot/AkilliMekatronikSistemler/ros2-ROV/rovws/install/py_pkg/share/py_pkg/package.ps1'
[1.964s] INFO:colcon.colcon_core.shell:Creating package descriptor '/home/saykabot/AkilliMekatronikSistemler/ros2-ROV/rovws/install/py_pkg/share/py_pkg/package.dsv'
[1.965s] INFO:colcon.colcon_core.shell:Creating package script '/home/saykabot/AkilliMekatronikSistemler/ros2-ROV/rovws/install/py_pkg/share/py_pkg/package.sh'
[1.965s] INFO:colcon.colcon_core.shell:Creating package script '/home/saykabot/AkilliMekatronikSistemler/ros2-ROV/rovws/install/py_pkg/share/py_pkg/package.bash'
[1.966s] INFO:colcon.colcon_core.shell:Creating package script '/home/saykabot/AkilliMekatronikSistemler/ros2-ROV/rovws/install/py_pkg/share/py_pkg/package.zsh'
[1.966s] Level 1:colcon.colcon_core.environment:create_file_with_runtime_dependencies(/home/saykabot/AkilliMekatronikSistemler/ros2-ROV/rovws/install/py_pkg/share/colcon-core/packages/py_pkg)
[1.966s] DEBUG:colcon.colcon_parallel_executor.executor.parallel:closing loop
[1.967s] DEBUG:colcon.colcon_parallel_executor.executor.parallel:loop closed
[1.967s] DEBUG:colcon.colcon_parallel_executor.executor.parallel:run_until_complete finished with '0'
[1.967s] DEBUG:colcon.colcon_core.event_reactor:joining thread
[1.973s] INFO:colcon.colcon_core.plugin_system:Skipping extension 'colcon_notification.desktop_notification.terminal_notifier': Not used on non-Darwin systems
[1.973s] INFO:colcon.colcon_core.plugin_system:Skipping extension 'colcon_notification.desktop_notification.win32': Not used on non-Windows systems
[1.973s] INFO:colcon.colcon_notification.desktop_notification:Sending desktop notification using 'notify2'
[1.983s] DEBUG:colcon.colcon_core.event_reactor:joined thread
[1.983s] INFO:colcon.colcon_core.shell:Creating prefix script '/home/saykabot/AkilliMekatronikSistemler/ros2-ROV/rovws/install/local_setup.ps1'
[1.984s] INFO:colcon.colcon_core.shell:Creating prefix util module '/home/saykabot/AkilliMekatronikSistemler/ros2-ROV/rovws/install/_local_setup_util_ps1.py'
[1.989s] INFO:colcon.colcon_core.shell:Creating prefix chain script '/home/saykabot/AkilliMekatronikSistemler/ros2-ROV/rovws/install/setup.ps1'
[1.991s] INFO:colcon.colcon_core.shell:Creating prefix script '/home/saykabot/AkilliMekatronikSistemler/ros2-ROV/rovws/install/local_setup.sh'
[1.991s] INFO:colcon.colcon_core.shell:Creating prefix util module '/home/saykabot/AkilliMekatronikSistemler/ros2-ROV/rovws/install/_local_setup_util_sh.py'
[1.992s] INFO:colcon.colcon_core.shell:Creating prefix chain script '/home/saykabot/AkilliMekatronikSistemler/ros2-ROV/rovws/install/setup.sh'
[1.994s] INFO:colcon.colcon_core.shell:Creating prefix script '/home/saykabot/AkilliMekatronikSistemler/ros2-ROV/rovws/install/local_setup.bash'
[1.994s] INFO:colcon.colcon_core.shell:Creating prefix chain script '/home/saykabot/AkilliMekatronikSistemler/ros2-ROV/rovws/install/setup.bash'
[1.996s] INFO:colcon.colcon_core.shell:Creating prefix script '/home/saykabot/AkilliMekatronikSistemler/ros2-ROV/rovws/install/local_setup.zsh'
[1.996s] INFO:colcon.colcon_core.shell:Creating prefix chain script '/home/saykabot/AkilliMekatronikSistemler/ros2-ROV/rovws/install/setup.zsh'
