[0.322s] Invoking command in '/home/saykabot/AkilliMekatronikSistemler/ros2-ROV/rovws/build/cpp_pkg': CMAKE_PREFIX_PATH=${CMAKE_PREFIX_PATH}:/home/saykabot/ros2ws/install/selfpypkg:/home/saykabot/ros2ws/install/ros2_opencv:/home/saykabot/ros2ws/install/py_turtlesim_catchthemall:/home/saykabot/ros2ws/install/my_py_pkg:/home/saykabot/ros2ws/install/cam_pkg:/home/saykabot/AkilliMekatronikSistemler/ros2-ROV/rovws/install/py_pkg:/home/saykabot/AkilliMekatronikSistemler/ros2-ROV/rovws/install/camera_pkg:/opt/ros/humble /usr/bin/cmake --build /home/saykabot/AkilliMekatronikSistemler/ros2-ROV/rovws/build/cpp_pkg -- -j8 -l8
[0.380s] [100%] Built target number_counter
[0.381s] [100%] Built target number_publisher
[0.381s] [100%] Built target cppnode
[0.655s] Invoked command in '/home/saykabot/AkilliMekatronikSistemler/ros2-ROV/rovws/build/cpp_pkg' returned '0': CMAKE_PREFIX_PATH=${CMAKE_PREFIX_PATH}:/home/saykabot/ros2ws/install/selfpypkg:/home/saykabot/ros2ws/install/ros2_opencv:/home/saykabot/ros2ws/install/py_turtlesim_catchthemall:/home/saykabot/ros2ws/install/my_py_pkg:/home/saykabot/ros2ws/install/cam_pkg:/home/saykabot/AkilliMekatronikSistemler/ros2-ROV/rovws/install/py_pkg:/home/saykabot/AkilliMekatronikSistemler/ros2-ROV/rovws/install/camera_pkg:/opt/ros/humble /usr/bin/cmake --build /home/saykabot/AkilliMekatronikSistemler/ros2-ROV/rovws/build/cpp_pkg -- -j8 -l8
[0.700s] Invoking command in '/home/saykabot/AkilliMekatronikSistemler/ros2-ROV/rovws/build/cpp_pkg': CMAKE_PREFIX_PATH=${CMAKE_PREFIX_PATH}:/home/saykabot/ros2ws/install/selfpypkg:/home/saykabot/ros2ws/install/ros2_opencv:/home/saykabot/ros2ws/install/py_turtlesim_catchthemall:/home/saykabot/ros2ws/install/my_py_pkg:/home/saykabot/ros2ws/install/cam_pkg:/home/saykabot/AkilliMekatronikSistemler/ros2-ROV/rovws/install/py_pkg:/home/saykabot/AkilliMekatronikSistemler/ros2-ROV/rovws/install/camera_pkg:/opt/ros/humble /usr/bin/cmake --install /home/saykabot/AkilliMekatronikSistemler/ros2-ROV/rovws/build/cpp_pkg
[0.708s] -- Install configuration: ""
[0.708s] -- Up-to-date: /home/saykabot/AkilliMekatronikSistemler/ros2-ROV/rovws/install/cpp_pkg/lib/cpp_pkg/cppnode
[0.709s] -- Up-to-date: /home/saykabot/AkilliMekatronikSistemler/ros2-ROV/rovws/install/cpp_pkg/lib/cpp_pkg/number_counter
[0.709s] -- Up-to-date: /home/saykabot/AkilliMekatronikSistemler/ros2-ROV/rovws/install/cpp_pkg/lib/cpp_pkg/number_publisher
[0.709s] -- Up-to-date: /home/saykabot/AkilliMekatronikSistemler/ros2-ROV/rovws/install/cpp_pkg/share/ament_index/resource_index/package_run_dependencies/cpp_pkg
[0.710s] -- Up-to-date: /home/saykabot/AkilliMekatronikSistemler/ros2-ROV/rovws/install/cpp_pkg/share/ament_index/resource_index/parent_prefix_path/cpp_pkg
[0.710s] -- Up-to-date: /home/saykabot/AkilliMekatronikSistemler/ros2-ROV/rovws/install/cpp_pkg/share/cpp_pkg/environment/ament_prefix_path.sh
[0.710s] -- Up-to-date: /home/saykabot/AkilliMekatronikSistemler/ros2-ROV/rovws/install/cpp_pkg/share/cpp_pkg/environment/ament_prefix_path.dsv
[0.710s] -- Up-to-date: /home/saykabot/AkilliMekatronikSistemler/ros2-ROV/rovws/install/cpp_pkg/share/cpp_pkg/environment/path.sh
[0.710s] -- Up-to-date: /home/saykabot/AkilliMekatronikSistemler/ros2-ROV/rovws/install/cpp_pkg/share/cpp_pkg/environment/path.dsv
[0.711s] -- Up-to-date: /home/saykabot/AkilliMekatronikSistemler/ros2-ROV/rovws/install/cpp_pkg/share/cpp_pkg/local_setup.bash
[0.711s] -- Up-to-date: /home/saykabot/AkilliMekatronikSistemler/ros2-ROV/rovws/install/cpp_pkg/share/cpp_pkg/local_setup.sh
[0.711s] -- Up-to-date: /home/saykabot/AkilliMekatronikSistemler/ros2-ROV/rovws/install/cpp_pkg/share/cpp_pkg/local_setup.zsh
[0.711s] -- Up-to-date: /home/saykabot/AkilliMekatronikSistemler/ros2-ROV/rovws/install/cpp_pkg/share/cpp_pkg/local_setup.dsv
[0.711s] -- Installing: /home/saykabot/AkilliMekatronikSistemler/ros2-ROV/rovws/install/cpp_pkg/share/cpp_pkg/package.dsv
[0.711s] -- Up-to-date: /home/saykabot/AkilliMekatronikSistemler/ros2-ROV/rovws/install/cpp_pkg/share/ament_index/resource_index/packages/cpp_pkg
[0.711s] -- Up-to-date: /home/saykabot/AkilliMekatronikSistemler/ros2-ROV/rovws/install/cpp_pkg/share/cpp_pkg/cmake/cpp_pkgConfig.cmake
[0.712s] -- Up-to-date: /home/saykabot/AkilliMekatronikSistemler/ros2-ROV/rovws/install/cpp_pkg/share/cpp_pkg/cmake/cpp_pkgConfig-version.cmake
[0.712s] -- Up-to-date: /home/saykabot/AkilliMekatronikSistemler/ros2-ROV/rovws/install/cpp_pkg/share/cpp_pkg/package.xml
[0.713s] Invoked command in '/home/saykabot/AkilliMekatronikSistemler/ros2-ROV/rovws/build/cpp_pkg' returned '0': CMAKE_PREFIX_PATH=${CMAKE_PREFIX_PATH}:/home/saykabot/ros2ws/install/selfpypkg:/home/saykabot/ros2ws/install/ros2_opencv:/home/saykabot/ros2ws/install/py_turtlesim_catchthemall:/home/saykabot/ros2ws/install/my_py_pkg:/home/saykabot/ros2ws/install/cam_pkg:/home/saykabot/AkilliMekatronikSistemler/ros2-ROV/rovws/install/py_pkg:/home/saykabot/AkilliMekatronikSistemler/ros2-ROV/rovws/install/camera_pkg:/opt/ros/humble /usr/bin/cmake --install /home/saykabot/AkilliMekatronikSistemler/ros2-ROV/rovws/build/cpp_pkg
