[4.068s] Invoking command in '/home/saykabot/AkilliMekatronikSistemler/ros2-ROV/rovws/src/py_pkg': PYTHONPATH=/home/saykabot/AkilliMekatronikSistemler/ros2-ROV/rovws/build/py_pkg/prefix_override:/home/saykabot/AkilliMekatronikSistemler/ros2-ROV/rovws/install/py_pkg/lib/python3.10/site-packages:${PYTHONPATH} /usr/bin/python3 -W ignore:setup.py install is deprecated setup.py egg_info --egg-base ../../build/py_pkg build --build-base /home/saykabot/AkilliMekatronikSistemler/ros2-ROV/rovws/build/py_pkg/build install --record /home/saykabot/AkilliMekatronikSistemler/ros2-ROV/rovws/build/py_pkg/install.log --single-version-externally-managed install_data
[4.371s] running egg_info
[4.372s] writing ../../build/py_pkg/py_pkg.egg-info/PKG-INFO
[4.372s] writing dependency_links to ../../build/py_pkg/py_pkg.egg-info/dependency_links.txt
[4.373s] writing entry points to ../../build/py_pkg/py_pkg.egg-info/entry_points.txt
[4.373s] writing requirements to ../../build/py_pkg/py_pkg.egg-info/requires.txt
[4.373s] writing top-level names to ../../build/py_pkg/py_pkg.egg-info/top_level.txt
[4.375s] reading manifest file '../../build/py_pkg/py_pkg.egg-info/SOURCES.txt'
[4.420s] writing manifest file '../../build/py_pkg/py_pkg.egg-info/SOURCES.txt'
[4.420s] running build
[4.420s] running build_py
[4.421s] running install
[4.421s] running install_lib
[4.423s] running install_data
[4.423s] running install_egg_info
[4.425s] removing '/home/saykabot/AkilliMekatronikSistemler/ros2-ROV/rovws/install/py_pkg/lib/python3.10/site-packages/py_pkg-0.0.0-py3.10.egg-info' (and everything under it)
[4.425s] Copying ../../build/py_pkg/py_pkg.egg-info to /home/saykabot/AkilliMekatronikSistemler/ros2-ROV/rovws/install/py_pkg/lib/python3.10/site-packages/py_pkg-0.0.0-py3.10.egg-info
[4.460s] running install_scripts
[4.484s] Installing number_counter script to /home/saykabot/AkilliMekatronikSistemler/ros2-ROV/rovws/install/py_pkg/lib/py_pkg
[4.485s] Installing number_publisher script to /home/saykabot/AkilliMekatronikSistemler/ros2-ROV/rovws/install/py_pkg/lib/py_pkg
[4.485s] Installing pynode script to /home/saykabot/AkilliMekatronikSistemler/ros2-ROV/rovws/install/py_pkg/lib/py_pkg
[4.486s] writing list of installed files to '/home/saykabot/AkilliMekatronikSistemler/ros2-ROV/rovws/build/py_pkg/install.log'
[4.517s] Invoked command in '/home/saykabot/AkilliMekatronikSistemler/ros2-ROV/rovws/src/py_pkg' returned '0': PYTHONPATH=/home/saykabot/AkilliMekatronikSistemler/ros2-ROV/rovws/build/py_pkg/prefix_override:/home/saykabot/AkilliMekatronikSistemler/ros2-ROV/rovws/install/py_pkg/lib/python3.10/site-packages:${PYTHONPATH} /usr/bin/python3 -W ignore:setup.py install is deprecated setup.py egg_info --egg-base ../../build/py_pkg build --build-base /home/saykabot/AkilliMekatronikSistemler/ros2-ROV/rovws/build/py_pkg/build install --record /home/saykabot/AkilliMekatronikSistemler/ros2-ROV/rovws/build/py_pkg/install.log --single-version-externally-managed install_data
