[1.603s] Invoking command in '/home/saykabot/Desktop/ros2-ROV/rovws/src/pixhawk_pkg': PYTHONPATH=/home/saykabot/Desktop/ros2-ROV/rovws/build/pixhawk_pkg/prefix_override:/home/saykabot/Desktop/ros2-ROV/rovws/install/pixhawk_pkg/lib/python3.10/site-packages:${PYTHONPATH} /usr/bin/python3 -W ignore:setup.py install is deprecated setup.py egg_info --egg-base ../../build/pixhawk_pkg build --build-base /home/saykabot/Desktop/ros2-ROV/rovws/build/pixhawk_pkg/build install --record /home/saykabot/Desktop/ros2-ROV/rovws/build/pixhawk_pkg/install.log --single-version-externally-managed install_data
[1.900s] running egg_info
[1.901s] writing ../../build/pixhawk_pkg/pixhawk_pkg.egg-info/PKG-INFO
[1.901s] writing dependency_links to ../../build/pixhawk_pkg/pixhawk_pkg.egg-info/dependency_links.txt
[1.901s] writing entry points to ../../build/pixhawk_pkg/pixhawk_pkg.egg-info/entry_points.txt
[1.901s] writing requirements to ../../build/pixhawk_pkg/pixhawk_pkg.egg-info/requires.txt
[1.902s] writing top-level names to ../../build/pixhawk_pkg/pixhawk_pkg.egg-info/top_level.txt
[1.904s] reading manifest file '../../build/pixhawk_pkg/pixhawk_pkg.egg-info/SOURCES.txt'
[1.905s] writing manifest file '../../build/pixhawk_pkg/pixhawk_pkg.egg-info/SOURCES.txt'
[1.905s] running build
[1.905s] running build_py
[1.905s] copying pixhawk_pkg/pix_pub.py -> /home/saykabot/Desktop/ros2-ROV/rovws/build/pixhawk_pkg/build/lib/pixhawk_pkg
[1.905s] running install
[1.906s] running install_lib
[1.907s] copying /home/saykabot/Desktop/ros2-ROV/rovws/build/pixhawk_pkg/build/lib/pixhawk_pkg/pix_pub.py -> /home/saykabot/Desktop/ros2-ROV/rovws/install/pixhawk_pkg/lib/python3.10/site-packages/pixhawk_pkg
[1.907s] byte-compiling /home/saykabot/Desktop/ros2-ROV/rovws/install/pixhawk_pkg/lib/python3.10/site-packages/pixhawk_pkg/pix_pub.py to pix_pub.cpython-310.pyc
[1.908s] running install_data
[1.908s] running install_egg_info
[1.911s] removing '/home/saykabot/Desktop/ros2-ROV/rovws/install/pixhawk_pkg/lib/python3.10/site-packages/pixhawk_pkg-0.0.0-py3.10.egg-info' (and everything under it)
[1.911s] Copying ../../build/pixhawk_pkg/pixhawk_pkg.egg-info to /home/saykabot/Desktop/ros2-ROV/rovws/install/pixhawk_pkg/lib/python3.10/site-packages/pixhawk_pkg-0.0.0-py3.10.egg-info
[1.912s] running install_scripts
[1.938s] Installing pix_pub script to /home/saykabot/Desktop/ros2-ROV/rovws/install/pixhawk_pkg/lib/pixhawk_pkg
[1.939s] writing list of installed files to '/home/saykabot/Desktop/ros2-ROV/rovws/build/pixhawk_pkg/install.log'
[1.993s] Invoked command in '/home/saykabot/Desktop/ros2-ROV/rovws/src/pixhawk_pkg' returned '0': PYTHONPATH=/home/saykabot/Desktop/ros2-ROV/rovws/build/pixhawk_pkg/prefix_override:/home/saykabot/Desktop/ros2-ROV/rovws/install/pixhawk_pkg/lib/python3.10/site-packages:${PYTHONPATH} /usr/bin/python3 -W ignore:setup.py install is deprecated setup.py egg_info --egg-base ../../build/pixhawk_pkg build --build-base /home/saykabot/Desktop/ros2-ROV/rovws/build/pixhawk_pkg/build install --record /home/saykabot/Desktop/ros2-ROV/rovws/build/pixhawk_pkg/install.log --single-version-externally-managed install_data
