[1.640s] Invoking command in '/home/saykabot/Desktop/ros2-ROV/rovws/src/keyboard_teleop': PYTHONPATH=/home/saykabot/Desktop/ros2-ROV/rovws/build/keyboard_teleop/prefix_override:/home/saykabot/Desktop/ros2-ROV/rovws/install/keyboard_teleop/lib/python3.10/site-packages:${PYTHONPATH} /usr/bin/python3 -W ignore:setup.py install is deprecated setup.py egg_info --egg-base ../../build/keyboard_teleop build --build-base /home/saykabot/Desktop/ros2-ROV/rovws/build/keyboard_teleop/build install --record /home/saykabot/Desktop/ros2-ROV/rovws/build/keyboard_teleop/install.log --single-version-externally-managed install_data
[1.935s] running egg_info
[1.936s] writing ../../build/keyboard_teleop/keyboard_teleop.egg-info/PKG-INFO
[1.936s] writing dependency_links to ../../build/keyboard_teleop/keyboard_teleop.egg-info/dependency_links.txt
[1.937s] writing entry points to ../../build/keyboard_teleop/keyboard_teleop.egg-info/entry_points.txt
[1.937s] writing requirements to ../../build/keyboard_teleop/keyboard_teleop.egg-info/requires.txt
[1.937s] writing top-level names to ../../build/keyboard_teleop/keyboard_teleop.egg-info/top_level.txt
[1.940s] reading manifest file '../../build/keyboard_teleop/keyboard_teleop.egg-info/SOURCES.txt'
[1.941s] writing manifest file '../../build/keyboard_teleop/keyboard_teleop.egg-info/SOURCES.txt'
[1.941s] running build
[1.941s] running build_py
[1.941s] running install
[1.942s] running install_lib
[1.943s] running install_data
[1.943s] running install_egg_info
[1.946s] removing '/home/saykabot/Desktop/ros2-ROV/rovws/install/keyboard_teleop/lib/python3.10/site-packages/keyboard_teleop-0.0.0-py3.10.egg-info' (and everything under it)
[1.946s] Copying ../../build/keyboard_teleop/keyboard_teleop.egg-info to /home/saykabot/Desktop/ros2-ROV/rovws/install/keyboard_teleop/lib/python3.10/site-packages/keyboard_teleop-0.0.0-py3.10.egg-info
[1.947s] running install_scripts
[1.976s] Installing keyboard script to /home/saykabot/Desktop/ros2-ROV/rovws/install/keyboard_teleop/lib/keyboard_teleop
[1.977s] writing list of installed files to '/home/saykabot/Desktop/ros2-ROV/rovws/build/keyboard_teleop/install.log'
[2.020s] Invoked command in '/home/saykabot/Desktop/ros2-ROV/rovws/src/keyboard_teleop' returned '0': PYTHONPATH=/home/saykabot/Desktop/ros2-ROV/rovws/build/keyboard_teleop/prefix_override:/home/saykabot/Desktop/ros2-ROV/rovws/install/keyboard_teleop/lib/python3.10/site-packages:${PYTHONPATH} /usr/bin/python3 -W ignore:setup.py install is deprecated setup.py egg_info --egg-base ../../build/keyboard_teleop build --build-base /home/saykabot/Desktop/ros2-ROV/rovws/build/keyboard_teleop/build install --record /home/saykabot/Desktop/ros2-ROV/rovws/build/keyboard_teleop/install.log --single-version-externally-managed install_data
