[1.055s] Invoking command in '/home/saykabot/AkilliMekatronikSistemler/ros2-ROV/rovws/src/py_pkg': PYTHONPATH=/home/saykabot/AkilliMekatronikSistemler/ros2-ROV/rovws/build/py_pkg/prefix_override:/home/saykabot/AkilliMekatronikSistemler/ros2-ROV/rovws/install/py_pkg/lib/python3.10/site-packages:${PYTHONPATH} /usr/bin/python3 setup.py egg_info --egg-base ../../build/py_pkg build --build-base /home/saykabot/AkilliMekatronikSistemler/ros2-ROV/rovws/build/py_pkg/build install --record /home/saykabot/AkilliMekatronikSistemler/ros2-ROV/rovws/build/py_pkg/install.log --single-version-externally-managed
[1.356s] running egg_info
[1.357s] writing ../../build/py_pkg/py_pkg.egg-info/PKG-INFO
[1.357s] writing dependency_links to ../../build/py_pkg/py_pkg.egg-info/dependency_links.txt
[1.358s] writing entry points to ../../build/py_pkg/py_pkg.egg-info/entry_points.txt
[1.358s] writing requirements to ../../build/py_pkg/py_pkg.egg-info/requires.txt
[1.358s] writing top-level names to ../../build/py_pkg/py_pkg.egg-info/top_level.txt
[1.361s] reading manifest file '../../build/py_pkg/py_pkg.egg-info/SOURCES.txt'
[1.362s] writing manifest file '../../build/py_pkg/py_pkg.egg-info/SOURCES.txt'
[1.362s] running build
[1.362s] running build_py
[1.363s] running install
[1.363s] running install_lib
[1.365s] running install_data
[1.366s] running install_egg_info
[1.368s] removing '/home/saykabot/AkilliMekatronikSistemler/ros2-ROV/rovws/install/py_pkg/lib/python3.10/site-packages/py_pkg-0.0.0-py3.10.egg-info' (and everything under it)
[1.369s] Copying ../../build/py_pkg/py_pkg.egg-info to /home/saykabot/AkilliMekatronikSistemler/ros2-ROV/rovws/install/py_pkg/lib/python3.10/site-packages/py_pkg-0.0.0-py3.10.egg-info
[1.370s] running install_scripts
[1.392s] Installing pynode script to /home/saykabot/AkilliMekatronikSistemler/ros2-ROV/rovws/install/py_pkg/lib/py_pkg
[1.392s] writing list of installed files to '/home/saykabot/AkilliMekatronikSistemler/ros2-ROV/rovws/build/py_pkg/install.log'
[1.419s] Invoked command in '/home/saykabot/AkilliMekatronikSistemler/ros2-ROV/rovws/src/py_pkg' returned '0': PYTHONPATH=/home/saykabot/AkilliMekatronikSistemler/ros2-ROV/rovws/build/py_pkg/prefix_override:/home/saykabot/AkilliMekatronikSistemler/ros2-ROV/rovws/install/py_pkg/lib/python3.10/site-packages:${PYTHONPATH} /usr/bin/python3 setup.py egg_info --egg-base ../../build/py_pkg build --build-base /home/saykabot/AkilliMekatronikSistemler/ros2-ROV/rovws/build/py_pkg/build install --record /home/saykabot/AkilliMekatronikSistemler/ros2-ROV/rovws/build/py_pkg/install.log --single-version-externally-managed
