[3.411s] Invoking command in '/home/saykabot/AkilliMekatronikSistemler/ros2-ROV/rovws/src/py_pkg': PYTHONPATH=/home/saykabot/AkilliMekatronikSistemler/ros2-ROV/rovws/build/py_pkg/prefix_override:/home/saykabot/AkilliMekatronikSistemler/ros2-ROV/rovws/install/py_pkg/lib/python3.10/site-packages:${PYTHONPATH} /usr/bin/python3 -W ignore:setup.py install is deprecated setup.py egg_info --egg-base ../../build/py_pkg build --build-base /home/saykabot/AkilliMekatronikSistemler/ros2-ROV/rovws/build/py_pkg/build install --record /home/saykabot/AkilliMekatronikSistemler/ros2-ROV/rovws/build/py_pkg/install.log --single-version-externally-managed install_data
[3.707s] running egg_info
[3.707s] writing ../../build/py_pkg/py_pkg.egg-info/PKG-INFO
[3.708s] writing dependency_links to ../../build/py_pkg/py_pkg.egg-info/dependency_links.txt
[3.708s] writing entry points to ../../build/py_pkg/py_pkg.egg-info/entry_points.txt
[3.708s] writing requirements to ../../build/py_pkg/py_pkg.egg-info/requires.txt
[3.708s] writing top-level names to ../../build/py_pkg/py_pkg.egg-info/top_level.txt
[3.710s] reading manifest file '../../build/py_pkg/py_pkg.egg-info/SOURCES.txt'
[3.727s] writing manifest file '../../build/py_pkg/py_pkg.egg-info/SOURCES.txt'
[3.727s] running build
[3.727s] running build_py
[3.727s] running install
[3.727s] running install_lib
[3.729s] running install_data
[3.729s] copying package.xml -> /home/saykabot/AkilliMekatronikSistemler/ros2-ROV/rovws/install/py_pkg/share/py_pkg
[3.729s] running install_egg_info
[3.731s] removing '/home/saykabot/AkilliMekatronikSistemler/ros2-ROV/rovws/install/py_pkg/lib/python3.10/site-packages/py_pkg-0.0.0-py3.10.egg-info' (and everything under it)
[3.731s] Copying ../../build/py_pkg/py_pkg.egg-info to /home/saykabot/AkilliMekatronikSistemler/ros2-ROV/rovws/install/py_pkg/lib/python3.10/site-packages/py_pkg-0.0.0-py3.10.egg-info
[3.746s] running install_scripts
[3.768s] Installing number_counter script to /home/saykabot/AkilliMekatronikSistemler/ros2-ROV/rovws/install/py_pkg/lib/py_pkg
[3.768s] Installing number_publisher script to /home/saykabot/AkilliMekatronikSistemler/ros2-ROV/rovws/install/py_pkg/lib/py_pkg
[3.769s] Installing pynode script to /home/saykabot/AkilliMekatronikSistemler/ros2-ROV/rovws/install/py_pkg/lib/py_pkg
[3.769s] writing list of installed files to '/home/saykabot/AkilliMekatronikSistemler/ros2-ROV/rovws/build/py_pkg/install.log'
[3.793s] Invoked command in '/home/saykabot/AkilliMekatronikSistemler/ros2-ROV/rovws/src/py_pkg' returned '0': PYTHONPATH=/home/saykabot/AkilliMekatronikSistemler/ros2-ROV/rovws/build/py_pkg/prefix_override:/home/saykabot/AkilliMekatronikSistemler/ros2-ROV/rovws/install/py_pkg/lib/python3.10/site-packages:${PYTHONPATH} /usr/bin/python3 -W ignore:setup.py install is deprecated setup.py egg_info --egg-base ../../build/py_pkg build --build-base /home/saykabot/AkilliMekatronikSistemler/ros2-ROV/rovws/build/py_pkg/build install --record /home/saykabot/AkilliMekatronikSistemler/ros2-ROV/rovws/build/py_pkg/install.log --single-version-externally-managed install_data
