[1.117s] Invoking command in '/home/saykabot/Desktop/ros2-ROV/rovws/build/teleop_twist_joy': CMAKE_PREFIX_PATH=${CMAKE_PREFIX_PATH}:/home/saykabot/Desktop/ros2ws/install/turtlesim_catch_them_all:/home/saykabot/Desktop/ros2ws/install/selfpypkg:/home/saykabot/Desktop/ros2ws/install/ros2_opencv:/home/saykabot/Desktop/ros2ws/install/py_turtlesim_catchthemall:/home/saykabot/Desktop/ros2ws/install/pixhawk_pkg:/home/saykabot/Desktop/ros2ws/install/my_py_pkg:/home/saykabot/Desktop/ros2ws/install/keyboard_teleop:/home/saykabot/Desktop/ros2ws/install/exam:/home/saykabot/Desktop/ros2ws/install/cam_pkg:/opt/ros/humble /usr/bin/cmake /home/saykabot/Desktop/ros2-ROV/rovws/src/teleop_twist_joy -DCMAKE_INSTALL_PREFIX=/home/saykabot/Desktop/ros2-ROV/rovws/install/teleop_twist_joy
[1.296s] -- The C compiler identification is GNU 11.4.0
[1.454s] -- The CXX compiler identification is GNU 11.4.0
[1.470s] -- Detecting C compiler ABI info
[1.556s] -- Detecting C compiler ABI info - done
[1.564s] -- Check for working C compiler: /usr/bin/cc - skipped
[1.566s] -- Detecting C compile features
[1.567s] -- Detecting C compile features - done
[1.571s] -- Detecting CXX compiler ABI info
[1.673s] -- Detecting CXX compiler ABI info - done
[1.683s] -- Check for working CXX compiler: /usr/bin/c++ - skipped
[1.683s] -- Detecting CXX compile features
[1.684s] -- Detecting CXX compile features - done
[1.690s] -- Found ament_cmake: 1.3.8 (/opt/ros/humble/share/ament_cmake/cmake)
[1.864s] -- Found Python3: /usr/bin/python3 (found version "3.10.12") found components: Interpreter 
[2.010s] -- Found geometry_msgs: 4.2.3 (/opt/ros/humble/share/geometry_msgs/cmake)
[2.082s] -- Found rosidl_generator_c: 3.1.5 (/opt/ros/humble/share/rosidl_generator_c/cmake)
[2.093s] -- Found rosidl_adapter: 3.1.5 (/opt/ros/humble/share/rosidl_adapter/cmake)
[2.109s] -- Found rosidl_generator_cpp: 3.1.5 (/opt/ros/humble/share/rosidl_generator_cpp/cmake)
[2.135s] -- Using all available rosidl_typesupport_c: rosidl_typesupport_fastrtps_c;rosidl_typesupport_introspection_c
[2.166s] -- Using all available rosidl_typesupport_cpp: rosidl_typesupport_fastrtps_cpp;rosidl_typesupport_introspection_cpp
[2.309s] -- Found rclcpp: 16.0.8 (/opt/ros/humble/share/rclcpp/cmake)
[2.407s] -- Found rmw_implementation_cmake: 6.1.1 (/opt/ros/humble/share/rmw_implementation_cmake/cmake)
[2.413s] -- Found rmw_fastrtps_cpp: 6.2.6 (/opt/ros/humble/share/rmw_fastrtps_cpp/cmake)
[2.545s] -- Found OpenSSL: /usr/lib/x86_64-linux-gnu/libcrypto.so (found version "3.0.2")  
[2.582s] -- Found FastRTPS: /opt/ros/humble/include  
[2.632s] -- Using RMW implementation 'rmw_fastrtps_cpp' as default
[2.651s] -- Looking for pthread.h
[2.738s] -- Looking for pthread.h - found
[2.738s] -- Performing Test CMAKE_HAVE_LIBC_PTHREAD
[2.812s] -- Performing Test CMAKE_HAVE_LIBC_PTHREAD - Success
[2.814s] -- Found Threads: TRUE  
[2.969s] -- Found rclcpp_components: 16.0.8 (/opt/ros/humble/share/rclcpp_components/cmake)
[3.056s] -- Found sensor_msgs: 4.2.3 (/opt/ros/humble/share/sensor_msgs/cmake)
[3.166s] -- Performing Test COMPILER_HAS_HIDDEN_VISIBILITY
[3.251s] -- Performing Test COMPILER_HAS_HIDDEN_VISIBILITY - Success
[3.252s] -- Performing Test COMPILER_HAS_HIDDEN_INLINE_VISIBILITY
[3.328s] -- Performing Test COMPILER_HAS_HIDDEN_INLINE_VISIBILITY - Success
[3.328s] -- Performing Test COMPILER_HAS_DEPRECATED_ATTR
[3.412s] -- Performing Test COMPILER_HAS_DEPRECATED_ATTR - Success
[3.418s] -- Found ament_lint_auto: 0.12.10 (/opt/ros/humble/share/ament_lint_auto/cmake)
[3.531s] -- Found python_cmake_module: 0.10.0 (/opt/ros/humble/share/python_cmake_module/cmake)
[3.555s] -- Found PythonInterp: /usr/bin/python3 (found suitable version "3.10.12", minimum required is "3.6") 
[3.562s] -- Found PythonLibs: /usr/lib/x86_64-linux-gnu/libpython3.10.so (found suitable version "3.10.12", minimum required is "3.5") 
[3.562s] -- Using PYTHON_EXECUTABLE: /usr/bin/python3
[3.562s] -- Using PYTHON_INCLUDE_DIRS: /usr/include/python3.10
[3.562s] -- Using PYTHON_LIBRARIES: /usr/lib/x86_64-linux-gnu/libpython3.10.so
[3.586s] -- Found PythonExtra: .so  
[3.613s] -- Added test 'cppcheck' to perform static code analysis on C / C++ code
[3.613s] -- Configured cppcheck include dirs: $<BUILD_INTERFACE:/home/saykabot/Desktop/ros2-ROV/rovws/src/teleop_twist_joy/include>
[3.613s] -- Configured cppcheck exclude dirs and/or files: 
[3.618s] -- Added test 'cpplint' to check C / C++ code against the Google style
[3.618s] -- Configured cpplint exclude dirs and/or files: 
[3.619s] -- Added test 'flake8' to check Python code syntax and style conventions
[3.621s] -- Added test 'lint_cmake' to check CMake code style
[3.622s] -- Added test 'pep257' to check Python code against some of the docstring style conventions in PEP 257
[3.627s] -- Added test 'uncrustify' to check C / C++ code style
[3.627s] -- Configured uncrustify additional arguments: 
[3.628s] -- Added test 'xmllint' to check XML markup files
[3.634s] -- Configuring done
[3.648s] -- Generating done
[3.650s] -- Build files have been written to: /home/saykabot/Desktop/ros2-ROV/rovws/build/teleop_twist_joy
