running egg_info
creating ../../build/camera_pkg/camera_pkg.egg-info
writing ../../build/camera_pkg/camera_pkg.egg-info/PKG-INFO
writing dependency_links to ../../build/camera_pkg/camera_pkg.egg-info/dependency_links.txt
writing entry points to ../../build/camera_pkg/camera_pkg.egg-info/entry_points.txt
writing requirements to ../../build/camera_pkg/camera_pkg.egg-info/requires.txt
writing top-level names to ../../build/camera_pkg/camera_pkg.egg-info/top_level.txt
writing manifest file '../../build/camera_pkg/camera_pkg.egg-info/SOURCES.txt'
reading manifest file '../../build/camera_pkg/camera_pkg.egg-info/SOURCES.txt'
writing manifest file '../../build/camera_pkg/camera_pkg.egg-info/SOURCES.txt'
running build
running build_py
creating /home/saykabot/AkilliMekatronikSistemler/ros2-ROV/rovws/build/camera_pkg/build
creating /home/saykabot/AkilliMekatronikSistemler/ros2-ROV/rovws/build/camera_pkg/build/lib
creating /home/saykabot/AkilliMekatronikSistemler/ros2-ROV/rovws/build/camera_pkg/build/lib/camera_pkg
copying camera_pkg/cameraPublisher.py -> /home/saykabot/AkilliMekatronikSistemler/ros2-ROV/rovws/build/camera_pkg/build/lib/camera_pkg
copying camera_pkg/__init__.py -> /home/saykabot/AkilliMekatronikSistemler/ros2-ROV/rovws/build/camera_pkg/build/lib/camera_pkg
copying camera_pkg/subscriberImage.py -> /home/saykabot/AkilliMekatronikSistemler/ros2-ROV/rovws/build/camera_pkg/build/lib/camera_pkg
running install
running install_lib
creating /home/saykabot/AkilliMekatronikSistemler/ros2-ROV/rovws/install/camera_pkg/lib/python3.10/site-packages/camera_pkg
copying /home/saykabot/AkilliMekatronikSistemler/ros2-ROV/rovws/build/camera_pkg/build/lib/camera_pkg/cameraPublisher.py -> /home/saykabot/AkilliMekatronikSistemler/ros2-ROV/rovws/install/camera_pkg/lib/python3.10/site-packages/camera_pkg
copying /home/saykabot/AkilliMekatronikSistemler/ros2-ROV/rovws/build/camera_pkg/build/lib/camera_pkg/__init__.py -> /home/saykabot/AkilliMekatronikSistemler/ros2-ROV/rovws/install/camera_pkg/lib/python3.10/site-packages/camera_pkg
copying /home/saykabot/AkilliMekatronikSistemler/ros2-ROV/rovws/build/camera_pkg/build/lib/camera_pkg/subscriberImage.py -> /home/saykabot/AkilliMekatronikSistemler/ros2-ROV/rovws/install/camera_pkg/lib/python3.10/site-packages/camera_pkg
byte-compiling /home/saykabot/AkilliMekatronikSistemler/ros2-ROV/rovws/install/camera_pkg/lib/python3.10/site-packages/camera_pkg/cameraPublisher.py to cameraPublisher.cpython-310.pyc
byte-compiling /home/saykabot/AkilliMekatronikSistemler/ros2-ROV/rovws/install/camera_pkg/lib/python3.10/site-packages/camera_pkg/__init__.py to __init__.cpython-310.pyc
byte-compiling /home/saykabot/AkilliMekatronikSistemler/ros2-ROV/rovws/install/camera_pkg/lib/python3.10/site-packages/camera_pkg/subscriberImage.py to subscriberImage.cpython-310.pyc
running install_data
creating /home/saykabot/AkilliMekatronikSistemler/ros2-ROV/rovws/install/camera_pkg/share/ament_index
creating /home/saykabot/AkilliMekatronikSistemler/ros2-ROV/rovws/install/camera_pkg/share/ament_index/resource_index
creating /home/saykabot/AkilliMekatronikSistemler/ros2-ROV/rovws/install/camera_pkg/share/ament_index/resource_index/packages
copying resource/camera_pkg -> /home/saykabot/AkilliMekatronikSistemler/ros2-ROV/rovws/install/camera_pkg/share/ament_index/resource_index/packages
copying package.xml -> /home/saykabot/AkilliMekatronikSistemler/ros2-ROV/rovws/install/camera_pkg/share/camera_pkg
running install_egg_info
Copying ../../build/camera_pkg/camera_pkg.egg-info to /home/saykabot/AkilliMekatronikSistemler/ros2-ROV/rovws/install/camera_pkg/lib/python3.10/site-packages/camera_pkg-0.0.0-py3.10.egg-info
running install_scripts
writing list of installed files to '/home/saykabot/AkilliMekatronikSistemler/ros2-ROV/rovws/build/camera_pkg/install.log'
