[100%] Built target cppnode
[100%] Built target number_counter
[100%] Built target number_publisher
-- Install configuration: ""
-- Up-to-date: /home/saykabot/Desktop/ros2-ROV/rovws/install/cpp_pkg/lib/cpp_pkg/cppnode
-- Up-to-date: /home/saykabot/Desktop/ros2-ROV/rovws/install/cpp_pkg/lib/cpp_pkg/number_counter
-- Up-to-date: /home/saykabot/Desktop/ros2-ROV/rovws/install/cpp_pkg/lib/cpp_pkg/number_publisher
-- Up-to-date: /home/saykabot/Desktop/ros2-ROV/rovws/install/cpp_pkg/share/ament_index/resource_index/package_run_dependencies/cpp_pkg
-- Up-to-date: /home/saykabot/Desktop/ros2-ROV/rovws/install/cpp_pkg/share/ament_index/resource_index/parent_prefix_path/cpp_pkg
-- Up-to-date: /home/saykabot/Desktop/ros2-ROV/rovws/install/cpp_pkg/share/cpp_pkg/environment/ament_prefix_path.sh
-- Up-to-date: /home/saykabot/Desktop/ros2-ROV/rovws/install/cpp_pkg/share/cpp_pkg/environment/ament_prefix_path.dsv
-- Up-to-date: /home/saykabot/Desktop/ros2-ROV/rovws/install/cpp_pkg/share/cpp_pkg/environment/path.sh
-- Up-to-date: /home/saykabot/Desktop/ros2-ROV/rovws/install/cpp_pkg/share/cpp_pkg/environment/path.dsv
-- Up-to-date: /home/saykabot/Desktop/ros2-ROV/rovws/install/cpp_pkg/share/cpp_pkg/local_setup.bash
-- Up-to-date: /home/saykabot/Desktop/ros2-ROV/rovws/install/cpp_pkg/share/cpp_pkg/local_setup.sh
-- Up-to-date: /home/saykabot/Desktop/ros2-ROV/rovws/install/cpp_pkg/share/cpp_pkg/local_setup.zsh
-- Up-to-date: /home/saykabot/Desktop/ros2-ROV/rovws/install/cpp_pkg/share/cpp_pkg/local_setup.dsv
-- Up-to-date: /home/saykabot/Desktop/ros2-ROV/rovws/install/cpp_pkg/share/cpp_pkg/package.dsv
-- Up-to-date: /home/saykabot/Desktop/ros2-ROV/rovws/install/cpp_pkg/share/ament_index/resource_index/packages/cpp_pkg
-- Up-to-date: /home/saykabot/Desktop/ros2-ROV/rovws/install/cpp_pkg/share/cpp_pkg/cmake/cpp_pkgConfig.cmake
-- Up-to-date: /home/saykabot/Desktop/ros2-ROV/rovws/install/cpp_pkg/share/cpp_pkg/cmake/cpp_pkgConfig-version.cmake
-- Up-to-date: /home/saykabot/Desktop/ros2-ROV/rovws/install/cpp_pkg/share/cpp_pkg/package.xml
