[0.304s] Invoking command in '/home/saykabot/Desktop/ros2-ROV/rovws/build/cpp_pkg': CMAKE_PREFIX_PATH=${CMAKE_PREFIX_PATH}:/home/saykabot/Desktop/ros2ws/install/turtlesim_catch_them_all:/home/saykabot/Desktop/ros2ws/install/selfpypkg:/home/saykabot/Desktop/ros2ws/install/ros2_opencv:/home/saykabot/Desktop/ros2ws/install/py_turtlesim_catchthemall:/home/saykabot/Desktop/ros2ws/install/pixhawk_pkg:/home/saykabot/Desktop/ros2ws/install/my_py_pkg:/home/saykabot/Desktop/ros2ws/install/keyboard_teleop:/home/saykabot/Desktop/ros2ws/install/exam:/home/saykabot/Desktop/ros2ws/install/cam_pkg:/opt/ros/humble /usr/bin/cmake --build /home/saykabot/Desktop/ros2-ROV/rovws/build/cpp_pkg -- -j8 -l8
[1.118s] [100%] Built target cppnode
[1.119s] [100%] Built target number_counter
[1.119s] [100%] Built target number_publisher
[1.125s] Invoked command in '/home/saykabot/Desktop/ros2-ROV/rovws/build/cpp_pkg' returned '0': CMAKE_PREFIX_PATH=${CMAKE_PREFIX_PATH}:/home/saykabot/Desktop/ros2ws/install/turtlesim_catch_them_all:/home/saykabot/Desktop/ros2ws/install/selfpypkg:/home/saykabot/Desktop/ros2ws/install/ros2_opencv:/home/saykabot/Desktop/ros2ws/install/py_turtlesim_catchthemall:/home/saykabot/Desktop/ros2ws/install/pixhawk_pkg:/home/saykabot/Desktop/ros2ws/install/my_py_pkg:/home/saykabot/Desktop/ros2ws/install/keyboard_teleop:/home/saykabot/Desktop/ros2ws/install/exam:/home/saykabot/Desktop/ros2ws/install/cam_pkg:/opt/ros/humble /usr/bin/cmake --build /home/saykabot/Desktop/ros2-ROV/rovws/build/cpp_pkg -- -j8 -l8
[1.185s] Invoking command in '/home/saykabot/Desktop/ros2-ROV/rovws/build/cpp_pkg': CMAKE_PREFIX_PATH=${CMAKE_PREFIX_PATH}:/home/saykabot/Desktop/ros2ws/install/turtlesim_catch_them_all:/home/saykabot/Desktop/ros2ws/install/selfpypkg:/home/saykabot/Desktop/ros2ws/install/ros2_opencv:/home/saykabot/Desktop/ros2ws/install/py_turtlesim_catchthemall:/home/saykabot/Desktop/ros2ws/install/pixhawk_pkg:/home/saykabot/Desktop/ros2ws/install/my_py_pkg:/home/saykabot/Desktop/ros2ws/install/keyboard_teleop:/home/saykabot/Desktop/ros2ws/install/exam:/home/saykabot/Desktop/ros2ws/install/cam_pkg:/opt/ros/humble /usr/bin/cmake --install /home/saykabot/Desktop/ros2-ROV/rovws/build/cpp_pkg
[1.197s] -- Install configuration: ""
[1.197s] -- Up-to-date: /home/saykabot/Desktop/ros2-ROV/rovws/install/cpp_pkg/lib/cpp_pkg/cppnode
[1.198s] -- Up-to-date: /home/saykabot/Desktop/ros2-ROV/rovws/install/cpp_pkg/lib/cpp_pkg/number_counter
[1.198s] -- Up-to-date: /home/saykabot/Desktop/ros2-ROV/rovws/install/cpp_pkg/lib/cpp_pkg/number_publisher
[1.199s] -- Up-to-date: /home/saykabot/Desktop/ros2-ROV/rovws/install/cpp_pkg/share/ament_index/resource_index/package_run_dependencies/cpp_pkg
[1.199s] -- Up-to-date: /home/saykabot/Desktop/ros2-ROV/rovws/install/cpp_pkg/share/ament_index/resource_index/parent_prefix_path/cpp_pkg
[1.199s] -- Up-to-date: /home/saykabot/Desktop/ros2-ROV/rovws/install/cpp_pkg/share/cpp_pkg/environment/ament_prefix_path.sh
[1.199s] -- Up-to-date: /home/saykabot/Desktop/ros2-ROV/rovws/install/cpp_pkg/share/cpp_pkg/environment/ament_prefix_path.dsv
[1.200s] -- Up-to-date: /home/saykabot/Desktop/ros2-ROV/rovws/install/cpp_pkg/share/cpp_pkg/environment/path.sh
[1.200s] -- Up-to-date: /home/saykabot/Desktop/ros2-ROV/rovws/install/cpp_pkg/share/cpp_pkg/environment/path.dsv
[1.200s] -- Up-to-date: /home/saykabot/Desktop/ros2-ROV/rovws/install/cpp_pkg/share/cpp_pkg/local_setup.bash
[1.200s] -- Up-to-date: /home/saykabot/Desktop/ros2-ROV/rovws/install/cpp_pkg/share/cpp_pkg/local_setup.sh
[1.200s] -- Up-to-date: /home/saykabot/Desktop/ros2-ROV/rovws/install/cpp_pkg/share/cpp_pkg/local_setup.zsh
[1.200s] -- Up-to-date: /home/saykabot/Desktop/ros2-ROV/rovws/install/cpp_pkg/share/cpp_pkg/local_setup.dsv
[1.200s] -- Up-to-date: /home/saykabot/Desktop/ros2-ROV/rovws/install/cpp_pkg/share/cpp_pkg/package.dsv
[1.201s] -- Up-to-date: /home/saykabot/Desktop/ros2-ROV/rovws/install/cpp_pkg/share/ament_index/resource_index/packages/cpp_pkg
[1.201s] -- Up-to-date: /home/saykabot/Desktop/ros2-ROV/rovws/install/cpp_pkg/share/cpp_pkg/cmake/cpp_pkgConfig.cmake
[1.201s] -- Up-to-date: /home/saykabot/Desktop/ros2-ROV/rovws/install/cpp_pkg/share/cpp_pkg/cmake/cpp_pkgConfig-version.cmake
[1.201s] -- Up-to-date: /home/saykabot/Desktop/ros2-ROV/rovws/install/cpp_pkg/share/cpp_pkg/package.xml
[1.203s] Invoked command in '/home/saykabot/Desktop/ros2-ROV/rovws/build/cpp_pkg' returned '0': CMAKE_PREFIX_PATH=${CMAKE_PREFIX_PATH}:/home/saykabot/Desktop/ros2ws/install/turtlesim_catch_them_all:/home/saykabot/Desktop/ros2ws/install/selfpypkg:/home/saykabot/Desktop/ros2ws/install/ros2_opencv:/home/saykabot/Desktop/ros2ws/install/py_turtlesim_catchthemall:/home/saykabot/Desktop/ros2ws/install/pixhawk_pkg:/home/saykabot/Desktop/ros2ws/install/my_py_pkg:/home/saykabot/Desktop/ros2ws/install/keyboard_teleop:/home/saykabot/Desktop/ros2ws/install/exam:/home/saykabot/Desktop/ros2ws/install/cam_pkg:/opt/ros/humble /usr/bin/cmake --install /home/saykabot/Desktop/ros2-ROV/rovws/build/cpp_pkg
