[0.416s] DEBUG:colcon:Command line arguments: ['/usr/bin/colcon', 'build']
[0.416s] DEBUG:colcon:Parsed command line arguments: Namespace(log_base=None, log_level=None, verb_name='build', build_base='build', install_base='install', merge_install=False, symlink_install=False, test_result_base=None, continue_on_error=False, executor='parallel', parallel_workers=8, event_handlers=None, ignore_user_meta=False, metas=['./colcon.meta'], base_paths=['.'], packages_ignore=None, packages_ignore_regex=None, paths=None, packages_up_to=None, packages_up_to_regex=None, packages_above=None, packages_above_and_dependencies=None, packages_above_depth=None, packages_select_by_dep=None, packages_skip_by_dep=None, packages_skip_up_to=None, packages_select_build_failed=False, packages_skip_build_finished=False, packages_select_test_failures=False, packages_skip_test_passed=False, packages_select=None, packages_skip=None, packages_select_regex=None, packages_skip_regex=None, packages_start=None, packages_end=None, allow_overriding=[], cmake_args=None, cmake_target=None, cmake_target_skip_unavailable=False, cmake_clean_cache=False, cmake_clean_first=False, cmake_force_configure=False, ament_cmake_args=None, catkin_cmake_args=None, catkin_skip_building_tests=False, verb_parser=<colcon_defaults.argument_parser.defaults.DefaultArgumentsDecorator object at 0x72b2d5141960>, verb_extension=<colcon_core.verb.build.BuildVerb object at 0x72b2d51413f0>, main=<bound method BuildVerb.main of <colcon_core.verb.build.BuildVerb object at 0x72b2d51413f0>>)
[0.904s] Level 1:colcon.colcon_core.package_discovery:discover_packages(colcon_meta) check parameters
[0.904s] Level 1:colcon.colcon_core.package_discovery:discover_packages(recursive) check parameters
[0.904s] Level 1:colcon.colcon_core.package_discovery:discover_packages(ignore) check parameters
[0.904s] Level 1:colcon.colcon_core.package_discovery:discover_packages(path) check parameters
[0.904s] Level 1:colcon.colcon_core.package_discovery:discover_packages(colcon_meta) discover
[0.904s] Level 1:colcon.colcon_core.package_discovery:discover_packages(recursive) discover
[0.904s] INFO:colcon.colcon_core.package_discovery:Crawling recursively for packages in '/home/saykabot/AkilliMekatronikSistemler/ros2-ROV/rovws'
[0.904s] Level 1:colcon.colcon_core.package_identification:_identify(.) by extensions ['ignore', 'ignore_ament_install']
[0.905s] Level 1:colcon.colcon_core.package_identification:_identify(.) by extension 'ignore'
[0.905s] Level 1:colcon.colcon_core.package_identification:_identify(.) by extension 'ignore_ament_install'
[0.905s] Level 1:colcon.colcon_core.package_identification:_identify(.) by extensions ['colcon_pkg']
[0.905s] Level 1:colcon.colcon_core.package_identification:_identify(.) by extension 'colcon_pkg'
[0.905s] Level 1:colcon.colcon_core.package_identification:_identify(.) by extensions ['colcon_meta']
[0.905s] Level 1:colcon.colcon_core.package_identification:_identify(.) by extension 'colcon_meta'
[0.905s] Level 1:colcon.colcon_core.package_identification:_identify(.) by extensions ['ros']
[0.905s] Level 1:colcon.colcon_core.package_identification:_identify(.) by extension 'ros'
[0.966s] Level 1:colcon.colcon_core.package_identification:_identify(.) by extensions ['cmake', 'python']
[0.966s] Level 1:colcon.colcon_core.package_identification:_identify(.) by extension 'cmake'
[0.966s] Level 1:colcon.colcon_core.package_identification:_identify(.) by extension 'python'
[0.966s] Level 1:colcon.colcon_core.package_identification:_identify(.) by extensions ['python_setup_py']
[0.966s] Level 1:colcon.colcon_core.package_identification:_identify(.) by extension 'python_setup_py'
[0.966s] Level 1:colcon.colcon_core.package_identification:_identify(build) by extensions ['ignore', 'ignore_ament_install']
[0.967s] Level 1:colcon.colcon_core.package_identification:_identify(build) by extension 'ignore'
[0.967s] Level 1:colcon.colcon_core.package_identification:_identify(build) ignored
[0.967s] Level 1:colcon.colcon_core.package_identification:_identify(install) by extensions ['ignore', 'ignore_ament_install']
[0.967s] Level 1:colcon.colcon_core.package_identification:_identify(install) by extension 'ignore'
[0.967s] Level 1:colcon.colcon_core.package_identification:_identify(install) ignored
[0.967s] Level 1:colcon.colcon_core.package_identification:_identify(log) by extensions ['ignore', 'ignore_ament_install']
[0.967s] Level 1:colcon.colcon_core.package_identification:_identify(log) by extension 'ignore'
[0.967s] Level 1:colcon.colcon_core.package_identification:_identify(log) ignored
[0.967s] Level 1:colcon.colcon_core.package_identification:_identify(src) by extensions ['ignore', 'ignore_ament_install']
[0.967s] Level 1:colcon.colcon_core.package_identification:_identify(src) by extension 'ignore'
[0.968s] Level 1:colcon.colcon_core.package_identification:_identify(src) by extension 'ignore_ament_install'
[0.968s] Level 1:colcon.colcon_core.package_identification:_identify(src) by extensions ['colcon_pkg']
[0.968s] Level 1:colcon.colcon_core.package_identification:_identify(src) by extension 'colcon_pkg'
[0.968s] Level 1:colcon.colcon_core.package_identification:_identify(src) by extensions ['colcon_meta']
[0.968s] Level 1:colcon.colcon_core.package_identification:_identify(src) by extension 'colcon_meta'
[0.968s] Level 1:colcon.colcon_core.package_identification:_identify(src) by extensions ['ros']
[0.968s] Level 1:colcon.colcon_core.package_identification:_identify(src) by extension 'ros'
[0.968s] Level 1:colcon.colcon_core.package_identification:_identify(src) by extensions ['cmake', 'python']
[0.968s] Level 1:colcon.colcon_core.package_identification:_identify(src) by extension 'cmake'
[0.968s] Level 1:colcon.colcon_core.package_identification:_identify(src) by extension 'python'
[0.968s] Level 1:colcon.colcon_core.package_identification:_identify(src) by extensions ['python_setup_py']
[0.968s] Level 1:colcon.colcon_core.package_identification:_identify(src) by extension 'python_setup_py'
[0.968s] Level 1:colcon.colcon_core.package_identification:_identify(src/cpp_pkg) by extensions ['ignore', 'ignore_ament_install']
[0.968s] Level 1:colcon.colcon_core.package_identification:_identify(src/cpp_pkg) by extension 'ignore'
[0.968s] Level 1:colcon.colcon_core.package_identification:_identify(src/cpp_pkg) by extension 'ignore_ament_install'
[0.968s] Level 1:colcon.colcon_core.package_identification:_identify(src/cpp_pkg) by extensions ['colcon_pkg']
[0.969s] Level 1:colcon.colcon_core.package_identification:_identify(src/cpp_pkg) by extension 'colcon_pkg'
[0.969s] Level 1:colcon.colcon_core.package_identification:_identify(src/cpp_pkg) by extensions ['colcon_meta']
[0.969s] Level 1:colcon.colcon_core.package_identification:_identify(src/cpp_pkg) by extension 'colcon_meta'
[0.969s] Level 1:colcon.colcon_core.package_identification:_identify(src/cpp_pkg) by extensions ['ros']
[0.969s] Level 1:colcon.colcon_core.package_identification:_identify(src/cpp_pkg) by extension 'ros'
[0.995s] DEBUG:colcon.colcon_core.package_identification:Package 'src/cpp_pkg' with type 'ros.ament_cmake' and name 'cpp_pkg'
[0.995s] Level 1:colcon.colcon_core.package_identification:_identify(src/py_pkg) by extensions ['ignore', 'ignore_ament_install']
[0.995s] Level 1:colcon.colcon_core.package_identification:_identify(src/py_pkg) by extension 'ignore'
[0.995s] Level 1:colcon.colcon_core.package_identification:_identify(src/py_pkg) by extension 'ignore_ament_install'
[0.995s] Level 1:colcon.colcon_core.package_identification:_identify(src/py_pkg) by extensions ['colcon_pkg']
[0.996s] Level 1:colcon.colcon_core.package_identification:_identify(src/py_pkg) by extension 'colcon_pkg'
[0.996s] Level 1:colcon.colcon_core.package_identification:_identify(src/py_pkg) by extensions ['colcon_meta']
[0.996s] Level 1:colcon.colcon_core.package_identification:_identify(src/py_pkg) by extension 'colcon_meta'
[0.996s] Level 1:colcon.colcon_core.package_identification:_identify(src/py_pkg) by extensions ['ros']
[0.996s] Level 1:colcon.colcon_core.package_identification:_identify(src/py_pkg) by extension 'ros'
[0.996s] DEBUG:colcon.colcon_core.package_identification:Package 'src/py_pkg' with type 'ros.ament_python' and name 'py_pkg'
[0.996s] Level 1:colcon.colcon_core.package_discovery:discover_packages(recursive) using defaults
[0.996s] Level 1:colcon.colcon_core.package_discovery:discover_packages(ignore) discover
[0.997s] Level 1:colcon.colcon_core.package_discovery:discover_packages(ignore) using defaults
[0.997s] Level 1:colcon.colcon_core.package_discovery:discover_packages(path) discover
[0.997s] Level 1:colcon.colcon_core.package_discovery:discover_packages(path) using defaults
[1.159s] Level 1:colcon.colcon_core.package_discovery:discover_packages(prefix_path) check parameters
[1.160s] Level 1:colcon.colcon_core.package_discovery:discover_packages(prefix_path) discover
[1.186s] DEBUG:colcon.colcon_installed_package_information.package_discovery:Found 2 installed packages in /home/saykabot/AkilliMekatronikSistemler/ros2-ROV/rovws/install
[1.187s] DEBUG:colcon.colcon_installed_package_information.package_discovery:Found 6 installed packages in /home/saykabot/ros2ws/install
[1.188s] DEBUG:colcon.colcon_installed_package_information.package_discovery:Found 270 installed packages in /opt/ros/humble
[1.189s] Level 1:colcon.colcon_core.package_discovery:discover_packages(prefix_path) using defaults
[1.404s] ERROR:colcon.colcon_core.package_augmentation:Exception in package augmentation extension 'python': 
Traceback (most recent call last):
  File "/usr/lib/python3/dist-packages/colcon_core/package_augmentation/__init__.py", line 97, in augment_packages
    retval = extension.augment_packages(
  File "/usr/lib/python3/dist-packages/colcon_installed_package_information/package_augmentation/python.py", line 44, in augment_packages
    dist = next(iter(dists))
StopIteration

[1.410s] Level 5:colcon.colcon_core.verb:set package 'cpp_pkg' build argument 'cmake_args' from command line to 'None'
[1.410s] Level 5:colcon.colcon_core.verb:set package 'cpp_pkg' build argument 'cmake_target' from command line to 'None'
[1.410s] Level 5:colcon.colcon_core.verb:set package 'cpp_pkg' build argument 'cmake_target_skip_unavailable' from command line to 'False'
[1.410s] Level 5:colcon.colcon_core.verb:set package 'cpp_pkg' build argument 'cmake_clean_cache' from command line to 'False'
[1.410s] Level 5:colcon.colcon_core.verb:set package 'cpp_pkg' build argument 'cmake_clean_first' from command line to 'False'
[1.410s] Level 5:colcon.colcon_core.verb:set package 'cpp_pkg' build argument 'cmake_force_configure' from command line to 'False'
[1.410s] Level 5:colcon.colcon_core.verb:set package 'cpp_pkg' build argument 'ament_cmake_args' from command line to 'None'
[1.410s] Level 5:colcon.colcon_core.verb:set package 'cpp_pkg' build argument 'catkin_cmake_args' from command line to 'None'
[1.410s] Level 5:colcon.colcon_core.verb:set package 'cpp_pkg' build argument 'catkin_skip_building_tests' from command line to 'False'
[1.410s] DEBUG:colcon.colcon_core.verb:Building package 'cpp_pkg' with the following arguments: {'ament_cmake_args': None, 'build_base': '/home/saykabot/AkilliMekatronikSistemler/ros2-ROV/rovws/build/cpp_pkg', 'catkin_cmake_args': None, 'catkin_skip_building_tests': False, 'cmake_args': None, 'cmake_clean_cache': False, 'cmake_clean_first': False, 'cmake_force_configure': False, 'cmake_target': None, 'cmake_target_skip_unavailable': False, 'install_base': '/home/saykabot/AkilliMekatronikSistemler/ros2-ROV/rovws/install/cpp_pkg', 'merge_install': False, 'path': '/home/saykabot/AkilliMekatronikSistemler/ros2-ROV/rovws/src/cpp_pkg', 'symlink_install': False, 'test_result_base': None}
[1.410s] Level 5:colcon.colcon_core.verb:set package 'py_pkg' build argument 'cmake_args' from command line to 'None'
[1.411s] Level 5:colcon.colcon_core.verb:set package 'py_pkg' build argument 'cmake_target' from command line to 'None'
[1.411s] Level 5:colcon.colcon_core.verb:set package 'py_pkg' build argument 'cmake_target_skip_unavailable' from command line to 'False'
[1.411s] Level 5:colcon.colcon_core.verb:set package 'py_pkg' build argument 'cmake_clean_cache' from command line to 'False'
[1.411s] Level 5:colcon.colcon_core.verb:set package 'py_pkg' build argument 'cmake_clean_first' from command line to 'False'
[1.411s] Level 5:colcon.colcon_core.verb:set package 'py_pkg' build argument 'cmake_force_configure' from command line to 'False'
[1.411s] Level 5:colcon.colcon_core.verb:set package 'py_pkg' build argument 'ament_cmake_args' from command line to 'None'
[1.411s] Level 5:colcon.colcon_core.verb:set package 'py_pkg' build argument 'catkin_cmake_args' from command line to 'None'
[1.411s] Level 5:colcon.colcon_core.verb:set package 'py_pkg' build argument 'catkin_skip_building_tests' from command line to 'False'
[1.411s] DEBUG:colcon.colcon_core.verb:Building package 'py_pkg' with the following arguments: {'ament_cmake_args': None, 'build_base': '/home/saykabot/AkilliMekatronikSistemler/ros2-ROV/rovws/build/py_pkg', 'catkin_cmake_args': None, 'catkin_skip_building_tests': False, 'cmake_args': None, 'cmake_clean_cache': False, 'cmake_clean_first': False, 'cmake_force_configure': False, 'cmake_target': None, 'cmake_target_skip_unavailable': False, 'install_base': '/home/saykabot/AkilliMekatronikSistemler/ros2-ROV/rovws/install/py_pkg', 'merge_install': False, 'path': '/home/saykabot/AkilliMekatronikSistemler/ros2-ROV/rovws/src/py_pkg', 'symlink_install': False, 'test_result_base': None}
[1.411s] INFO:colcon.colcon_core.executor:Executing jobs using 'parallel' executor
[1.412s] DEBUG:colcon.colcon_parallel_executor.executor.parallel:run_until_complete
[1.412s] INFO:colcon.colcon_ros.task.ament_cmake.build:Building ROS package in '/home/saykabot/AkilliMekatronikSistemler/ros2-ROV/rovws/src/cpp_pkg' with build type 'ament_cmake'
[1.413s] INFO:colcon.colcon_cmake.task.cmake.build:Building CMake package in '/home/saykabot/AkilliMekatronikSistemler/ros2-ROV/rovws/src/cpp_pkg'
[1.469s] INFO:colcon.colcon_core.plugin_system:Skipping extension 'colcon_core.shell.bat': Not used on non-Windows systems
[1.469s] INFO:colcon.colcon_core.shell:Skip shell extension 'powershell' for command environment: Not usable outside of PowerShell
[1.469s] DEBUG:colcon.colcon_core.shell:Skip shell extension 'dsv' for command environment
[1.499s] INFO:colcon.colcon_ros.task.ament_python.build:Building ROS package in '/home/saykabot/AkilliMekatronikSistemler/ros2-ROV/rovws/src/py_pkg' with build type 'ament_python'
[1.499s] Level 1:colcon.colcon_core.shell:create_environment_hook('py_pkg', 'ament_prefix_path')
[1.499s] INFO:colcon.colcon_core.shell:Creating environment hook '/home/saykabot/AkilliMekatronikSistemler/ros2-ROV/rovws/install/py_pkg/share/py_pkg/hook/ament_prefix_path.ps1'
[1.522s] INFO:colcon.colcon_core.shell:Creating environment descriptor '/home/saykabot/AkilliMekatronikSistemler/ros2-ROV/rovws/install/py_pkg/share/py_pkg/hook/ament_prefix_path.dsv'
[1.523s] INFO:colcon.colcon_core.shell:Creating environment hook '/home/saykabot/AkilliMekatronikSistemler/ros2-ROV/rovws/install/py_pkg/share/py_pkg/hook/ament_prefix_path.sh'
[1.525s] INFO:colcon.colcon_core.shell:Skip shell extension 'powershell' for command environment: Not usable outside of PowerShell
[1.525s] DEBUG:colcon.colcon_core.shell:Skip shell extension 'dsv' for command environment
[1.559s] DEBUG:colcon.colcon_core.event_handler.log_command:Invoking command in '/home/saykabot/AkilliMekatronikSistemler/ros2-ROV/rovws/build/cpp_pkg': CMAKE_PREFIX_PATH=${CMAKE_PREFIX_PATH}:/home/saykabot/ros2ws/install/selfpypkg:/home/saykabot/ros2ws/install/my_py_pkg:/home/saykabot/AkilliMekatronikSistemler/ros2-ROV/rovws/install/py_pkg:/opt/ros/humble /usr/bin/cmake --build /home/saykabot/AkilliMekatronikSistemler/ros2-ROV/rovws/build/cpp_pkg -- -j8 -l8
[1.928s] INFO:colcon.colcon_core.task.python.build:Building Python package in '/home/saykabot/AkilliMekatronikSistemler/ros2-ROV/rovws/src/py_pkg'
[1.928s] INFO:colcon.colcon_core.shell:Skip shell extension 'powershell' for command environment: Not usable outside of PowerShell
[1.928s] DEBUG:colcon.colcon_core.shell:Skip shell extension 'dsv' for command environment
[4.910s] DEBUG:colcon.colcon_core.event_handler.log_command:Invoking command in '/home/saykabot/AkilliMekatronikSistemler/ros2-ROV/rovws/src/py_pkg': PYTHONPATH=/home/saykabot/AkilliMekatronikSistemler/ros2-ROV/rovws/build/py_pkg/prefix_override:/home/saykabot/AkilliMekatronikSistemler/ros2-ROV/rovws/install/py_pkg/lib/python3.10/site-packages:${PYTHONPATH} /usr/bin/python3 -W ignore:setup.py install is deprecated setup.py egg_info --egg-base ../../build/py_pkg build --build-base /home/saykabot/AkilliMekatronikSistemler/ros2-ROV/rovws/build/py_pkg/build install --record /home/saykabot/AkilliMekatronikSistemler/ros2-ROV/rovws/build/py_pkg/install.log --single-version-externally-managed install_data
[5.292s] DEBUG:colcon.colcon_core.event_handler.log_command:Invoked command in '/home/saykabot/AkilliMekatronikSistemler/ros2-ROV/rovws/src/py_pkg' returned '0': PYTHONPATH=/home/saykabot/AkilliMekatronikSistemler/ros2-ROV/rovws/build/py_pkg/prefix_override:/home/saykabot/AkilliMekatronikSistemler/ros2-ROV/rovws/install/py_pkg/lib/python3.10/site-packages:${PYTHONPATH} /usr/bin/python3 -W ignore:setup.py install is deprecated setup.py egg_info --egg-base ../../build/py_pkg build --build-base /home/saykabot/AkilliMekatronikSistemler/ros2-ROV/rovws/build/py_pkg/build install --record /home/saykabot/AkilliMekatronikSistemler/ros2-ROV/rovws/build/py_pkg/install.log --single-version-externally-managed install_data
[5.387s] Level 1:colcon.colcon_core.environment:checking '/home/saykabot/AkilliMekatronikSistemler/ros2-ROV/rovws/install/py_pkg' for CMake module files
[5.388s] Level 1:colcon.colcon_core.environment:checking '/home/saykabot/AkilliMekatronikSistemler/ros2-ROV/rovws/install/py_pkg' for CMake config files
[5.389s] Level 1:colcon.colcon_core.environment:checking '/home/saykabot/AkilliMekatronikSistemler/ros2-ROV/rovws/install/py_pkg/lib'
[5.389s] Level 1:colcon.colcon_core.environment:checking '/home/saykabot/AkilliMekatronikSistemler/ros2-ROV/rovws/install/py_pkg/bin'
[5.389s] Level 1:colcon.colcon_core.environment:checking '/home/saykabot/AkilliMekatronikSistemler/ros2-ROV/rovws/install/py_pkg/lib/pkgconfig/py_pkg.pc'
[5.389s] Level 1:colcon.colcon_core.environment:checking '/home/saykabot/AkilliMekatronikSistemler/ros2-ROV/rovws/install/py_pkg/lib/python3.10/site-packages'
[5.389s] Level 1:colcon.colcon_core.shell:create_environment_hook('py_pkg', 'pythonpath')
[5.389s] INFO:colcon.colcon_core.shell:Creating environment hook '/home/saykabot/AkilliMekatronikSistemler/ros2-ROV/rovws/install/py_pkg/share/py_pkg/hook/pythonpath.ps1'
[5.390s] INFO:colcon.colcon_core.shell:Creating environment descriptor '/home/saykabot/AkilliMekatronikSistemler/ros2-ROV/rovws/install/py_pkg/share/py_pkg/hook/pythonpath.dsv'
[5.391s] INFO:colcon.colcon_core.shell:Creating environment hook '/home/saykabot/AkilliMekatronikSistemler/ros2-ROV/rovws/install/py_pkg/share/py_pkg/hook/pythonpath.sh'
[5.391s] Level 1:colcon.colcon_core.environment:checking '/home/saykabot/AkilliMekatronikSistemler/ros2-ROV/rovws/install/py_pkg/bin'
[5.391s] Level 1:colcon.colcon_core.environment:create_environment_scripts_only(py_pkg)
[5.392s] INFO:colcon.colcon_core.shell:Creating package script '/home/saykabot/AkilliMekatronikSistemler/ros2-ROV/rovws/install/py_pkg/share/py_pkg/package.ps1'
[5.423s] INFO:colcon.colcon_core.shell:Creating package descriptor '/home/saykabot/AkilliMekatronikSistemler/ros2-ROV/rovws/install/py_pkg/share/py_pkg/package.dsv'
[5.449s] INFO:colcon.colcon_core.shell:Creating package script '/home/saykabot/AkilliMekatronikSistemler/ros2-ROV/rovws/install/py_pkg/share/py_pkg/package.sh'
[5.452s] INFO:colcon.colcon_core.shell:Creating package script '/home/saykabot/AkilliMekatronikSistemler/ros2-ROV/rovws/install/py_pkg/share/py_pkg/package.bash'
[5.464s] INFO:colcon.colcon_core.shell:Creating package script '/home/saykabot/AkilliMekatronikSistemler/ros2-ROV/rovws/install/py_pkg/share/py_pkg/package.zsh'
[5.482s] Level 1:colcon.colcon_core.environment:create_file_with_runtime_dependencies(/home/saykabot/AkilliMekatronikSistemler/ros2-ROV/rovws/install/py_pkg/share/colcon-core/packages/py_pkg)
[22.047s] DEBUG:colcon.colcon_core.event_handler.log_command:Invoked command in '/home/saykabot/AkilliMekatronikSistemler/ros2-ROV/rovws/build/cpp_pkg' returned '0': CMAKE_PREFIX_PATH=${CMAKE_PREFIX_PATH}:/home/saykabot/ros2ws/install/selfpypkg:/home/saykabot/ros2ws/install/my_py_pkg:/home/saykabot/AkilliMekatronikSistemler/ros2-ROV/rovws/install/py_pkg:/opt/ros/humble /usr/bin/cmake --build /home/saykabot/AkilliMekatronikSistemler/ros2-ROV/rovws/build/cpp_pkg -- -j8 -l8
[22.090s] DEBUG:colcon.colcon_core.event_handler.log_command:Invoking command in '/home/saykabot/AkilliMekatronikSistemler/ros2-ROV/rovws/build/cpp_pkg': CMAKE_PREFIX_PATH=${CMAKE_PREFIX_PATH}:/home/saykabot/ros2ws/install/selfpypkg:/home/saykabot/ros2ws/install/my_py_pkg:/home/saykabot/AkilliMekatronikSistemler/ros2-ROV/rovws/install/py_pkg:/opt/ros/humble /usr/bin/cmake --install /home/saykabot/AkilliMekatronikSistemler/ros2-ROV/rovws/build/cpp_pkg
[22.137s] Level 1:colcon.colcon_core.environment:create_environment_scripts_only(cpp_pkg)
[22.138s] Level 1:colcon.colcon_core.environment:checking '/home/saykabot/AkilliMekatronikSistemler/ros2-ROV/rovws/install/cpp_pkg' for CMake module files
[22.138s] DEBUG:colcon.colcon_core.event_handler.log_command:Invoked command in '/home/saykabot/AkilliMekatronikSistemler/ros2-ROV/rovws/build/cpp_pkg' returned '0': CMAKE_PREFIX_PATH=${CMAKE_PREFIX_PATH}:/home/saykabot/ros2ws/install/selfpypkg:/home/saykabot/ros2ws/install/my_py_pkg:/home/saykabot/AkilliMekatronikSistemler/ros2-ROV/rovws/install/py_pkg:/opt/ros/humble /usr/bin/cmake --install /home/saykabot/AkilliMekatronikSistemler/ros2-ROV/rovws/build/cpp_pkg
[22.139s] Level 1:colcon.colcon_core.environment:checking '/home/saykabot/AkilliMekatronikSistemler/ros2-ROV/rovws/install/cpp_pkg' for CMake config files
[22.139s] Level 1:colcon.colcon_core.shell:create_environment_hook('cpp_pkg', 'cmake_prefix_path')
[22.139s] INFO:colcon.colcon_core.shell:Creating environment hook '/home/saykabot/AkilliMekatronikSistemler/ros2-ROV/rovws/install/cpp_pkg/share/cpp_pkg/hook/cmake_prefix_path.ps1'
[22.140s] INFO:colcon.colcon_core.shell:Creating environment descriptor '/home/saykabot/AkilliMekatronikSistemler/ros2-ROV/rovws/install/cpp_pkg/share/cpp_pkg/hook/cmake_prefix_path.dsv'
[22.140s] INFO:colcon.colcon_core.shell:Creating environment hook '/home/saykabot/AkilliMekatronikSistemler/ros2-ROV/rovws/install/cpp_pkg/share/cpp_pkg/hook/cmake_prefix_path.sh'
[22.141s] Level 1:colcon.colcon_core.environment:checking '/home/saykabot/AkilliMekatronikSistemler/ros2-ROV/rovws/install/cpp_pkg/lib'
[22.141s] Level 1:colcon.colcon_core.environment:checking '/home/saykabot/AkilliMekatronikSistemler/ros2-ROV/rovws/install/cpp_pkg/bin'
[22.142s] Level 1:colcon.colcon_core.environment:checking '/home/saykabot/AkilliMekatronikSistemler/ros2-ROV/rovws/install/cpp_pkg/lib/pkgconfig/cpp_pkg.pc'
[22.142s] Level 1:colcon.colcon_core.environment:checking '/home/saykabot/AkilliMekatronikSistemler/ros2-ROV/rovws/install/cpp_pkg/lib/python3.10/site-packages'
[22.142s] Level 1:colcon.colcon_core.environment:checking '/home/saykabot/AkilliMekatronikSistemler/ros2-ROV/rovws/install/cpp_pkg/bin'
[22.143s] INFO:colcon.colcon_core.shell:Creating package script '/home/saykabot/AkilliMekatronikSistemler/ros2-ROV/rovws/install/cpp_pkg/share/cpp_pkg/package.ps1'
[22.143s] INFO:colcon.colcon_core.shell:Creating package descriptor '/home/saykabot/AkilliMekatronikSistemler/ros2-ROV/rovws/install/cpp_pkg/share/cpp_pkg/package.dsv'
[22.144s] INFO:colcon.colcon_core.shell:Creating package script '/home/saykabot/AkilliMekatronikSistemler/ros2-ROV/rovws/install/cpp_pkg/share/cpp_pkg/package.sh'
[22.144s] INFO:colcon.colcon_core.shell:Creating package script '/home/saykabot/AkilliMekatronikSistemler/ros2-ROV/rovws/install/cpp_pkg/share/cpp_pkg/package.bash'
[22.145s] INFO:colcon.colcon_core.shell:Creating package script '/home/saykabot/AkilliMekatronikSistemler/ros2-ROV/rovws/install/cpp_pkg/share/cpp_pkg/package.zsh'
[22.145s] Level 1:colcon.colcon_core.environment:create_file_with_runtime_dependencies(/home/saykabot/AkilliMekatronikSistemler/ros2-ROV/rovws/install/cpp_pkg/share/colcon-core/packages/cpp_pkg)
[22.177s] Level 1:colcon.colcon_core.environment:create_environment_scripts_only(cpp_pkg)
[22.178s] Level 1:colcon.colcon_core.environment:checking '/home/saykabot/AkilliMekatronikSistemler/ros2-ROV/rovws/install/cpp_pkg' for CMake module files
[22.178s] Level 1:colcon.colcon_core.environment:checking '/home/saykabot/AkilliMekatronikSistemler/ros2-ROV/rovws/install/cpp_pkg' for CMake config files
[22.178s] Level 1:colcon.colcon_core.shell:create_environment_hook('cpp_pkg', 'cmake_prefix_path')
[22.179s] INFO:colcon.colcon_core.shell:Creating environment hook '/home/saykabot/AkilliMekatronikSistemler/ros2-ROV/rovws/install/cpp_pkg/share/cpp_pkg/hook/cmake_prefix_path.ps1'
[22.179s] INFO:colcon.colcon_core.shell:Creating environment descriptor '/home/saykabot/AkilliMekatronikSistemler/ros2-ROV/rovws/install/cpp_pkg/share/cpp_pkg/hook/cmake_prefix_path.dsv'
[22.180s] INFO:colcon.colcon_core.shell:Creating environment hook '/home/saykabot/AkilliMekatronikSistemler/ros2-ROV/rovws/install/cpp_pkg/share/cpp_pkg/hook/cmake_prefix_path.sh'
[22.181s] Level 1:colcon.colcon_core.environment:checking '/home/saykabot/AkilliMekatronikSistemler/ros2-ROV/rovws/install/cpp_pkg/lib'
[22.181s] Level 1:colcon.colcon_core.environment:checking '/home/saykabot/AkilliMekatronikSistemler/ros2-ROV/rovws/install/cpp_pkg/bin'
[22.181s] Level 1:colcon.colcon_core.environment:checking '/home/saykabot/AkilliMekatronikSistemler/ros2-ROV/rovws/install/cpp_pkg/lib/pkgconfig/cpp_pkg.pc'
[22.182s] Level 1:colcon.colcon_core.environment:checking '/home/saykabot/AkilliMekatronikSistemler/ros2-ROV/rovws/install/cpp_pkg/lib/python3.10/site-packages'
[22.182s] Level 1:colcon.colcon_core.environment:checking '/home/saykabot/AkilliMekatronikSistemler/ros2-ROV/rovws/install/cpp_pkg/bin'
[22.182s] INFO:colcon.colcon_core.shell:Creating package script '/home/saykabot/AkilliMekatronikSistemler/ros2-ROV/rovws/install/cpp_pkg/share/cpp_pkg/package.ps1'
[22.183s] INFO:colcon.colcon_core.shell:Creating package descriptor '/home/saykabot/AkilliMekatronikSistemler/ros2-ROV/rovws/install/cpp_pkg/share/cpp_pkg/package.dsv'
[22.184s] INFO:colcon.colcon_core.shell:Creating package script '/home/saykabot/AkilliMekatronikSistemler/ros2-ROV/rovws/install/cpp_pkg/share/cpp_pkg/package.sh'
[22.184s] INFO:colcon.colcon_core.shell:Creating package script '/home/saykabot/AkilliMekatronikSistemler/ros2-ROV/rovws/install/cpp_pkg/share/cpp_pkg/package.bash'
[22.185s] INFO:colcon.colcon_core.shell:Creating package script '/home/saykabot/AkilliMekatronikSistemler/ros2-ROV/rovws/install/cpp_pkg/share/cpp_pkg/package.zsh'
[22.185s] Level 1:colcon.colcon_core.environment:create_file_with_runtime_dependencies(/home/saykabot/AkilliMekatronikSistemler/ros2-ROV/rovws/install/cpp_pkg/share/colcon-core/packages/cpp_pkg)
[22.186s] DEBUG:colcon.colcon_parallel_executor.executor.parallel:closing loop
[22.186s] DEBUG:colcon.colcon_parallel_executor.executor.parallel:loop closed
[22.187s] DEBUG:colcon.colcon_parallel_executor.executor.parallel:run_until_complete finished with '0'
[22.187s] DEBUG:colcon.colcon_core.event_reactor:joining thread
[22.234s] INFO:colcon.colcon_core.plugin_system:Skipping extension 'colcon_notification.desktop_notification.terminal_notifier': Not used on non-Darwin systems
[22.234s] INFO:colcon.colcon_core.plugin_system:Skipping extension 'colcon_notification.desktop_notification.win32': Not used on non-Windows systems
[22.234s] INFO:colcon.colcon_notification.desktop_notification:Sending desktop notification using 'notify2'
[22.245s] DEBUG:colcon.colcon_core.event_reactor:joined thread
[22.246s] INFO:colcon.colcon_core.shell:Creating prefix script '/home/saykabot/AkilliMekatronikSistemler/ros2-ROV/rovws/install/local_setup.ps1'
[22.281s] INFO:colcon.colcon_core.shell:Creating prefix util module '/home/saykabot/AkilliMekatronikSistemler/ros2-ROV/rovws/install/_local_setup_util_ps1.py'
[22.313s] INFO:colcon.colcon_core.shell:Creating prefix chain script '/home/saykabot/AkilliMekatronikSistemler/ros2-ROV/rovws/install/setup.ps1'
[22.315s] INFO:colcon.colcon_core.shell:Creating prefix script '/home/saykabot/AkilliMekatronikSistemler/ros2-ROV/rovws/install/local_setup.sh'
[22.340s] INFO:colcon.colcon_core.shell:Creating prefix util module '/home/saykabot/AkilliMekatronikSistemler/ros2-ROV/rovws/install/_local_setup_util_sh.py'
[22.341s] INFO:colcon.colcon_core.shell:Creating prefix chain script '/home/saykabot/AkilliMekatronikSistemler/ros2-ROV/rovws/install/setup.sh'
[22.344s] INFO:colcon.colcon_core.shell:Creating prefix script '/home/saykabot/AkilliMekatronikSistemler/ros2-ROV/rovws/install/local_setup.bash'
[22.355s] INFO:colcon.colcon_core.shell:Creating prefix chain script '/home/saykabot/AkilliMekatronikSistemler/ros2-ROV/rovws/install/setup.bash'
[22.357s] INFO:colcon.colcon_core.shell:Creating prefix script '/home/saykabot/AkilliMekatronikSistemler/ros2-ROV/rovws/install/local_setup.zsh'
[22.395s] INFO:colcon.colcon_core.shell:Creating prefix chain script '/home/saykabot/AkilliMekatronikSistemler/ros2-ROV/rovws/install/setup.zsh'
