[0.321s] DEBUG:colcon:Command line arguments: ['/usr/bin/colcon', 'build']
[0.325s] DEBUG:colcon:Parsed command line arguments: Namespace(log_base=None, log_level=None, verb_name='build', build_base='build', install_base='install', merge_install=False, symlink_install=False, test_result_base=None, continue_on_error=False, executor='parallel', parallel_workers=8, event_handlers=None, ignore_user_meta=False, metas=['./colcon.meta'], base_paths=['.'], packages_ignore=None, packages_ignore_regex=None, paths=None, packages_up_to=None, packages_up_to_regex=None, packages_above=None, packages_above_and_dependencies=None, packages_above_depth=None, packages_select_by_dep=None, packages_skip_by_dep=None, packages_skip_up_to=None, packages_select_build_failed=False, packages_skip_build_finished=False, packages_select_test_failures=False, packages_skip_test_passed=False, packages_select=None, packages_skip=None, packages_select_regex=None, packages_skip_regex=None, packages_start=None, packages_end=None, allow_overriding=[], cmake_args=None, cmake_target=None, cmake_target_skip_unavailable=False, cmake_clean_cache=False, cmake_clean_first=False, cmake_force_configure=False, ament_cmake_args=None, catkin_cmake_args=None, catkin_skip_building_tests=False, verb_parser=<colcon_defaults.argument_parser.defaults.DefaultArgumentsDecorator object at 0x72426ef36470>, verb_extension=<colcon_core.verb.build.BuildVerb object at 0x72426ef35e70>, main=<bound method BuildVerb.main of <colcon_core.verb.build.BuildVerb object at 0x72426ef35e70>>)
[0.826s] Level 1:colcon.colcon_core.package_discovery:discover_packages(colcon_meta) check parameters
[0.826s] Level 1:colcon.colcon_core.package_discovery:discover_packages(recursive) check parameters
[0.826s] Level 1:colcon.colcon_core.package_discovery:discover_packages(ignore) check parameters
[0.826s] Level 1:colcon.colcon_core.package_discovery:discover_packages(path) check parameters
[0.826s] Level 1:colcon.colcon_core.package_discovery:discover_packages(colcon_meta) discover
[0.826s] Level 1:colcon.colcon_core.package_discovery:discover_packages(recursive) discover
[0.826s] INFO:colcon.colcon_core.package_discovery:Crawling recursively for packages in '/home/saykabot/AkilliMekatronikSistemler/ros2-ROV/rovws'
[0.826s] Level 1:colcon.colcon_core.package_identification:_identify(.) by extensions ['ignore', 'ignore_ament_install']
[0.827s] Level 1:colcon.colcon_core.package_identification:_identify(.) by extension 'ignore'
[0.827s] Level 1:colcon.colcon_core.package_identification:_identify(.) by extension 'ignore_ament_install'
[0.827s] Level 1:colcon.colcon_core.package_identification:_identify(.) by extensions ['colcon_pkg']
[0.827s] Level 1:colcon.colcon_core.package_identification:_identify(.) by extension 'colcon_pkg'
[0.827s] Level 1:colcon.colcon_core.package_identification:_identify(.) by extensions ['colcon_meta']
[0.827s] Level 1:colcon.colcon_core.package_identification:_identify(.) by extension 'colcon_meta'
[0.827s] Level 1:colcon.colcon_core.package_identification:_identify(.) by extensions ['ros']
[0.827s] Level 1:colcon.colcon_core.package_identification:_identify(.) by extension 'ros'
[0.837s] Level 1:colcon.colcon_core.package_identification:_identify(.) by extensions ['cmake', 'python']
[0.838s] Level 1:colcon.colcon_core.package_identification:_identify(.) by extension 'cmake'
[0.838s] Level 1:colcon.colcon_core.package_identification:_identify(.) by extension 'python'
[0.838s] Level 1:colcon.colcon_core.package_identification:_identify(.) by extensions ['python_setup_py']
[0.838s] Level 1:colcon.colcon_core.package_identification:_identify(.) by extension 'python_setup_py'
[0.838s] Level 1:colcon.colcon_core.package_identification:_identify(build) by extensions ['ignore', 'ignore_ament_install']
[0.838s] Level 1:colcon.colcon_core.package_identification:_identify(build) by extension 'ignore'
[0.838s] Level 1:colcon.colcon_core.package_identification:_identify(build) ignored
[0.838s] Level 1:colcon.colcon_core.package_identification:_identify(install) by extensions ['ignore', 'ignore_ament_install']
[0.838s] Level 1:colcon.colcon_core.package_identification:_identify(install) by extension 'ignore'
[0.838s] Level 1:colcon.colcon_core.package_identification:_identify(install) ignored
[0.838s] Level 1:colcon.colcon_core.package_identification:_identify(log) by extensions ['ignore', 'ignore_ament_install']
[0.839s] Level 1:colcon.colcon_core.package_identification:_identify(log) by extension 'ignore'
[0.839s] Level 1:colcon.colcon_core.package_identification:_identify(log) ignored
[0.839s] Level 1:colcon.colcon_core.package_identification:_identify(src) by extensions ['ignore', 'ignore_ament_install']
[0.839s] Level 1:colcon.colcon_core.package_identification:_identify(src) by extension 'ignore'
[0.839s] Level 1:colcon.colcon_core.package_identification:_identify(src) by extension 'ignore_ament_install'
[0.839s] Level 1:colcon.colcon_core.package_identification:_identify(src) by extensions ['colcon_pkg']
[0.839s] Level 1:colcon.colcon_core.package_identification:_identify(src) by extension 'colcon_pkg'
[0.839s] Level 1:colcon.colcon_core.package_identification:_identify(src) by extensions ['colcon_meta']
[0.839s] Level 1:colcon.colcon_core.package_identification:_identify(src) by extension 'colcon_meta'
[0.839s] Level 1:colcon.colcon_core.package_identification:_identify(src) by extensions ['ros']
[0.839s] Level 1:colcon.colcon_core.package_identification:_identify(src) by extension 'ros'
[0.839s] Level 1:colcon.colcon_core.package_identification:_identify(src) by extensions ['cmake', 'python']
[0.839s] Level 1:colcon.colcon_core.package_identification:_identify(src) by extension 'cmake'
[0.839s] Level 1:colcon.colcon_core.package_identification:_identify(src) by extension 'python'
[0.839s] Level 1:colcon.colcon_core.package_identification:_identify(src) by extensions ['python_setup_py']
[0.839s] Level 1:colcon.colcon_core.package_identification:_identify(src) by extension 'python_setup_py'
[0.839s] Level 1:colcon.colcon_core.package_identification:_identify(src/camera_pkg) by extensions ['ignore', 'ignore_ament_install']
[0.840s] Level 1:colcon.colcon_core.package_identification:_identify(src/camera_pkg) by extension 'ignore'
[0.840s] Level 1:colcon.colcon_core.package_identification:_identify(src/camera_pkg) by extension 'ignore_ament_install'
[0.840s] Level 1:colcon.colcon_core.package_identification:_identify(src/camera_pkg) by extensions ['colcon_pkg']
[0.840s] Level 1:colcon.colcon_core.package_identification:_identify(src/camera_pkg) by extension 'colcon_pkg'
[0.840s] Level 1:colcon.colcon_core.package_identification:_identify(src/camera_pkg) by extensions ['colcon_meta']
[0.840s] Level 1:colcon.colcon_core.package_identification:_identify(src/camera_pkg) by extension 'colcon_meta'
[0.840s] Level 1:colcon.colcon_core.package_identification:_identify(src/camera_pkg) by extensions ['ros']
[0.840s] Level 1:colcon.colcon_core.package_identification:_identify(src/camera_pkg) by extension 'ros'
[0.868s] DEBUG:colcon.colcon_core.package_identification:Package 'src/camera_pkg' with type 'ros.ament_python' and name 'camera_pkg'
[0.868s] Level 1:colcon.colcon_core.package_identification:_identify(src/cpp_pkg) by extensions ['ignore', 'ignore_ament_install']
[0.868s] Level 1:colcon.colcon_core.package_identification:_identify(src/cpp_pkg) by extension 'ignore'
[0.868s] Level 1:colcon.colcon_core.package_identification:_identify(src/cpp_pkg) by extension 'ignore_ament_install'
[0.868s] Level 1:colcon.colcon_core.package_identification:_identify(src/cpp_pkg) by extensions ['colcon_pkg']
[0.868s] Level 1:colcon.colcon_core.package_identification:_identify(src/cpp_pkg) by extension 'colcon_pkg'
[0.868s] Level 1:colcon.colcon_core.package_identification:_identify(src/cpp_pkg) by extensions ['colcon_meta']
[0.869s] Level 1:colcon.colcon_core.package_identification:_identify(src/cpp_pkg) by extension 'colcon_meta'
[0.869s] Level 1:colcon.colcon_core.package_identification:_identify(src/cpp_pkg) by extensions ['ros']
[0.869s] Level 1:colcon.colcon_core.package_identification:_identify(src/cpp_pkg) by extension 'ros'
[0.883s] DEBUG:colcon.colcon_core.package_identification:Package 'src/cpp_pkg' with type 'ros.ament_cmake' and name 'cpp_pkg'
[0.883s] Level 1:colcon.colcon_core.package_identification:_identify(src/py_pkg) by extensions ['ignore', 'ignore_ament_install']
[0.883s] Level 1:colcon.colcon_core.package_identification:_identify(src/py_pkg) by extension 'ignore'
[0.883s] Level 1:colcon.colcon_core.package_identification:_identify(src/py_pkg) by extension 'ignore_ament_install'
[0.883s] Level 1:colcon.colcon_core.package_identification:_identify(src/py_pkg) by extensions ['colcon_pkg']
[0.883s] Level 1:colcon.colcon_core.package_identification:_identify(src/py_pkg) by extension 'colcon_pkg'
[0.884s] Level 1:colcon.colcon_core.package_identification:_identify(src/py_pkg) by extensions ['colcon_meta']
[0.884s] Level 1:colcon.colcon_core.package_identification:_identify(src/py_pkg) by extension 'colcon_meta'
[0.884s] Level 1:colcon.colcon_core.package_identification:_identify(src/py_pkg) by extensions ['ros']
[0.884s] Level 1:colcon.colcon_core.package_identification:_identify(src/py_pkg) by extension 'ros'
[0.911s] DEBUG:colcon.colcon_core.package_identification:Package 'src/py_pkg' with type 'ros.ament_python' and name 'py_pkg'
[0.911s] Level 1:colcon.colcon_core.package_discovery:discover_packages(recursive) using defaults
[0.911s] Level 1:colcon.colcon_core.package_discovery:discover_packages(ignore) discover
[0.911s] Level 1:colcon.colcon_core.package_discovery:discover_packages(ignore) using defaults
[0.911s] Level 1:colcon.colcon_core.package_discovery:discover_packages(path) discover
[0.911s] Level 1:colcon.colcon_core.package_discovery:discover_packages(path) using defaults
[1.124s] Level 1:colcon.colcon_core.package_discovery:discover_packages(prefix_path) check parameters
[1.124s] Level 1:colcon.colcon_core.package_discovery:discover_packages(prefix_path) discover
[1.192s] DEBUG:colcon.colcon_installed_package_information.package_discovery:Found 2 installed packages in /home/saykabot/AkilliMekatronikSistemler/ros2-ROV/rovws/install
[1.193s] DEBUG:colcon.colcon_installed_package_information.package_discovery:Found 10 installed packages in /home/saykabot/ros2ws/install
[1.194s] DEBUG:colcon.colcon_installed_package_information.package_discovery:Found 270 installed packages in /opt/ros/humble
[1.196s] Level 1:colcon.colcon_core.package_discovery:discover_packages(prefix_path) using defaults
[1.465s] Level 5:colcon.colcon_core.verb:set package 'camera_pkg' build argument 'cmake_args' from command line to 'None'
[1.465s] Level 5:colcon.colcon_core.verb:set package 'camera_pkg' build argument 'cmake_target' from command line to 'None'
[1.465s] Level 5:colcon.colcon_core.verb:set package 'camera_pkg' build argument 'cmake_target_skip_unavailable' from command line to 'False'
[1.466s] Level 5:colcon.colcon_core.verb:set package 'camera_pkg' build argument 'cmake_clean_cache' from command line to 'False'
[1.466s] Level 5:colcon.colcon_core.verb:set package 'camera_pkg' build argument 'cmake_clean_first' from command line to 'False'
[1.466s] Level 5:colcon.colcon_core.verb:set package 'camera_pkg' build argument 'cmake_force_configure' from command line to 'False'
[1.466s] Level 5:colcon.colcon_core.verb:set package 'camera_pkg' build argument 'ament_cmake_args' from command line to 'None'
[1.466s] Level 5:colcon.colcon_core.verb:set package 'camera_pkg' build argument 'catkin_cmake_args' from command line to 'None'
[1.466s] Level 5:colcon.colcon_core.verb:set package 'camera_pkg' build argument 'catkin_skip_building_tests' from command line to 'False'
[1.466s] DEBUG:colcon.colcon_core.verb:Building package 'camera_pkg' with the following arguments: {'ament_cmake_args': None, 'build_base': '/home/saykabot/AkilliMekatronikSistemler/ros2-ROV/rovws/build/camera_pkg', 'catkin_cmake_args': None, 'catkin_skip_building_tests': False, 'cmake_args': None, 'cmake_clean_cache': False, 'cmake_clean_first': False, 'cmake_force_configure': False, 'cmake_target': None, 'cmake_target_skip_unavailable': False, 'install_base': '/home/saykabot/AkilliMekatronikSistemler/ros2-ROV/rovws/install/camera_pkg', 'merge_install': False, 'path': '/home/saykabot/AkilliMekatronikSistemler/ros2-ROV/rovws/src/camera_pkg', 'symlink_install': False, 'test_result_base': None}
[1.466s] Level 5:colcon.colcon_core.verb:set package 'cpp_pkg' build argument 'cmake_args' from command line to 'None'
[1.466s] Level 5:colcon.colcon_core.verb:set package 'cpp_pkg' build argument 'cmake_target' from command line to 'None'
[1.466s] Level 5:colcon.colcon_core.verb:set package 'cpp_pkg' build argument 'cmake_target_skip_unavailable' from command line to 'False'
[1.466s] Level 5:colcon.colcon_core.verb:set package 'cpp_pkg' build argument 'cmake_clean_cache' from command line to 'False'
[1.466s] Level 5:colcon.colcon_core.verb:set package 'cpp_pkg' build argument 'cmake_clean_first' from command line to 'False'
[1.466s] Level 5:colcon.colcon_core.verb:set package 'cpp_pkg' build argument 'cmake_force_configure' from command line to 'False'
[1.466s] Level 5:colcon.colcon_core.verb:set package 'cpp_pkg' build argument 'ament_cmake_args' from command line to 'None'
[1.466s] Level 5:colcon.colcon_core.verb:set package 'cpp_pkg' build argument 'catkin_cmake_args' from command line to 'None'
[1.466s] Level 5:colcon.colcon_core.verb:set package 'cpp_pkg' build argument 'catkin_skip_building_tests' from command line to 'False'
[1.466s] DEBUG:colcon.colcon_core.verb:Building package 'cpp_pkg' with the following arguments: {'ament_cmake_args': None, 'build_base': '/home/saykabot/AkilliMekatronikSistemler/ros2-ROV/rovws/build/cpp_pkg', 'catkin_cmake_args': None, 'catkin_skip_building_tests': False, 'cmake_args': None, 'cmake_clean_cache': False, 'cmake_clean_first': False, 'cmake_force_configure': False, 'cmake_target': None, 'cmake_target_skip_unavailable': False, 'install_base': '/home/saykabot/AkilliMekatronikSistemler/ros2-ROV/rovws/install/cpp_pkg', 'merge_install': False, 'path': '/home/saykabot/AkilliMekatronikSistemler/ros2-ROV/rovws/src/cpp_pkg', 'symlink_install': False, 'test_result_base': None}
[1.467s] Level 5:colcon.colcon_core.verb:set package 'py_pkg' build argument 'cmake_args' from command line to 'None'
[1.467s] Level 5:colcon.colcon_core.verb:set package 'py_pkg' build argument 'cmake_target' from command line to 'None'
[1.467s] Level 5:colcon.colcon_core.verb:set package 'py_pkg' build argument 'cmake_target_skip_unavailable' from command line to 'False'
[1.467s] Level 5:colcon.colcon_core.verb:set package 'py_pkg' build argument 'cmake_clean_cache' from command line to 'False'
[1.467s] Level 5:colcon.colcon_core.verb:set package 'py_pkg' build argument 'cmake_clean_first' from command line to 'False'
[1.467s] Level 5:colcon.colcon_core.verb:set package 'py_pkg' build argument 'cmake_force_configure' from command line to 'False'
[1.467s] Level 5:colcon.colcon_core.verb:set package 'py_pkg' build argument 'ament_cmake_args' from command line to 'None'
[1.467s] Level 5:colcon.colcon_core.verb:set package 'py_pkg' build argument 'catkin_cmake_args' from command line to 'None'
[1.467s] Level 5:colcon.colcon_core.verb:set package 'py_pkg' build argument 'catkin_skip_building_tests' from command line to 'False'
[1.467s] DEBUG:colcon.colcon_core.verb:Building package 'py_pkg' with the following arguments: {'ament_cmake_args': None, 'build_base': '/home/saykabot/AkilliMekatronikSistemler/ros2-ROV/rovws/build/py_pkg', 'catkin_cmake_args': None, 'catkin_skip_building_tests': False, 'cmake_args': None, 'cmake_clean_cache': False, 'cmake_clean_first': False, 'cmake_force_configure': False, 'cmake_target': None, 'cmake_target_skip_unavailable': False, 'install_base': '/home/saykabot/AkilliMekatronikSistemler/ros2-ROV/rovws/install/py_pkg', 'merge_install': False, 'path': '/home/saykabot/AkilliMekatronikSistemler/ros2-ROV/rovws/src/py_pkg', 'symlink_install': False, 'test_result_base': None}
[1.467s] INFO:colcon.colcon_core.executor:Executing jobs using 'parallel' executor
[1.468s] DEBUG:colcon.colcon_parallel_executor.executor.parallel:run_until_complete
[1.468s] INFO:colcon.colcon_ros.task.ament_python.build:Building ROS package in '/home/saykabot/AkilliMekatronikSistemler/ros2-ROV/rovws/src/camera_pkg' with build type 'ament_python'
[1.469s] Level 1:colcon.colcon_core.shell:create_environment_hook('camera_pkg', 'ament_prefix_path')
[1.531s] INFO:colcon.colcon_core.plugin_system:Skipping extension 'colcon_core.shell.bat': Not used on non-Windows systems
[1.531s] INFO:colcon.colcon_core.shell:Creating environment hook '/home/saykabot/AkilliMekatronikSistemler/ros2-ROV/rovws/install/camera_pkg/share/camera_pkg/hook/ament_prefix_path.ps1'
[1.551s] INFO:colcon.colcon_core.shell:Creating environment descriptor '/home/saykabot/AkilliMekatronikSistemler/ros2-ROV/rovws/install/camera_pkg/share/camera_pkg/hook/ament_prefix_path.dsv'
[1.570s] INFO:colcon.colcon_core.shell:Creating environment hook '/home/saykabot/AkilliMekatronikSistemler/ros2-ROV/rovws/install/camera_pkg/share/camera_pkg/hook/ament_prefix_path.sh'
[1.572s] INFO:colcon.colcon_core.shell:Skip shell extension 'powershell' for command environment: Not usable outside of PowerShell
[1.572s] DEBUG:colcon.colcon_core.shell:Skip shell extension 'dsv' for command environment
[1.576s] INFO:colcon.colcon_ros.task.ament_cmake.build:Building ROS package in '/home/saykabot/AkilliMekatronikSistemler/ros2-ROV/rovws/src/cpp_pkg' with build type 'ament_cmake'
[1.577s] INFO:colcon.colcon_cmake.task.cmake.build:Building CMake package in '/home/saykabot/AkilliMekatronikSistemler/ros2-ROV/rovws/src/cpp_pkg'
[1.577s] INFO:colcon.colcon_core.shell:Skip shell extension 'powershell' for command environment: Not usable outside of PowerShell
[1.577s] DEBUG:colcon.colcon_core.shell:Skip shell extension 'dsv' for command environment
[1.582s] INFO:colcon.colcon_ros.task.ament_python.build:Building ROS package in '/home/saykabot/AkilliMekatronikSistemler/ros2-ROV/rovws/src/py_pkg' with build type 'ament_python'
[1.582s] Level 1:colcon.colcon_core.shell:create_environment_hook('py_pkg', 'ament_prefix_path')
[1.582s] INFO:colcon.colcon_core.shell:Creating environment hook '/home/saykabot/AkilliMekatronikSistemler/ros2-ROV/rovws/install/py_pkg/share/py_pkg/hook/ament_prefix_path.ps1'
[1.583s] INFO:colcon.colcon_core.shell:Creating environment descriptor '/home/saykabot/AkilliMekatronikSistemler/ros2-ROV/rovws/install/py_pkg/share/py_pkg/hook/ament_prefix_path.dsv'
[1.583s] INFO:colcon.colcon_core.shell:Creating environment hook '/home/saykabot/AkilliMekatronikSistemler/ros2-ROV/rovws/install/py_pkg/share/py_pkg/hook/ament_prefix_path.sh'
[1.584s] INFO:colcon.colcon_core.shell:Skip shell extension 'powershell' for command environment: Not usable outside of PowerShell
[1.584s] DEBUG:colcon.colcon_core.shell:Skip shell extension 'dsv' for command environment
[1.955s] INFO:colcon.colcon_core.task.python.build:Building Python package in '/home/saykabot/AkilliMekatronikSistemler/ros2-ROV/rovws/src/camera_pkg'
[1.956s] INFO:colcon.colcon_core.shell:Skip shell extension 'powershell' for command environment: Not usable outside of PowerShell
[1.956s] DEBUG:colcon.colcon_core.shell:Skip shell extension 'dsv' for command environment
[2.021s] DEBUG:colcon.colcon_core.event_handler.log_command:Invoking command in '/home/saykabot/AkilliMekatronikSistemler/ros2-ROV/rovws/build/cpp_pkg': CMAKE_PREFIX_PATH=${CMAKE_PREFIX_PATH}:/home/saykabot/ros2ws/install/selfpypkg:/home/saykabot/ros2ws/install/ros2_opencv:/home/saykabot/ros2ws/install/py_turtlesim_catchthemall:/home/saykabot/ros2ws/install/my_py_pkg:/home/saykabot/ros2ws/install/cam_pkg:/home/saykabot/AkilliMekatronikSistemler/ros2-ROV/rovws/install/py_pkg:/opt/ros/humble /usr/bin/cmake --build /home/saykabot/AkilliMekatronikSistemler/ros2-ROV/rovws/build/cpp_pkg -- -j8 -l8
[2.369s] INFO:colcon.colcon_core.task.python.build:Building Python package in '/home/saykabot/AkilliMekatronikSistemler/ros2-ROV/rovws/src/py_pkg'
[2.370s] INFO:colcon.colcon_core.shell:Skip shell extension 'powershell' for command environment: Not usable outside of PowerShell
[2.370s] DEBUG:colcon.colcon_core.shell:Skip shell extension 'dsv' for command environment
[4.516s] DEBUG:colcon.colcon_core.event_handler.log_command:Invoked command in '/home/saykabot/AkilliMekatronikSistemler/ros2-ROV/rovws/build/cpp_pkg' returned '0': CMAKE_PREFIX_PATH=${CMAKE_PREFIX_PATH}:/home/saykabot/ros2ws/install/selfpypkg:/home/saykabot/ros2ws/install/ros2_opencv:/home/saykabot/ros2ws/install/py_turtlesim_catchthemall:/home/saykabot/ros2ws/install/my_py_pkg:/home/saykabot/ros2ws/install/cam_pkg:/home/saykabot/AkilliMekatronikSistemler/ros2-ROV/rovws/install/py_pkg:/opt/ros/humble /usr/bin/cmake --build /home/saykabot/AkilliMekatronikSistemler/ros2-ROV/rovws/build/cpp_pkg -- -j8 -l8
[4.561s] DEBUG:colcon.colcon_core.event_handler.log_command:Invoking command in '/home/saykabot/AkilliMekatronikSistemler/ros2-ROV/rovws/build/cpp_pkg': CMAKE_PREFIX_PATH=${CMAKE_PREFIX_PATH}:/home/saykabot/ros2ws/install/selfpypkg:/home/saykabot/ros2ws/install/ros2_opencv:/home/saykabot/ros2ws/install/py_turtlesim_catchthemall:/home/saykabot/ros2ws/install/my_py_pkg:/home/saykabot/ros2ws/install/cam_pkg:/home/saykabot/AkilliMekatronikSistemler/ros2-ROV/rovws/install/py_pkg:/opt/ros/humble /usr/bin/cmake --install /home/saykabot/AkilliMekatronikSistemler/ros2-ROV/rovws/build/cpp_pkg
[4.736s] Level 1:colcon.colcon_core.environment:create_environment_scripts_only(cpp_pkg)
[4.737s] DEBUG:colcon.colcon_core.event_handler.log_command:Invoked command in '/home/saykabot/AkilliMekatronikSistemler/ros2-ROV/rovws/build/cpp_pkg' returned '0': CMAKE_PREFIX_PATH=${CMAKE_PREFIX_PATH}:/home/saykabot/ros2ws/install/selfpypkg:/home/saykabot/ros2ws/install/ros2_opencv:/home/saykabot/ros2ws/install/py_turtlesim_catchthemall:/home/saykabot/ros2ws/install/my_py_pkg:/home/saykabot/ros2ws/install/cam_pkg:/home/saykabot/AkilliMekatronikSistemler/ros2-ROV/rovws/install/py_pkg:/opt/ros/humble /usr/bin/cmake --install /home/saykabot/AkilliMekatronikSistemler/ros2-ROV/rovws/build/cpp_pkg
[4.866s] Level 1:colcon.colcon_core.environment:checking '/home/saykabot/AkilliMekatronikSistemler/ros2-ROV/rovws/install/cpp_pkg' for CMake module files
[4.867s] Level 1:colcon.colcon_core.environment:checking '/home/saykabot/AkilliMekatronikSistemler/ros2-ROV/rovws/install/cpp_pkg' for CMake config files
[4.867s] Level 1:colcon.colcon_core.shell:create_environment_hook('cpp_pkg', 'cmake_prefix_path')
[4.868s] INFO:colcon.colcon_core.shell:Creating environment hook '/home/saykabot/AkilliMekatronikSistemler/ros2-ROV/rovws/install/cpp_pkg/share/cpp_pkg/hook/cmake_prefix_path.ps1'
[4.868s] INFO:colcon.colcon_core.shell:Creating environment descriptor '/home/saykabot/AkilliMekatronikSistemler/ros2-ROV/rovws/install/cpp_pkg/share/cpp_pkg/hook/cmake_prefix_path.dsv'
[4.869s] INFO:colcon.colcon_core.shell:Creating environment hook '/home/saykabot/AkilliMekatronikSistemler/ros2-ROV/rovws/install/cpp_pkg/share/cpp_pkg/hook/cmake_prefix_path.sh'
[4.869s] Level 1:colcon.colcon_core.environment:checking '/home/saykabot/AkilliMekatronikSistemler/ros2-ROV/rovws/install/cpp_pkg/lib'
[4.870s] Level 1:colcon.colcon_core.environment:checking '/home/saykabot/AkilliMekatronikSistemler/ros2-ROV/rovws/install/cpp_pkg/bin'
[4.870s] Level 1:colcon.colcon_core.environment:checking '/home/saykabot/AkilliMekatronikSistemler/ros2-ROV/rovws/install/cpp_pkg/lib/pkgconfig/cpp_pkg.pc'
[4.870s] Level 1:colcon.colcon_core.environment:checking '/home/saykabot/AkilliMekatronikSistemler/ros2-ROV/rovws/install/cpp_pkg/lib/python3.10/site-packages'
[4.870s] Level 1:colcon.colcon_core.environment:checking '/home/saykabot/AkilliMekatronikSistemler/ros2-ROV/rovws/install/cpp_pkg/bin'
[4.871s] INFO:colcon.colcon_core.shell:Creating package script '/home/saykabot/AkilliMekatronikSistemler/ros2-ROV/rovws/install/cpp_pkg/share/cpp_pkg/package.ps1'
[4.896s] INFO:colcon.colcon_core.shell:Creating package descriptor '/home/saykabot/AkilliMekatronikSistemler/ros2-ROV/rovws/install/cpp_pkg/share/cpp_pkg/package.dsv'
[4.916s] INFO:colcon.colcon_core.shell:Creating package script '/home/saykabot/AkilliMekatronikSistemler/ros2-ROV/rovws/install/cpp_pkg/share/cpp_pkg/package.sh'
[4.919s] INFO:colcon.colcon_core.shell:Creating package script '/home/saykabot/AkilliMekatronikSistemler/ros2-ROV/rovws/install/cpp_pkg/share/cpp_pkg/package.bash'
[4.960s] INFO:colcon.colcon_core.shell:Creating package script '/home/saykabot/AkilliMekatronikSistemler/ros2-ROV/rovws/install/cpp_pkg/share/cpp_pkg/package.zsh'
[4.988s] Level 1:colcon.colcon_core.environment:create_file_with_runtime_dependencies(/home/saykabot/AkilliMekatronikSistemler/ros2-ROV/rovws/install/cpp_pkg/share/colcon-core/packages/cpp_pkg)
[5.024s] Level 1:colcon.colcon_core.environment:create_environment_scripts_only(cpp_pkg)
[5.025s] Level 1:colcon.colcon_core.environment:checking '/home/saykabot/AkilliMekatronikSistemler/ros2-ROV/rovws/install/cpp_pkg' for CMake module files
[5.025s] Level 1:colcon.colcon_core.environment:checking '/home/saykabot/AkilliMekatronikSistemler/ros2-ROV/rovws/install/cpp_pkg' for CMake config files
[5.025s] Level 1:colcon.colcon_core.shell:create_environment_hook('cpp_pkg', 'cmake_prefix_path')
[5.025s] INFO:colcon.colcon_core.shell:Creating environment hook '/home/saykabot/AkilliMekatronikSistemler/ros2-ROV/rovws/install/cpp_pkg/share/cpp_pkg/hook/cmake_prefix_path.ps1'
[5.026s] INFO:colcon.colcon_core.shell:Creating environment descriptor '/home/saykabot/AkilliMekatronikSistemler/ros2-ROV/rovws/install/cpp_pkg/share/cpp_pkg/hook/cmake_prefix_path.dsv'
[5.026s] INFO:colcon.colcon_core.shell:Creating environment hook '/home/saykabot/AkilliMekatronikSistemler/ros2-ROV/rovws/install/cpp_pkg/share/cpp_pkg/hook/cmake_prefix_path.sh'
[5.027s] Level 1:colcon.colcon_core.environment:checking '/home/saykabot/AkilliMekatronikSistemler/ros2-ROV/rovws/install/cpp_pkg/lib'
[5.027s] Level 1:colcon.colcon_core.environment:checking '/home/saykabot/AkilliMekatronikSistemler/ros2-ROV/rovws/install/cpp_pkg/bin'
[5.027s] Level 1:colcon.colcon_core.environment:checking '/home/saykabot/AkilliMekatronikSistemler/ros2-ROV/rovws/install/cpp_pkg/lib/pkgconfig/cpp_pkg.pc'
[5.027s] Level 1:colcon.colcon_core.environment:checking '/home/saykabot/AkilliMekatronikSistemler/ros2-ROV/rovws/install/cpp_pkg/lib/python3.10/site-packages'
[5.028s] Level 1:colcon.colcon_core.environment:checking '/home/saykabot/AkilliMekatronikSistemler/ros2-ROV/rovws/install/cpp_pkg/bin'
[5.028s] INFO:colcon.colcon_core.shell:Creating package script '/home/saykabot/AkilliMekatronikSistemler/ros2-ROV/rovws/install/cpp_pkg/share/cpp_pkg/package.ps1'
[5.029s] INFO:colcon.colcon_core.shell:Creating package descriptor '/home/saykabot/AkilliMekatronikSistemler/ros2-ROV/rovws/install/cpp_pkg/share/cpp_pkg/package.dsv'
[5.029s] INFO:colcon.colcon_core.shell:Creating package script '/home/saykabot/AkilliMekatronikSistemler/ros2-ROV/rovws/install/cpp_pkg/share/cpp_pkg/package.sh'
[5.029s] INFO:colcon.colcon_core.shell:Creating package script '/home/saykabot/AkilliMekatronikSistemler/ros2-ROV/rovws/install/cpp_pkg/share/cpp_pkg/package.bash'
[5.030s] INFO:colcon.colcon_core.shell:Creating package script '/home/saykabot/AkilliMekatronikSistemler/ros2-ROV/rovws/install/cpp_pkg/share/cpp_pkg/package.zsh'
[5.030s] Level 1:colcon.colcon_core.environment:create_file_with_runtime_dependencies(/home/saykabot/AkilliMekatronikSistemler/ros2-ROV/rovws/install/cpp_pkg/share/colcon-core/packages/cpp_pkg)
[5.651s] DEBUG:colcon.colcon_core.event_handler.log_command:Invoking command in '/home/saykabot/AkilliMekatronikSistemler/ros2-ROV/rovws/src/py_pkg': PYTHONPATH=/home/saykabot/AkilliMekatronikSistemler/ros2-ROV/rovws/build/py_pkg/prefix_override:/home/saykabot/AkilliMekatronikSistemler/ros2-ROV/rovws/install/py_pkg/lib/python3.10/site-packages:${PYTHONPATH} /usr/bin/python3 -W ignore:setup.py install is deprecated setup.py egg_info --egg-base ../../build/py_pkg build --build-base /home/saykabot/AkilliMekatronikSistemler/ros2-ROV/rovws/build/py_pkg/build install --record /home/saykabot/AkilliMekatronikSistemler/ros2-ROV/rovws/build/py_pkg/install.log --single-version-externally-managed install_data
[5.654s] DEBUG:colcon.colcon_core.event_handler.log_command:Invoking command in '/home/saykabot/AkilliMekatronikSistemler/ros2-ROV/rovws/src/camera_pkg': PYTHONPATH=/home/saykabot/AkilliMekatronikSistemler/ros2-ROV/rovws/build/camera_pkg/prefix_override:/home/saykabot/AkilliMekatronikSistemler/ros2-ROV/rovws/install/camera_pkg/lib/python3.10/site-packages:${PYTHONPATH} /usr/bin/python3 -W ignore:setup.py install is deprecated setup.py egg_info --egg-base ../../build/camera_pkg build --build-base /home/saykabot/AkilliMekatronikSistemler/ros2-ROV/rovws/build/camera_pkg/build install --record /home/saykabot/AkilliMekatronikSistemler/ros2-ROV/rovws/build/camera_pkg/install.log --single-version-externally-managed install_data
[6.032s] Level 1:colcon.colcon_core.environment:checking '/home/saykabot/AkilliMekatronikSistemler/ros2-ROV/rovws/install/camera_pkg' for CMake module files
[6.033s] DEBUG:colcon.colcon_core.event_handler.log_command:Invoked command in '/home/saykabot/AkilliMekatronikSistemler/ros2-ROV/rovws/src/camera_pkg' returned '0': PYTHONPATH=/home/saykabot/AkilliMekatronikSistemler/ros2-ROV/rovws/build/camera_pkg/prefix_override:/home/saykabot/AkilliMekatronikSistemler/ros2-ROV/rovws/install/camera_pkg/lib/python3.10/site-packages:${PYTHONPATH} /usr/bin/python3 -W ignore:setup.py install is deprecated setup.py egg_info --egg-base ../../build/camera_pkg build --build-base /home/saykabot/AkilliMekatronikSistemler/ros2-ROV/rovws/build/camera_pkg/build install --record /home/saykabot/AkilliMekatronikSistemler/ros2-ROV/rovws/build/camera_pkg/install.log --single-version-externally-managed install_data
[6.033s] Level 1:colcon.colcon_core.environment:checking '/home/saykabot/AkilliMekatronikSistemler/ros2-ROV/rovws/install/camera_pkg' for CMake config files
[6.033s] Level 1:colcon.colcon_core.environment:checking '/home/saykabot/AkilliMekatronikSistemler/ros2-ROV/rovws/install/camera_pkg/lib'
[6.034s] Level 1:colcon.colcon_core.environment:checking '/home/saykabot/AkilliMekatronikSistemler/ros2-ROV/rovws/install/camera_pkg/bin'
[6.034s] Level 1:colcon.colcon_core.environment:checking '/home/saykabot/AkilliMekatronikSistemler/ros2-ROV/rovws/install/camera_pkg/lib/pkgconfig/camera_pkg.pc'
[6.034s] Level 1:colcon.colcon_core.environment:checking '/home/saykabot/AkilliMekatronikSistemler/ros2-ROV/rovws/install/camera_pkg/lib/python3.10/site-packages'
[6.034s] Level 1:colcon.colcon_core.shell:create_environment_hook('camera_pkg', 'pythonpath')
[6.034s] INFO:colcon.colcon_core.shell:Creating environment hook '/home/saykabot/AkilliMekatronikSistemler/ros2-ROV/rovws/install/camera_pkg/share/camera_pkg/hook/pythonpath.ps1'
[6.035s] INFO:colcon.colcon_core.shell:Creating environment descriptor '/home/saykabot/AkilliMekatronikSistemler/ros2-ROV/rovws/install/camera_pkg/share/camera_pkg/hook/pythonpath.dsv'
[6.035s] INFO:colcon.colcon_core.shell:Creating environment hook '/home/saykabot/AkilliMekatronikSistemler/ros2-ROV/rovws/install/camera_pkg/share/camera_pkg/hook/pythonpath.sh'
[6.035s] Level 1:colcon.colcon_core.environment:checking '/home/saykabot/AkilliMekatronikSistemler/ros2-ROV/rovws/install/camera_pkg/bin'
[6.036s] Level 1:colcon.colcon_core.environment:create_environment_scripts_only(camera_pkg)
[6.036s] INFO:colcon.colcon_core.shell:Creating package script '/home/saykabot/AkilliMekatronikSistemler/ros2-ROV/rovws/install/camera_pkg/share/camera_pkg/package.ps1'
[6.036s] INFO:colcon.colcon_core.shell:Creating package descriptor '/home/saykabot/AkilliMekatronikSistemler/ros2-ROV/rovws/install/camera_pkg/share/camera_pkg/package.dsv'
[6.037s] INFO:colcon.colcon_core.shell:Creating package script '/home/saykabot/AkilliMekatronikSistemler/ros2-ROV/rovws/install/camera_pkg/share/camera_pkg/package.sh'
[6.037s] INFO:colcon.colcon_core.shell:Creating package script '/home/saykabot/AkilliMekatronikSistemler/ros2-ROV/rovws/install/camera_pkg/share/camera_pkg/package.bash'
[6.037s] INFO:colcon.colcon_core.shell:Creating package script '/home/saykabot/AkilliMekatronikSistemler/ros2-ROV/rovws/install/camera_pkg/share/camera_pkg/package.zsh'
[6.038s] Level 1:colcon.colcon_core.environment:create_file_with_runtime_dependencies(/home/saykabot/AkilliMekatronikSistemler/ros2-ROV/rovws/install/camera_pkg/share/colcon-core/packages/camera_pkg)
[6.099s] Level 1:colcon.colcon_core.environment:checking '/home/saykabot/AkilliMekatronikSistemler/ros2-ROV/rovws/install/py_pkg' for CMake module files
[6.100s] DEBUG:colcon.colcon_core.event_handler.log_command:Invoked command in '/home/saykabot/AkilliMekatronikSistemler/ros2-ROV/rovws/src/py_pkg' returned '0': PYTHONPATH=/home/saykabot/AkilliMekatronikSistemler/ros2-ROV/rovws/build/py_pkg/prefix_override:/home/saykabot/AkilliMekatronikSistemler/ros2-ROV/rovws/install/py_pkg/lib/python3.10/site-packages:${PYTHONPATH} /usr/bin/python3 -W ignore:setup.py install is deprecated setup.py egg_info --egg-base ../../build/py_pkg build --build-base /home/saykabot/AkilliMekatronikSistemler/ros2-ROV/rovws/build/py_pkg/build install --record /home/saykabot/AkilliMekatronikSistemler/ros2-ROV/rovws/build/py_pkg/install.log --single-version-externally-managed install_data
[6.100s] Level 1:colcon.colcon_core.environment:checking '/home/saykabot/AkilliMekatronikSistemler/ros2-ROV/rovws/install/py_pkg' for CMake config files
[6.101s] Level 1:colcon.colcon_core.environment:checking '/home/saykabot/AkilliMekatronikSistemler/ros2-ROV/rovws/install/py_pkg/lib'
[6.101s] Level 1:colcon.colcon_core.environment:checking '/home/saykabot/AkilliMekatronikSistemler/ros2-ROV/rovws/install/py_pkg/bin'
[6.101s] Level 1:colcon.colcon_core.environment:checking '/home/saykabot/AkilliMekatronikSistemler/ros2-ROV/rovws/install/py_pkg/lib/pkgconfig/py_pkg.pc'
[6.101s] Level 1:colcon.colcon_core.environment:checking '/home/saykabot/AkilliMekatronikSistemler/ros2-ROV/rovws/install/py_pkg/lib/python3.10/site-packages'
[6.101s] Level 1:colcon.colcon_core.shell:create_environment_hook('py_pkg', 'pythonpath')
[6.102s] INFO:colcon.colcon_core.shell:Creating environment hook '/home/saykabot/AkilliMekatronikSistemler/ros2-ROV/rovws/install/py_pkg/share/py_pkg/hook/pythonpath.ps1'
[6.102s] INFO:colcon.colcon_core.shell:Creating environment descriptor '/home/saykabot/AkilliMekatronikSistemler/ros2-ROV/rovws/install/py_pkg/share/py_pkg/hook/pythonpath.dsv'
[6.103s] INFO:colcon.colcon_core.shell:Creating environment hook '/home/saykabot/AkilliMekatronikSistemler/ros2-ROV/rovws/install/py_pkg/share/py_pkg/hook/pythonpath.sh'
[6.103s] Level 1:colcon.colcon_core.environment:checking '/home/saykabot/AkilliMekatronikSistemler/ros2-ROV/rovws/install/py_pkg/bin'
[6.103s] Level 1:colcon.colcon_core.environment:create_environment_scripts_only(py_pkg)
[6.104s] INFO:colcon.colcon_core.shell:Creating package script '/home/saykabot/AkilliMekatronikSistemler/ros2-ROV/rovws/install/py_pkg/share/py_pkg/package.ps1'
[6.104s] INFO:colcon.colcon_core.shell:Creating package descriptor '/home/saykabot/AkilliMekatronikSistemler/ros2-ROV/rovws/install/py_pkg/share/py_pkg/package.dsv'
[6.105s] INFO:colcon.colcon_core.shell:Creating package script '/home/saykabot/AkilliMekatronikSistemler/ros2-ROV/rovws/install/py_pkg/share/py_pkg/package.sh'
[6.105s] INFO:colcon.colcon_core.shell:Creating package script '/home/saykabot/AkilliMekatronikSistemler/ros2-ROV/rovws/install/py_pkg/share/py_pkg/package.bash'
[6.106s] INFO:colcon.colcon_core.shell:Creating package script '/home/saykabot/AkilliMekatronikSistemler/ros2-ROV/rovws/install/py_pkg/share/py_pkg/package.zsh'
[6.106s] Level 1:colcon.colcon_core.environment:create_file_with_runtime_dependencies(/home/saykabot/AkilliMekatronikSistemler/ros2-ROV/rovws/install/py_pkg/share/colcon-core/packages/py_pkg)
[6.106s] DEBUG:colcon.colcon_parallel_executor.executor.parallel:closing loop
[6.107s] DEBUG:colcon.colcon_parallel_executor.executor.parallel:loop closed
[6.107s] DEBUG:colcon.colcon_parallel_executor.executor.parallel:run_until_complete finished with '0'
[6.107s] DEBUG:colcon.colcon_core.event_reactor:joining thread
[6.160s] INFO:colcon.colcon_core.plugin_system:Skipping extension 'colcon_notification.desktop_notification.terminal_notifier': Not used on non-Darwin systems
[6.161s] INFO:colcon.colcon_core.plugin_system:Skipping extension 'colcon_notification.desktop_notification.win32': Not used on non-Windows systems
[6.161s] INFO:colcon.colcon_notification.desktop_notification:Sending desktop notification using 'notify2'
[6.187s] DEBUG:colcon.colcon_core.event_reactor:joined thread
[6.188s] INFO:colcon.colcon_core.shell:Creating prefix script '/home/saykabot/AkilliMekatronikSistemler/ros2-ROV/rovws/install/local_setup.ps1'
[6.229s] INFO:colcon.colcon_core.shell:Creating prefix util module '/home/saykabot/AkilliMekatronikSistemler/ros2-ROV/rovws/install/_local_setup_util_ps1.py'
[6.262s] INFO:colcon.colcon_core.shell:Creating prefix chain script '/home/saykabot/AkilliMekatronikSistemler/ros2-ROV/rovws/install/setup.ps1'
[6.264s] INFO:colcon.colcon_core.shell:Creating prefix script '/home/saykabot/AkilliMekatronikSistemler/ros2-ROV/rovws/install/local_setup.sh'
[6.265s] INFO:colcon.colcon_core.shell:Creating prefix util module '/home/saykabot/AkilliMekatronikSistemler/ros2-ROV/rovws/install/_local_setup_util_sh.py'
[6.266s] INFO:colcon.colcon_core.shell:Creating prefix chain script '/home/saykabot/AkilliMekatronikSistemler/ros2-ROV/rovws/install/setup.sh'
[6.268s] INFO:colcon.colcon_core.shell:Creating prefix script '/home/saykabot/AkilliMekatronikSistemler/ros2-ROV/rovws/install/local_setup.bash'
[6.293s] INFO:colcon.colcon_core.shell:Creating prefix chain script '/home/saykabot/AkilliMekatronikSistemler/ros2-ROV/rovws/install/setup.bash'
[6.295s] INFO:colcon.colcon_core.shell:Creating prefix script '/home/saykabot/AkilliMekatronikSistemler/ros2-ROV/rovws/install/local_setup.zsh'
[6.333s] INFO:colcon.colcon_core.shell:Creating prefix chain script '/home/saykabot/AkilliMekatronikSistemler/ros2-ROV/rovws/install/setup.zsh'
