[1.243s] DEBUG:colcon:Command line arguments: ['/usr/bin/colcon', 'build']
[1.243s] DEBUG:colcon:Parsed command line arguments: Namespace(log_base=None, log_level=None, verb_name='build', build_base='build', install_base='install', merge_install=False, symlink_install=False, test_result_base=None, continue_on_error=False, executor='parallel', parallel_workers=8, event_handlers=None, ignore_user_meta=False, metas=['./colcon.meta'], base_paths=['.'], packages_ignore=None, packages_ignore_regex=None, paths=None, packages_up_to=None, packages_up_to_regex=None, packages_above=None, packages_above_and_dependencies=None, packages_above_depth=None, packages_select_by_dep=None, packages_skip_by_dep=None, packages_skip_up_to=None, packages_select_build_failed=False, packages_skip_build_finished=False, packages_select_test_failures=False, packages_skip_test_passed=False, packages_select=None, packages_skip=None, packages_select_regex=None, packages_skip_regex=None, packages_start=None, packages_end=None, allow_overriding=[], cmake_args=None, cmake_target=None, cmake_target_skip_unavailable=False, cmake_clean_cache=False, cmake_clean_first=False, cmake_force_configure=False, ament_cmake_args=None, catkin_cmake_args=None, catkin_skip_building_tests=False, verb_parser=<colcon_defaults.argument_parser.defaults.DefaultArgumentsDecorator object at 0x759221d0ae60>, verb_extension=<colcon_core.verb.build.BuildVerb object at 0x7592222d7a30>, main=<bound method BuildVerb.main of <colcon_core.verb.build.BuildVerb object at 0x7592222d7a30>>)
[1.298s] Level 1:colcon.colcon_core.package_discovery:discover_packages(colcon_meta) check parameters
[1.298s] Level 1:colcon.colcon_core.package_discovery:discover_packages(recursive) check parameters
[1.299s] Level 1:colcon.colcon_core.package_discovery:discover_packages(ignore) check parameters
[1.299s] Level 1:colcon.colcon_core.package_discovery:discover_packages(path) check parameters
[1.299s] Level 1:colcon.colcon_core.package_discovery:discover_packages(colcon_meta) discover
[1.299s] Level 1:colcon.colcon_core.package_discovery:discover_packages(recursive) discover
[1.299s] INFO:colcon.colcon_core.package_discovery:Crawling recursively for packages in '/home/saykabot/AkilliMekatronikSistemler/ros2-ROV/rovws'
[1.299s] Level 1:colcon.colcon_core.package_identification:_identify(.) by extensions ['ignore', 'ignore_ament_install']
[1.299s] Level 1:colcon.colcon_core.package_identification:_identify(.) by extension 'ignore'
[1.299s] Level 1:colcon.colcon_core.package_identification:_identify(.) by extension 'ignore_ament_install'
[1.299s] Level 1:colcon.colcon_core.package_identification:_identify(.) by extensions ['colcon_pkg']
[1.299s] Level 1:colcon.colcon_core.package_identification:_identify(.) by extension 'colcon_pkg'
[1.299s] Level 1:colcon.colcon_core.package_identification:_identify(.) by extensions ['colcon_meta']
[1.299s] Level 1:colcon.colcon_core.package_identification:_identify(.) by extension 'colcon_meta'
[1.299s] Level 1:colcon.colcon_core.package_identification:_identify(.) by extensions ['ros']
[1.299s] Level 1:colcon.colcon_core.package_identification:_identify(.) by extension 'ros'
[1.311s] Level 1:colcon.colcon_core.package_identification:_identify(.) by extensions ['cmake', 'python']
[1.311s] Level 1:colcon.colcon_core.package_identification:_identify(.) by extension 'cmake'
[1.312s] Level 1:colcon.colcon_core.package_identification:_identify(.) by extension 'python'
[1.312s] Level 1:colcon.colcon_core.package_identification:_identify(.) by extensions ['python_setup_py']
[1.312s] Level 1:colcon.colcon_core.package_identification:_identify(.) by extension 'python_setup_py'
[1.312s] Level 1:colcon.colcon_core.package_identification:_identify(build) by extensions ['ignore', 'ignore_ament_install']
[1.312s] Level 1:colcon.colcon_core.package_identification:_identify(build) by extension 'ignore'
[1.312s] Level 1:colcon.colcon_core.package_identification:_identify(build) ignored
[1.312s] Level 1:colcon.colcon_core.package_identification:_identify(install) by extensions ['ignore', 'ignore_ament_install']
[1.312s] Level 1:colcon.colcon_core.package_identification:_identify(install) by extension 'ignore'
[1.312s] Level 1:colcon.colcon_core.package_identification:_identify(install) ignored
[1.313s] Level 1:colcon.colcon_core.package_identification:_identify(log) by extensions ['ignore', 'ignore_ament_install']
[1.313s] Level 1:colcon.colcon_core.package_identification:_identify(log) by extension 'ignore'
[1.313s] Level 1:colcon.colcon_core.package_identification:_identify(log) ignored
[1.313s] Level 1:colcon.colcon_core.package_identification:_identify(src) by extensions ['ignore', 'ignore_ament_install']
[1.313s] Level 1:colcon.colcon_core.package_identification:_identify(src) by extension 'ignore'
[1.313s] Level 1:colcon.colcon_core.package_identification:_identify(src) by extension 'ignore_ament_install'
[1.313s] Level 1:colcon.colcon_core.package_identification:_identify(src) by extensions ['colcon_pkg']
[1.313s] Level 1:colcon.colcon_core.package_identification:_identify(src) by extension 'colcon_pkg'
[1.313s] Level 1:colcon.colcon_core.package_identification:_identify(src) by extensions ['colcon_meta']
[1.313s] Level 1:colcon.colcon_core.package_identification:_identify(src) by extension 'colcon_meta'
[1.314s] Level 1:colcon.colcon_core.package_identification:_identify(src) by extensions ['ros']
[1.314s] Level 1:colcon.colcon_core.package_identification:_identify(src) by extension 'ros'
[1.314s] Level 1:colcon.colcon_core.package_identification:_identify(src) by extensions ['cmake', 'python']
[1.314s] Level 1:colcon.colcon_core.package_identification:_identify(src) by extension 'cmake'
[1.314s] Level 1:colcon.colcon_core.package_identification:_identify(src) by extension 'python'
[1.314s] Level 1:colcon.colcon_core.package_identification:_identify(src) by extensions ['python_setup_py']
[1.314s] Level 1:colcon.colcon_core.package_identification:_identify(src) by extension 'python_setup_py'
[1.314s] Level 1:colcon.colcon_core.package_identification:_identify(src/cpp_pkg) by extensions ['ignore', 'ignore_ament_install']
[1.314s] Level 1:colcon.colcon_core.package_identification:_identify(src/cpp_pkg) by extension 'ignore'
[1.314s] Level 1:colcon.colcon_core.package_identification:_identify(src/cpp_pkg) by extension 'ignore_ament_install'
[1.315s] Level 1:colcon.colcon_core.package_identification:_identify(src/cpp_pkg) by extensions ['colcon_pkg']
[1.315s] Level 1:colcon.colcon_core.package_identification:_identify(src/cpp_pkg) by extension 'colcon_pkg'
[1.315s] Level 1:colcon.colcon_core.package_identification:_identify(src/cpp_pkg) by extensions ['colcon_meta']
[1.315s] Level 1:colcon.colcon_core.package_identification:_identify(src/cpp_pkg) by extension 'colcon_meta'
[1.315s] Level 1:colcon.colcon_core.package_identification:_identify(src/cpp_pkg) by extensions ['ros']
[1.315s] Level 1:colcon.colcon_core.package_identification:_identify(src/cpp_pkg) by extension 'ros'
[1.319s] DEBUG:colcon.colcon_core.package_identification:Package 'src/cpp_pkg' with type 'ros.ament_cmake' and name 'cpp_pkg'
[1.319s] Level 1:colcon.colcon_core.package_identification:_identify(src/py_pkg) by extensions ['ignore', 'ignore_ament_install']
[1.319s] Level 1:colcon.colcon_core.package_identification:_identify(src/py_pkg) by extension 'ignore'
[1.320s] Level 1:colcon.colcon_core.package_identification:_identify(src/py_pkg) by extension 'ignore_ament_install'
[1.320s] Level 1:colcon.colcon_core.package_identification:_identify(src/py_pkg) by extensions ['colcon_pkg']
[1.320s] Level 1:colcon.colcon_core.package_identification:_identify(src/py_pkg) by extension 'colcon_pkg'
[1.320s] Level 1:colcon.colcon_core.package_identification:_identify(src/py_pkg) by extensions ['colcon_meta']
[1.320s] Level 1:colcon.colcon_core.package_identification:_identify(src/py_pkg) by extension 'colcon_meta'
[1.320s] Level 1:colcon.colcon_core.package_identification:_identify(src/py_pkg) by extensions ['ros']
[1.320s] Level 1:colcon.colcon_core.package_identification:_identify(src/py_pkg) by extension 'ros'
[1.321s] DEBUG:colcon.colcon_core.package_identification:Package 'src/py_pkg' with type 'ros.ament_python' and name 'py_pkg'
[1.321s] Level 1:colcon.colcon_core.package_discovery:discover_packages(recursive) using defaults
[1.321s] Level 1:colcon.colcon_core.package_discovery:discover_packages(ignore) discover
[1.321s] Level 1:colcon.colcon_core.package_discovery:discover_packages(ignore) using defaults
[1.321s] Level 1:colcon.colcon_core.package_discovery:discover_packages(path) discover
[1.321s] Level 1:colcon.colcon_core.package_discovery:discover_packages(path) using defaults
[1.426s] Level 1:colcon.colcon_core.package_discovery:discover_packages(prefix_path) check parameters
[1.426s] Level 1:colcon.colcon_core.package_discovery:discover_packages(prefix_path) discover
[1.462s] DEBUG:colcon.colcon_installed_package_information.package_discovery:Found 2 installed packages in /home/saykabot/AkilliMekatronikSistemler/ros2-ROV/rovws/install
[1.480s] DEBUG:colcon.colcon_installed_package_information.package_discovery:Found 6 installed packages in /home/saykabot/ros2ws/install
[1.507s] DEBUG:colcon.colcon_installed_package_information.package_discovery:Found 270 installed packages in /opt/ros/humble
[1.508s] Level 1:colcon.colcon_core.package_discovery:discover_packages(prefix_path) using defaults
[1.606s] Level 5:colcon.colcon_core.verb:set package 'cpp_pkg' build argument 'cmake_args' from command line to 'None'
[1.606s] Level 5:colcon.colcon_core.verb:set package 'cpp_pkg' build argument 'cmake_target' from command line to 'None'
[1.606s] Level 5:colcon.colcon_core.verb:set package 'cpp_pkg' build argument 'cmake_target_skip_unavailable' from command line to 'False'
[1.606s] Level 5:colcon.colcon_core.verb:set package 'cpp_pkg' build argument 'cmake_clean_cache' from command line to 'False'
[1.606s] Level 5:colcon.colcon_core.verb:set package 'cpp_pkg' build argument 'cmake_clean_first' from command line to 'False'
[1.606s] Level 5:colcon.colcon_core.verb:set package 'cpp_pkg' build argument 'cmake_force_configure' from command line to 'False'
[1.606s] Level 5:colcon.colcon_core.verb:set package 'cpp_pkg' build argument 'ament_cmake_args' from command line to 'None'
[1.606s] Level 5:colcon.colcon_core.verb:set package 'cpp_pkg' build argument 'catkin_cmake_args' from command line to 'None'
[1.606s] Level 5:colcon.colcon_core.verb:set package 'cpp_pkg' build argument 'catkin_skip_building_tests' from command line to 'False'
[1.606s] DEBUG:colcon.colcon_core.verb:Building package 'cpp_pkg' with the following arguments: {'ament_cmake_args': None, 'build_base': '/home/saykabot/AkilliMekatronikSistemler/ros2-ROV/rovws/build/cpp_pkg', 'catkin_cmake_args': None, 'catkin_skip_building_tests': False, 'cmake_args': None, 'cmake_clean_cache': False, 'cmake_clean_first': False, 'cmake_force_configure': False, 'cmake_target': None, 'cmake_target_skip_unavailable': False, 'install_base': '/home/saykabot/AkilliMekatronikSistemler/ros2-ROV/rovws/install/cpp_pkg', 'merge_install': False, 'path': '/home/saykabot/AkilliMekatronikSistemler/ros2-ROV/rovws/src/cpp_pkg', 'symlink_install': False, 'test_result_base': None}
[1.627s] Level 5:colcon.colcon_core.verb:set package 'py_pkg' build argument 'cmake_args' from command line to 'None'
[1.627s] Level 5:colcon.colcon_core.verb:set package 'py_pkg' build argument 'cmake_target' from command line to 'None'
[1.627s] Level 5:colcon.colcon_core.verb:set package 'py_pkg' build argument 'cmake_target_skip_unavailable' from command line to 'False'
[1.627s] Level 5:colcon.colcon_core.verb:set package 'py_pkg' build argument 'cmake_clean_cache' from command line to 'False'
[1.627s] Level 5:colcon.colcon_core.verb:set package 'py_pkg' build argument 'cmake_clean_first' from command line to 'False'
[1.627s] Level 5:colcon.colcon_core.verb:set package 'py_pkg' build argument 'cmake_force_configure' from command line to 'False'
[1.627s] Level 5:colcon.colcon_core.verb:set package 'py_pkg' build argument 'ament_cmake_args' from command line to 'None'
[1.627s] Level 5:colcon.colcon_core.verb:set package 'py_pkg' build argument 'catkin_cmake_args' from command line to 'None'
[1.627s] Level 5:colcon.colcon_core.verb:set package 'py_pkg' build argument 'catkin_skip_building_tests' from command line to 'False'
[1.627s] DEBUG:colcon.colcon_core.verb:Building package 'py_pkg' with the following arguments: {'ament_cmake_args': None, 'build_base': '/home/saykabot/AkilliMekatronikSistemler/ros2-ROV/rovws/build/py_pkg', 'catkin_cmake_args': None, 'catkin_skip_building_tests': False, 'cmake_args': None, 'cmake_clean_cache': False, 'cmake_clean_first': False, 'cmake_force_configure': False, 'cmake_target': None, 'cmake_target_skip_unavailable': False, 'install_base': '/home/saykabot/AkilliMekatronikSistemler/ros2-ROV/rovws/install/py_pkg', 'merge_install': False, 'path': '/home/saykabot/AkilliMekatronikSistemler/ros2-ROV/rovws/src/py_pkg', 'symlink_install': False, 'test_result_base': None}
[1.647s] INFO:colcon.colcon_core.executor:Executing jobs using 'parallel' executor
[1.665s] DEBUG:colcon.colcon_parallel_executor.executor.parallel:run_until_complete
[1.665s] INFO:colcon.colcon_ros.task.ament_cmake.build:Building ROS package in '/home/saykabot/AkilliMekatronikSistemler/ros2-ROV/rovws/src/cpp_pkg' with build type 'ament_cmake'
[1.665s] INFO:colcon.colcon_cmake.task.cmake.build:Building CMake package in '/home/saykabot/AkilliMekatronikSistemler/ros2-ROV/rovws/src/cpp_pkg'
[1.684s] INFO:colcon.colcon_core.plugin_system:Skipping extension 'colcon_core.shell.bat': Not used on non-Windows systems
[1.685s] INFO:colcon.colcon_core.shell:Skip shell extension 'powershell' for command environment: Not usable outside of PowerShell
[1.685s] DEBUG:colcon.colcon_core.shell:Skip shell extension 'dsv' for command environment
[1.758s] INFO:colcon.colcon_ros.task.ament_python.build:Building ROS package in '/home/saykabot/AkilliMekatronikSistemler/ros2-ROV/rovws/src/py_pkg' with build type 'ament_python'
[1.758s] Level 1:colcon.colcon_core.shell:create_environment_hook('py_pkg', 'ament_prefix_path')
[1.789s] INFO:colcon.colcon_core.shell:Creating environment hook '/home/saykabot/AkilliMekatronikSistemler/ros2-ROV/rovws/install/py_pkg/share/py_pkg/hook/ament_prefix_path.ps1'
[1.790s] INFO:colcon.colcon_core.shell:Creating environment descriptor '/home/saykabot/AkilliMekatronikSistemler/ros2-ROV/rovws/install/py_pkg/share/py_pkg/hook/ament_prefix_path.dsv'
[1.791s] INFO:colcon.colcon_core.shell:Creating environment hook '/home/saykabot/AkilliMekatronikSistemler/ros2-ROV/rovws/install/py_pkg/share/py_pkg/hook/ament_prefix_path.sh'
[1.813s] INFO:colcon.colcon_core.shell:Skip shell extension 'powershell' for command environment: Not usable outside of PowerShell
[1.813s] DEBUG:colcon.colcon_core.shell:Skip shell extension 'dsv' for command environment
[1.897s] DEBUG:colcon.colcon_core.event_handler.log_command:Invoking command in '/home/saykabot/AkilliMekatronikSistemler/ros2-ROV/rovws/build/cpp_pkg': CMAKE_PREFIX_PATH=${CMAKE_PREFIX_PATH}:/home/saykabot/ros2ws/install/selfpypkg:/home/saykabot/ros2ws/install/my_py_pkg:/opt/ros/humble /usr/bin/cmake --build /home/saykabot/AkilliMekatronikSistemler/ros2-ROV/rovws/build/cpp_pkg -- -j8 -l8
[2.222s] INFO:colcon.colcon_core.task.python.build:Building Python package in '/home/saykabot/AkilliMekatronikSistemler/ros2-ROV/rovws/src/py_pkg'
[2.239s] INFO:colcon.colcon_core.shell:Skip shell extension 'powershell' for command environment: Not usable outside of PowerShell
[2.239s] DEBUG:colcon.colcon_core.shell:Skip shell extension 'dsv' for command environment
[2.814s] DEBUG:colcon.colcon_core.event_handler.log_command:Invoking command in '/home/saykabot/AkilliMekatronikSistemler/ros2-ROV/rovws/src/py_pkg': PYTHONPATH=/home/saykabot/AkilliMekatronikSistemler/ros2-ROV/rovws/build/py_pkg/prefix_override:/home/saykabot/AkilliMekatronikSistemler/ros2-ROV/rovws/install/py_pkg/lib/python3.10/site-packages:${PYTHONPATH} /usr/bin/python3 setup.py egg_info --egg-base ../../build/py_pkg build --build-base /home/saykabot/AkilliMekatronikSistemler/ros2-ROV/rovws/build/py_pkg/build install --record /home/saykabot/AkilliMekatronikSistemler/ros2-ROV/rovws/build/py_pkg/install.log --single-version-externally-managed
[3.178s] DEBUG:colcon.colcon_core.event_handler.log_command:Invoked command in '/home/saykabot/AkilliMekatronikSistemler/ros2-ROV/rovws/src/py_pkg' returned '0': PYTHONPATH=/home/saykabot/AkilliMekatronikSistemler/ros2-ROV/rovws/build/py_pkg/prefix_override:/home/saykabot/AkilliMekatronikSistemler/ros2-ROV/rovws/install/py_pkg/lib/python3.10/site-packages:${PYTHONPATH} /usr/bin/python3 setup.py egg_info --egg-base ../../build/py_pkg build --build-base /home/saykabot/AkilliMekatronikSistemler/ros2-ROV/rovws/build/py_pkg/build install --record /home/saykabot/AkilliMekatronikSistemler/ros2-ROV/rovws/build/py_pkg/install.log --single-version-externally-managed
[3.199s] Level 1:colcon.colcon_core.environment:checking '/home/saykabot/AkilliMekatronikSistemler/ros2-ROV/rovws/install/py_pkg' for CMake module files
[3.199s] Level 1:colcon.colcon_core.environment:checking '/home/saykabot/AkilliMekatronikSistemler/ros2-ROV/rovws/install/py_pkg' for CMake config files
[3.200s] Level 1:colcon.colcon_core.environment:checking '/home/saykabot/AkilliMekatronikSistemler/ros2-ROV/rovws/install/py_pkg/lib'
[3.200s] Level 1:colcon.colcon_core.environment:checking '/home/saykabot/AkilliMekatronikSistemler/ros2-ROV/rovws/install/py_pkg/bin'
[3.201s] Level 1:colcon.colcon_core.environment:checking '/home/saykabot/AkilliMekatronikSistemler/ros2-ROV/rovws/install/py_pkg/lib/pkgconfig/py_pkg.pc'
[3.201s] Level 1:colcon.colcon_core.environment:checking '/home/saykabot/AkilliMekatronikSistemler/ros2-ROV/rovws/install/py_pkg/lib/python3.10/site-packages'
[3.201s] Level 1:colcon.colcon_core.shell:create_environment_hook('py_pkg', 'pythonpath')
[3.219s] INFO:colcon.colcon_core.shell:Creating environment hook '/home/saykabot/AkilliMekatronikSistemler/ros2-ROV/rovws/install/py_pkg/share/py_pkg/hook/pythonpath.ps1'
[3.220s] INFO:colcon.colcon_core.shell:Creating environment descriptor '/home/saykabot/AkilliMekatronikSistemler/ros2-ROV/rovws/install/py_pkg/share/py_pkg/hook/pythonpath.dsv'
[3.220s] INFO:colcon.colcon_core.shell:Creating environment hook '/home/saykabot/AkilliMekatronikSistemler/ros2-ROV/rovws/install/py_pkg/share/py_pkg/hook/pythonpath.sh'
[3.221s] Level 1:colcon.colcon_core.environment:checking '/home/saykabot/AkilliMekatronikSistemler/ros2-ROV/rovws/install/py_pkg/bin'
[3.221s] Level 1:colcon.colcon_core.environment:create_environment_scripts_only(py_pkg)
[3.240s] INFO:colcon.colcon_core.shell:Creating package script '/home/saykabot/AkilliMekatronikSistemler/ros2-ROV/rovws/install/py_pkg/share/py_pkg/package.ps1'
[3.241s] INFO:colcon.colcon_core.shell:Creating package descriptor '/home/saykabot/AkilliMekatronikSistemler/ros2-ROV/rovws/install/py_pkg/share/py_pkg/package.dsv'
[3.241s] INFO:colcon.colcon_core.shell:Creating package script '/home/saykabot/AkilliMekatronikSistemler/ros2-ROV/rovws/install/py_pkg/share/py_pkg/package.sh'
[3.242s] INFO:colcon.colcon_core.shell:Creating package script '/home/saykabot/AkilliMekatronikSistemler/ros2-ROV/rovws/install/py_pkg/share/py_pkg/package.bash'
[3.244s] INFO:colcon.colcon_core.shell:Creating package script '/home/saykabot/AkilliMekatronikSistemler/ros2-ROV/rovws/install/py_pkg/share/py_pkg/package.zsh'
[3.245s] Level 1:colcon.colcon_core.environment:create_file_with_runtime_dependencies(/home/saykabot/AkilliMekatronikSistemler/ros2-ROV/rovws/install/py_pkg/share/colcon-core/packages/py_pkg)
[5.712s] DEBUG:colcon.colcon_core.event_handler.log_command:Invoked command in '/home/saykabot/AkilliMekatronikSistemler/ros2-ROV/rovws/build/cpp_pkg' returned '0': CMAKE_PREFIX_PATH=${CMAKE_PREFIX_PATH}:/home/saykabot/ros2ws/install/selfpypkg:/home/saykabot/ros2ws/install/my_py_pkg:/opt/ros/humble /usr/bin/cmake --build /home/saykabot/AkilliMekatronikSistemler/ros2-ROV/rovws/build/cpp_pkg -- -j8 -l8
[5.750s] DEBUG:colcon.colcon_core.event_handler.log_command:Invoking command in '/home/saykabot/AkilliMekatronikSistemler/ros2-ROV/rovws/build/cpp_pkg': CMAKE_PREFIX_PATH=${CMAKE_PREFIX_PATH}:/home/saykabot/ros2ws/install/selfpypkg:/home/saykabot/ros2ws/install/my_py_pkg:/opt/ros/humble /usr/bin/cmake --install /home/saykabot/AkilliMekatronikSistemler/ros2-ROV/rovws/build/cpp_pkg
[5.763s] Level 1:colcon.colcon_core.environment:create_environment_scripts_only(cpp_pkg)
[5.764s] DEBUG:colcon.colcon_core.event_handler.log_command:Invoked command in '/home/saykabot/AkilliMekatronikSistemler/ros2-ROV/rovws/build/cpp_pkg' returned '0': CMAKE_PREFIX_PATH=${CMAKE_PREFIX_PATH}:/home/saykabot/ros2ws/install/selfpypkg:/home/saykabot/ros2ws/install/my_py_pkg:/opt/ros/humble /usr/bin/cmake --install /home/saykabot/AkilliMekatronikSistemler/ros2-ROV/rovws/build/cpp_pkg
[5.794s] Level 1:colcon.colcon_core.environment:checking '/home/saykabot/AkilliMekatronikSistemler/ros2-ROV/rovws/install/cpp_pkg' for CMake module files
[5.794s] Level 1:colcon.colcon_core.environment:checking '/home/saykabot/AkilliMekatronikSistemler/ros2-ROV/rovws/install/cpp_pkg' for CMake config files
[5.795s] Level 1:colcon.colcon_core.shell:create_environment_hook('cpp_pkg', 'cmake_prefix_path')
[5.812s] INFO:colcon.colcon_core.shell:Creating environment hook '/home/saykabot/AkilliMekatronikSistemler/ros2-ROV/rovws/install/cpp_pkg/share/cpp_pkg/hook/cmake_prefix_path.ps1'
[5.813s] INFO:colcon.colcon_core.shell:Creating environment descriptor '/home/saykabot/AkilliMekatronikSistemler/ros2-ROV/rovws/install/cpp_pkg/share/cpp_pkg/hook/cmake_prefix_path.dsv'
[5.813s] INFO:colcon.colcon_core.shell:Creating environment hook '/home/saykabot/AkilliMekatronikSistemler/ros2-ROV/rovws/install/cpp_pkg/share/cpp_pkg/hook/cmake_prefix_path.sh'
[5.814s] Level 1:colcon.colcon_core.environment:checking '/home/saykabot/AkilliMekatronikSistemler/ros2-ROV/rovws/install/cpp_pkg/lib'
[5.814s] Level 1:colcon.colcon_core.environment:checking '/home/saykabot/AkilliMekatronikSistemler/ros2-ROV/rovws/install/cpp_pkg/bin'
[5.814s] Level 1:colcon.colcon_core.environment:checking '/home/saykabot/AkilliMekatronikSistemler/ros2-ROV/rovws/install/cpp_pkg/lib/pkgconfig/cpp_pkg.pc'
[5.815s] Level 1:colcon.colcon_core.environment:checking '/home/saykabot/AkilliMekatronikSistemler/ros2-ROV/rovws/install/cpp_pkg/lib/python3.10/site-packages'
[5.815s] Level 1:colcon.colcon_core.environment:checking '/home/saykabot/AkilliMekatronikSistemler/ros2-ROV/rovws/install/cpp_pkg/bin'
[5.834s] INFO:colcon.colcon_core.shell:Creating package script '/home/saykabot/AkilliMekatronikSistemler/ros2-ROV/rovws/install/cpp_pkg/share/cpp_pkg/package.ps1'
[5.834s] INFO:colcon.colcon_core.shell:Creating package descriptor '/home/saykabot/AkilliMekatronikSistemler/ros2-ROV/rovws/install/cpp_pkg/share/cpp_pkg/package.dsv'
[5.835s] INFO:colcon.colcon_core.shell:Creating package script '/home/saykabot/AkilliMekatronikSistemler/ros2-ROV/rovws/install/cpp_pkg/share/cpp_pkg/package.sh'
[5.835s] INFO:colcon.colcon_core.shell:Creating package script '/home/saykabot/AkilliMekatronikSistemler/ros2-ROV/rovws/install/cpp_pkg/share/cpp_pkg/package.bash'
[5.836s] INFO:colcon.colcon_core.shell:Creating package script '/home/saykabot/AkilliMekatronikSistemler/ros2-ROV/rovws/install/cpp_pkg/share/cpp_pkg/package.zsh'
[5.836s] Level 1:colcon.colcon_core.environment:create_file_with_runtime_dependencies(/home/saykabot/AkilliMekatronikSistemler/ros2-ROV/rovws/install/cpp_pkg/share/colcon-core/packages/cpp_pkg)
[5.879s] Level 1:colcon.colcon_core.environment:create_environment_scripts_only(cpp_pkg)
[5.896s] Level 1:colcon.colcon_core.environment:checking '/home/saykabot/AkilliMekatronikSistemler/ros2-ROV/rovws/install/cpp_pkg' for CMake module files
[5.896s] Level 1:colcon.colcon_core.environment:checking '/home/saykabot/AkilliMekatronikSistemler/ros2-ROV/rovws/install/cpp_pkg' for CMake config files
[5.897s] Level 1:colcon.colcon_core.shell:create_environment_hook('cpp_pkg', 'cmake_prefix_path')
[5.913s] INFO:colcon.colcon_core.shell:Creating environment hook '/home/saykabot/AkilliMekatronikSistemler/ros2-ROV/rovws/install/cpp_pkg/share/cpp_pkg/hook/cmake_prefix_path.ps1'
[5.914s] INFO:colcon.colcon_core.shell:Creating environment descriptor '/home/saykabot/AkilliMekatronikSistemler/ros2-ROV/rovws/install/cpp_pkg/share/cpp_pkg/hook/cmake_prefix_path.dsv'
[5.914s] INFO:colcon.colcon_core.shell:Creating environment hook '/home/saykabot/AkilliMekatronikSistemler/ros2-ROV/rovws/install/cpp_pkg/share/cpp_pkg/hook/cmake_prefix_path.sh'
[5.915s] Level 1:colcon.colcon_core.environment:checking '/home/saykabot/AkilliMekatronikSistemler/ros2-ROV/rovws/install/cpp_pkg/lib'
[5.916s] Level 1:colcon.colcon_core.environment:checking '/home/saykabot/AkilliMekatronikSistemler/ros2-ROV/rovws/install/cpp_pkg/bin'
[5.916s] Level 1:colcon.colcon_core.environment:checking '/home/saykabot/AkilliMekatronikSistemler/ros2-ROV/rovws/install/cpp_pkg/lib/pkgconfig/cpp_pkg.pc'
[5.916s] Level 1:colcon.colcon_core.environment:checking '/home/saykabot/AkilliMekatronikSistemler/ros2-ROV/rovws/install/cpp_pkg/lib/python3.10/site-packages'
[5.916s] Level 1:colcon.colcon_core.environment:checking '/home/saykabot/AkilliMekatronikSistemler/ros2-ROV/rovws/install/cpp_pkg/bin'
[5.935s] INFO:colcon.colcon_core.shell:Creating package script '/home/saykabot/AkilliMekatronikSistemler/ros2-ROV/rovws/install/cpp_pkg/share/cpp_pkg/package.ps1'
[5.936s] INFO:colcon.colcon_core.shell:Creating package descriptor '/home/saykabot/AkilliMekatronikSistemler/ros2-ROV/rovws/install/cpp_pkg/share/cpp_pkg/package.dsv'
[5.937s] INFO:colcon.colcon_core.shell:Creating package script '/home/saykabot/AkilliMekatronikSistemler/ros2-ROV/rovws/install/cpp_pkg/share/cpp_pkg/package.sh'
[5.937s] INFO:colcon.colcon_core.shell:Creating package script '/home/saykabot/AkilliMekatronikSistemler/ros2-ROV/rovws/install/cpp_pkg/share/cpp_pkg/package.bash'
[5.938s] INFO:colcon.colcon_core.shell:Creating package script '/home/saykabot/AkilliMekatronikSistemler/ros2-ROV/rovws/install/cpp_pkg/share/cpp_pkg/package.zsh'
[5.938s] Level 1:colcon.colcon_core.environment:create_file_with_runtime_dependencies(/home/saykabot/AkilliMekatronikSistemler/ros2-ROV/rovws/install/cpp_pkg/share/colcon-core/packages/cpp_pkg)
[5.938s] DEBUG:colcon.colcon_parallel_executor.executor.parallel:closing loop
[5.939s] DEBUG:colcon.colcon_parallel_executor.executor.parallel:loop closed
[5.939s] DEBUG:colcon.colcon_parallel_executor.executor.parallel:run_until_complete finished with '0'
[5.939s] DEBUG:colcon.colcon_core.event_reactor:joining thread
[5.962s] INFO:colcon.colcon_core.plugin_system:Skipping extension 'colcon_notification.desktop_notification.terminal_notifier': Not used on non-Darwin systems
[5.962s] INFO:colcon.colcon_core.plugin_system:Skipping extension 'colcon_notification.desktop_notification.win32': Not used on non-Windows systems
[5.962s] INFO:colcon.colcon_notification.desktop_notification:Sending desktop notification using 'notify2'
[5.971s] DEBUG:colcon.colcon_core.event_reactor:joined thread
[5.987s] INFO:colcon.colcon_core.shell:Creating prefix script '/home/saykabot/AkilliMekatronikSistemler/ros2-ROV/rovws/install/local_setup.ps1'
[5.988s] INFO:colcon.colcon_core.shell:Creating prefix util module '/home/saykabot/AkilliMekatronikSistemler/ros2-ROV/rovws/install/_local_setup_util_ps1.py'
[5.990s] INFO:colcon.colcon_core.shell:Creating prefix chain script '/home/saykabot/AkilliMekatronikSistemler/ros2-ROV/rovws/install/setup.ps1'
[6.007s] INFO:colcon.colcon_core.shell:Creating prefix script '/home/saykabot/AkilliMekatronikSistemler/ros2-ROV/rovws/install/local_setup.sh'
[6.008s] INFO:colcon.colcon_core.shell:Creating prefix util module '/home/saykabot/AkilliMekatronikSistemler/ros2-ROV/rovws/install/_local_setup_util_sh.py'
[6.008s] INFO:colcon.colcon_core.shell:Creating prefix chain script '/home/saykabot/AkilliMekatronikSistemler/ros2-ROV/rovws/install/setup.sh'
[6.027s] INFO:colcon.colcon_core.shell:Creating prefix script '/home/saykabot/AkilliMekatronikSistemler/ros2-ROV/rovws/install/local_setup.bash'
[6.028s] INFO:colcon.colcon_core.shell:Creating prefix chain script '/home/saykabot/AkilliMekatronikSistemler/ros2-ROV/rovws/install/setup.bash'
[6.047s] INFO:colcon.colcon_core.shell:Creating prefix script '/home/saykabot/AkilliMekatronikSistemler/ros2-ROV/rovws/install/local_setup.zsh'
[6.047s] INFO:colcon.colcon_core.shell:Creating prefix chain script '/home/saykabot/AkilliMekatronikSistemler/ros2-ROV/rovws/install/setup.zsh'
