[0.108s] DEBUG:colcon:Command line arguments: ['/usr/bin/colcon', 'build']
[0.108s] DEBUG:colcon:Parsed command line arguments: Namespace(log_base=None, log_level=None, verb_name='build', build_base='build', install_base='install', merge_install=False, symlink_install=False, test_result_base=None, continue_on_error=False, executor='parallel', parallel_workers=8, event_handlers=None, ignore_user_meta=False, metas=['./colcon.meta'], base_paths=['.'], packages_ignore=None, packages_ignore_regex=None, paths=None, packages_up_to=None, packages_up_to_regex=None, packages_above=None, packages_above_and_dependencies=None, packages_above_depth=None, packages_select_by_dep=None, packages_skip_by_dep=None, packages_skip_up_to=None, packages_select_build_failed=False, packages_skip_build_finished=False, packages_select_test_failures=False, packages_skip_test_passed=False, packages_select=None, packages_skip=None, packages_select_regex=None, packages_skip_regex=None, packages_start=None, packages_end=None, allow_overriding=[], cmake_args=None, cmake_target=None, cmake_target_skip_unavailable=False, cmake_clean_cache=False, cmake_clean_first=False, cmake_force_configure=False, ament_cmake_args=None, catkin_cmake_args=None, catkin_skip_building_tests=False, verb_parser=<colcon_defaults.argument_parser.defaults.DefaultArgumentsDecorator object at 0x79b76bd359c0>, verb_extension=<colcon_core.verb.build.BuildVerb object at 0x79b76bd35450>, main=<bound method BuildVerb.main of <colcon_core.verb.build.BuildVerb object at 0x79b76bd35450>>)
[0.318s] Level 1:colcon.colcon_core.package_discovery:discover_packages(colcon_meta) check parameters
[0.318s] Level 1:colcon.colcon_core.package_discovery:discover_packages(recursive) check parameters
[0.318s] Level 1:colcon.colcon_core.package_discovery:discover_packages(ignore) check parameters
[0.318s] Level 1:colcon.colcon_core.package_discovery:discover_packages(path) check parameters
[0.318s] Level 1:colcon.colcon_core.package_discovery:discover_packages(colcon_meta) discover
[0.319s] Level 1:colcon.colcon_core.package_discovery:discover_packages(recursive) discover
[0.319s] INFO:colcon.colcon_core.package_discovery:Crawling recursively for packages in '/home/saykabot/AkilliMekatronikSistemler/ros2-ROV/rovws/src/cpp_pkg'
[0.319s] Level 1:colcon.colcon_core.package_identification:_identify(.) by extensions ['ignore', 'ignore_ament_install']
[0.319s] Level 1:colcon.colcon_core.package_identification:_identify(.) by extension 'ignore'
[0.319s] Level 1:colcon.colcon_core.package_identification:_identify(.) by extension 'ignore_ament_install'
[0.319s] Level 1:colcon.colcon_core.package_identification:_identify(.) by extensions ['colcon_pkg']
[0.319s] Level 1:colcon.colcon_core.package_identification:_identify(.) by extension 'colcon_pkg'
[0.319s] Level 1:colcon.colcon_core.package_identification:_identify(.) by extensions ['colcon_meta']
[0.319s] Level 1:colcon.colcon_core.package_identification:_identify(.) by extension 'colcon_meta'
[0.319s] Level 1:colcon.colcon_core.package_identification:_identify(.) by extensions ['ros']
[0.319s] Level 1:colcon.colcon_core.package_identification:_identify(.) by extension 'ros'
[0.331s] DEBUG:colcon.colcon_core.package_identification:Package '.' with type 'ros.ament_cmake' and name 'cpp_pkg'
[0.331s] Level 1:colcon.colcon_core.package_discovery:discover_packages(recursive) using defaults
[0.331s] Level 1:colcon.colcon_core.package_discovery:discover_packages(ignore) discover
[0.331s] Level 1:colcon.colcon_core.package_discovery:discover_packages(ignore) using defaults
[0.331s] Level 1:colcon.colcon_core.package_discovery:discover_packages(path) discover
[0.331s] Level 1:colcon.colcon_core.package_discovery:discover_packages(path) using defaults
[0.358s] Level 1:colcon.colcon_core.package_discovery:discover_packages(prefix_path) check parameters
[0.358s] Level 1:colcon.colcon_core.package_discovery:discover_packages(prefix_path) discover
[0.360s] DEBUG:colcon.colcon_installed_package_information.package_discovery:Found 2 installed packages in /home/saykabot/AkilliMekatronikSistemler/ros2-ROV/rovws/install
[0.360s] DEBUG:colcon.colcon_installed_package_information.package_discovery:Found 6 installed packages in /home/saykabot/ros2ws/install
[0.362s] DEBUG:colcon.colcon_installed_package_information.package_discovery:Found 270 installed packages in /opt/ros/humble
[0.363s] Level 1:colcon.colcon_core.package_discovery:discover_packages(prefix_path) using defaults
[0.378s] ERROR:colcon.colcon_core.package_augmentation:Exception in package augmentation extension 'python': 
Traceback (most recent call last):
  File "/usr/lib/python3/dist-packages/colcon_core/package_augmentation/__init__.py", line 97, in augment_packages
    retval = extension.augment_packages(
  File "/usr/lib/python3/dist-packages/colcon_installed_package_information/package_augmentation/python.py", line 44, in augment_packages
    dist = next(iter(dists))
StopIteration

[0.383s] Level 5:colcon.colcon_core.verb:set package 'cpp_pkg' build argument 'cmake_args' from command line to 'None'
[0.383s] Level 5:colcon.colcon_core.verb:set package 'cpp_pkg' build argument 'cmake_target' from command line to 'None'
[0.383s] Level 5:colcon.colcon_core.verb:set package 'cpp_pkg' build argument 'cmake_target_skip_unavailable' from command line to 'False'
[0.383s] Level 5:colcon.colcon_core.verb:set package 'cpp_pkg' build argument 'cmake_clean_cache' from command line to 'False'
[0.383s] Level 5:colcon.colcon_core.verb:set package 'cpp_pkg' build argument 'cmake_clean_first' from command line to 'False'
[0.383s] Level 5:colcon.colcon_core.verb:set package 'cpp_pkg' build argument 'cmake_force_configure' from command line to 'False'
[0.383s] Level 5:colcon.colcon_core.verb:set package 'cpp_pkg' build argument 'ament_cmake_args' from command line to 'None'
[0.383s] Level 5:colcon.colcon_core.verb:set package 'cpp_pkg' build argument 'catkin_cmake_args' from command line to 'None'
[0.383s] Level 5:colcon.colcon_core.verb:set package 'cpp_pkg' build argument 'catkin_skip_building_tests' from command line to 'False'
[0.383s] DEBUG:colcon.colcon_core.verb:Building package 'cpp_pkg' with the following arguments: {'ament_cmake_args': None, 'build_base': '/home/saykabot/AkilliMekatronikSistemler/ros2-ROV/rovws/src/cpp_pkg/build/cpp_pkg', 'catkin_cmake_args': None, 'catkin_skip_building_tests': False, 'cmake_args': None, 'cmake_clean_cache': False, 'cmake_clean_first': False, 'cmake_force_configure': False, 'cmake_target': None, 'cmake_target_skip_unavailable': False, 'install_base': '/home/saykabot/AkilliMekatronikSistemler/ros2-ROV/rovws/src/cpp_pkg/install/cpp_pkg', 'merge_install': False, 'path': '/home/saykabot/AkilliMekatronikSistemler/ros2-ROV/rovws/src/cpp_pkg', 'symlink_install': False, 'test_result_base': None}
[0.384s] INFO:colcon.colcon_core.executor:Executing jobs using 'parallel' executor
[0.385s] DEBUG:colcon.colcon_parallel_executor.executor.parallel:run_until_complete
[0.385s] INFO:colcon.colcon_ros.task.ament_cmake.build:Building ROS package in '/home/saykabot/AkilliMekatronikSistemler/ros2-ROV/rovws/src/cpp_pkg' with build type 'ament_cmake'
[0.385s] INFO:colcon.colcon_cmake.task.cmake.build:Building CMake package in '/home/saykabot/AkilliMekatronikSistemler/ros2-ROV/rovws/src/cpp_pkg'
[0.387s] INFO:colcon.colcon_core.plugin_system:Skipping extension 'colcon_core.shell.bat': Not used on non-Windows systems
[0.387s] INFO:colcon.colcon_core.shell:Skip shell extension 'powershell' for command environment: Not usable outside of PowerShell
[0.387s] DEBUG:colcon.colcon_core.shell:Skip shell extension 'dsv' for command environment
[0.397s] DEBUG:colcon.colcon_core.event_handler.log_command:Invoking command in '/home/saykabot/AkilliMekatronikSistemler/ros2-ROV/rovws/src/cpp_pkg/build/cpp_pkg': CMAKE_PREFIX_PATH=${CMAKE_PREFIX_PATH}:/home/saykabot/ros2ws/install/selfpypkg:/home/saykabot/ros2ws/install/my_py_pkg:/home/saykabot/AkilliMekatronikSistemler/ros2-ROV/rovws/install/py_pkg:/opt/ros/humble /usr/bin/cmake /home/saykabot/AkilliMekatronikSistemler/ros2-ROV/rovws/src/cpp_pkg -DCMAKE_INSTALL_PREFIX=/home/saykabot/AkilliMekatronikSistemler/ros2-ROV/rovws/src/cpp_pkg/install/cpp_pkg
[3.234s] DEBUG:colcon.colcon_core.event_handler.log_command:Invoked command in '/home/saykabot/AkilliMekatronikSistemler/ros2-ROV/rovws/src/cpp_pkg/build/cpp_pkg' returned '0': CMAKE_PREFIX_PATH=${CMAKE_PREFIX_PATH}:/home/saykabot/ros2ws/install/selfpypkg:/home/saykabot/ros2ws/install/my_py_pkg:/home/saykabot/AkilliMekatronikSistemler/ros2-ROV/rovws/install/py_pkg:/opt/ros/humble /usr/bin/cmake /home/saykabot/AkilliMekatronikSistemler/ros2-ROV/rovws/src/cpp_pkg -DCMAKE_INSTALL_PREFIX=/home/saykabot/AkilliMekatronikSistemler/ros2-ROV/rovws/src/cpp_pkg/install/cpp_pkg
[3.237s] DEBUG:colcon.colcon_core.event_handler.log_command:Invoking command in '/home/saykabot/AkilliMekatronikSistemler/ros2-ROV/rovws/src/cpp_pkg/build/cpp_pkg': CMAKE_PREFIX_PATH=${CMAKE_PREFIX_PATH}:/home/saykabot/ros2ws/install/selfpypkg:/home/saykabot/ros2ws/install/my_py_pkg:/home/saykabot/AkilliMekatronikSistemler/ros2-ROV/rovws/install/py_pkg:/opt/ros/humble /usr/bin/cmake --build /home/saykabot/AkilliMekatronikSistemler/ros2-ROV/rovws/src/cpp_pkg/build/cpp_pkg -- -j8 -l8
[13.559s] DEBUG:colcon.colcon_core.event_handler.log_command:Invoked command in '/home/saykabot/AkilliMekatronikSistemler/ros2-ROV/rovws/src/cpp_pkg/build/cpp_pkg' returned '0': CMAKE_PREFIX_PATH=${CMAKE_PREFIX_PATH}:/home/saykabot/ros2ws/install/selfpypkg:/home/saykabot/ros2ws/install/my_py_pkg:/home/saykabot/AkilliMekatronikSistemler/ros2-ROV/rovws/install/py_pkg:/opt/ros/humble /usr/bin/cmake --build /home/saykabot/AkilliMekatronikSistemler/ros2-ROV/rovws/src/cpp_pkg/build/cpp_pkg -- -j8 -l8
[13.612s] DEBUG:colcon.colcon_core.event_handler.log_command:Invoking command in '/home/saykabot/AkilliMekatronikSistemler/ros2-ROV/rovws/src/cpp_pkg/build/cpp_pkg': CMAKE_PREFIX_PATH=${CMAKE_PREFIX_PATH}:/home/saykabot/ros2ws/install/selfpypkg:/home/saykabot/ros2ws/install/my_py_pkg:/home/saykabot/AkilliMekatronikSistemler/ros2-ROV/rovws/install/py_pkg:/opt/ros/humble /usr/bin/cmake --install /home/saykabot/AkilliMekatronikSistemler/ros2-ROV/rovws/src/cpp_pkg/build/cpp_pkg
[13.632s] Level 1:colcon.colcon_core.environment:create_environment_scripts_only(cpp_pkg)
[13.632s] DEBUG:colcon.colcon_core.event_handler.log_command:Invoked command in '/home/saykabot/AkilliMekatronikSistemler/ros2-ROV/rovws/src/cpp_pkg/build/cpp_pkg' returned '0': CMAKE_PREFIX_PATH=${CMAKE_PREFIX_PATH}:/home/saykabot/ros2ws/install/selfpypkg:/home/saykabot/ros2ws/install/my_py_pkg:/home/saykabot/AkilliMekatronikSistemler/ros2-ROV/rovws/install/py_pkg:/opt/ros/humble /usr/bin/cmake --install /home/saykabot/AkilliMekatronikSistemler/ros2-ROV/rovws/src/cpp_pkg/build/cpp_pkg
[13.635s] Level 1:colcon.colcon_core.environment:checking '/home/saykabot/AkilliMekatronikSistemler/ros2-ROV/rovws/src/cpp_pkg/install/cpp_pkg' for CMake module files
[13.635s] Level 1:colcon.colcon_core.environment:checking '/home/saykabot/AkilliMekatronikSistemler/ros2-ROV/rovws/src/cpp_pkg/install/cpp_pkg' for CMake config files
[13.636s] Level 1:colcon.colcon_core.shell:create_environment_hook('cpp_pkg', 'cmake_prefix_path')
[13.636s] INFO:colcon.colcon_core.shell:Creating environment hook '/home/saykabot/AkilliMekatronikSistemler/ros2-ROV/rovws/src/cpp_pkg/install/cpp_pkg/share/cpp_pkg/hook/cmake_prefix_path.ps1'
[13.637s] INFO:colcon.colcon_core.shell:Creating environment descriptor '/home/saykabot/AkilliMekatronikSistemler/ros2-ROV/rovws/src/cpp_pkg/install/cpp_pkg/share/cpp_pkg/hook/cmake_prefix_path.dsv'
[13.638s] INFO:colcon.colcon_core.shell:Creating environment hook '/home/saykabot/AkilliMekatronikSistemler/ros2-ROV/rovws/src/cpp_pkg/install/cpp_pkg/share/cpp_pkg/hook/cmake_prefix_path.sh'
[13.638s] Level 1:colcon.colcon_core.environment:checking '/home/saykabot/AkilliMekatronikSistemler/ros2-ROV/rovws/src/cpp_pkg/install/cpp_pkg/lib'
[13.639s] Level 1:colcon.colcon_core.environment:checking '/home/saykabot/AkilliMekatronikSistemler/ros2-ROV/rovws/src/cpp_pkg/install/cpp_pkg/bin'
[13.639s] Level 1:colcon.colcon_core.environment:checking '/home/saykabot/AkilliMekatronikSistemler/ros2-ROV/rovws/src/cpp_pkg/install/cpp_pkg/lib/pkgconfig/cpp_pkg.pc'
[13.639s] Level 1:colcon.colcon_core.environment:checking '/home/saykabot/AkilliMekatronikSistemler/ros2-ROV/rovws/src/cpp_pkg/install/cpp_pkg/lib/python3.10/site-packages'
[13.639s] Level 1:colcon.colcon_core.environment:checking '/home/saykabot/AkilliMekatronikSistemler/ros2-ROV/rovws/src/cpp_pkg/install/cpp_pkg/bin'
[13.640s] INFO:colcon.colcon_core.shell:Creating package script '/home/saykabot/AkilliMekatronikSistemler/ros2-ROV/rovws/src/cpp_pkg/install/cpp_pkg/share/cpp_pkg/package.ps1'
[13.640s] INFO:colcon.colcon_core.shell:Creating package descriptor '/home/saykabot/AkilliMekatronikSistemler/ros2-ROV/rovws/src/cpp_pkg/install/cpp_pkg/share/cpp_pkg/package.dsv'
[13.641s] INFO:colcon.colcon_core.shell:Creating package script '/home/saykabot/AkilliMekatronikSistemler/ros2-ROV/rovws/src/cpp_pkg/install/cpp_pkg/share/cpp_pkg/package.sh'
[13.641s] INFO:colcon.colcon_core.shell:Creating package script '/home/saykabot/AkilliMekatronikSistemler/ros2-ROV/rovws/src/cpp_pkg/install/cpp_pkg/share/cpp_pkg/package.bash'
[13.642s] INFO:colcon.colcon_core.shell:Creating package script '/home/saykabot/AkilliMekatronikSistemler/ros2-ROV/rovws/src/cpp_pkg/install/cpp_pkg/share/cpp_pkg/package.zsh'
[13.643s] Level 1:colcon.colcon_core.environment:create_file_with_runtime_dependencies(/home/saykabot/AkilliMekatronikSistemler/ros2-ROV/rovws/src/cpp_pkg/install/cpp_pkg/share/colcon-core/packages/cpp_pkg)
[13.676s] Level 1:colcon.colcon_core.environment:create_environment_scripts_only(cpp_pkg)
[13.676s] Level 1:colcon.colcon_core.environment:checking '/home/saykabot/AkilliMekatronikSistemler/ros2-ROV/rovws/src/cpp_pkg/install/cpp_pkg' for CMake module files
[13.677s] Level 1:colcon.colcon_core.environment:checking '/home/saykabot/AkilliMekatronikSistemler/ros2-ROV/rovws/src/cpp_pkg/install/cpp_pkg' for CMake config files
[13.677s] Level 1:colcon.colcon_core.shell:create_environment_hook('cpp_pkg', 'cmake_prefix_path')
[13.677s] INFO:colcon.colcon_core.shell:Creating environment hook '/home/saykabot/AkilliMekatronikSistemler/ros2-ROV/rovws/src/cpp_pkg/install/cpp_pkg/share/cpp_pkg/hook/cmake_prefix_path.ps1'
[13.697s] INFO:colcon.colcon_core.shell:Creating environment descriptor '/home/saykabot/AkilliMekatronikSistemler/ros2-ROV/rovws/src/cpp_pkg/install/cpp_pkg/share/cpp_pkg/hook/cmake_prefix_path.dsv'
[13.722s] INFO:colcon.colcon_core.shell:Creating environment hook '/home/saykabot/AkilliMekatronikSistemler/ros2-ROV/rovws/src/cpp_pkg/install/cpp_pkg/share/cpp_pkg/hook/cmake_prefix_path.sh'
[13.736s] Level 1:colcon.colcon_core.environment:checking '/home/saykabot/AkilliMekatronikSistemler/ros2-ROV/rovws/src/cpp_pkg/install/cpp_pkg/lib'
[13.737s] Level 1:colcon.colcon_core.environment:checking '/home/saykabot/AkilliMekatronikSistemler/ros2-ROV/rovws/src/cpp_pkg/install/cpp_pkg/bin'
[13.737s] Level 1:colcon.colcon_core.environment:checking '/home/saykabot/AkilliMekatronikSistemler/ros2-ROV/rovws/src/cpp_pkg/install/cpp_pkg/lib/pkgconfig/cpp_pkg.pc'
[13.737s] Level 1:colcon.colcon_core.environment:checking '/home/saykabot/AkilliMekatronikSistemler/ros2-ROV/rovws/src/cpp_pkg/install/cpp_pkg/lib/python3.10/site-packages'
[13.737s] Level 1:colcon.colcon_core.environment:checking '/home/saykabot/AkilliMekatronikSistemler/ros2-ROV/rovws/src/cpp_pkg/install/cpp_pkg/bin'
[13.738s] INFO:colcon.colcon_core.shell:Creating package script '/home/saykabot/AkilliMekatronikSistemler/ros2-ROV/rovws/src/cpp_pkg/install/cpp_pkg/share/cpp_pkg/package.ps1'
[13.742s] INFO:colcon.colcon_core.shell:Creating package descriptor '/home/saykabot/AkilliMekatronikSistemler/ros2-ROV/rovws/src/cpp_pkg/install/cpp_pkg/share/cpp_pkg/package.dsv'
[13.743s] INFO:colcon.colcon_core.shell:Creating package script '/home/saykabot/AkilliMekatronikSistemler/ros2-ROV/rovws/src/cpp_pkg/install/cpp_pkg/share/cpp_pkg/package.sh'
[13.743s] INFO:colcon.colcon_core.shell:Creating package script '/home/saykabot/AkilliMekatronikSistemler/ros2-ROV/rovws/src/cpp_pkg/install/cpp_pkg/share/cpp_pkg/package.bash'
[13.743s] INFO:colcon.colcon_core.shell:Creating package script '/home/saykabot/AkilliMekatronikSistemler/ros2-ROV/rovws/src/cpp_pkg/install/cpp_pkg/share/cpp_pkg/package.zsh'
[13.744s] Level 1:colcon.colcon_core.environment:create_file_with_runtime_dependencies(/home/saykabot/AkilliMekatronikSistemler/ros2-ROV/rovws/src/cpp_pkg/install/cpp_pkg/share/colcon-core/packages/cpp_pkg)
[13.744s] DEBUG:colcon.colcon_parallel_executor.executor.parallel:closing loop
[13.744s] DEBUG:colcon.colcon_parallel_executor.executor.parallel:loop closed
[13.744s] DEBUG:colcon.colcon_parallel_executor.executor.parallel:run_until_complete finished with '0'
[13.744s] DEBUG:colcon.colcon_core.event_reactor:joining thread
[13.750s] INFO:colcon.colcon_core.plugin_system:Skipping extension 'colcon_notification.desktop_notification.terminal_notifier': Not used on non-Darwin systems
[13.750s] INFO:colcon.colcon_core.plugin_system:Skipping extension 'colcon_notification.desktop_notification.win32': Not used on non-Windows systems
[13.750s] INFO:colcon.colcon_notification.desktop_notification:Sending desktop notification using 'notify2'
[13.762s] DEBUG:colcon.colcon_core.event_reactor:joined thread
[13.762s] INFO:colcon.colcon_core.shell:Creating prefix script '/home/saykabot/AkilliMekatronikSistemler/ros2-ROV/rovws/src/cpp_pkg/install/local_setup.ps1'
[13.763s] INFO:colcon.colcon_core.shell:Creating prefix util module '/home/saykabot/AkilliMekatronikSistemler/ros2-ROV/rovws/src/cpp_pkg/install/_local_setup_util_ps1.py'
[13.764s] INFO:colcon.colcon_core.shell:Creating prefix chain script '/home/saykabot/AkilliMekatronikSistemler/ros2-ROV/rovws/src/cpp_pkg/install/setup.ps1'
[13.765s] INFO:colcon.colcon_core.shell:Creating prefix script '/home/saykabot/AkilliMekatronikSistemler/ros2-ROV/rovws/src/cpp_pkg/install/local_setup.sh'
[13.766s] INFO:colcon.colcon_core.shell:Creating prefix util module '/home/saykabot/AkilliMekatronikSistemler/ros2-ROV/rovws/src/cpp_pkg/install/_local_setup_util_sh.py'
[13.766s] INFO:colcon.colcon_core.shell:Creating prefix chain script '/home/saykabot/AkilliMekatronikSistemler/ros2-ROV/rovws/src/cpp_pkg/install/setup.sh'
[13.768s] INFO:colcon.colcon_core.shell:Creating prefix script '/home/saykabot/AkilliMekatronikSistemler/ros2-ROV/rovws/src/cpp_pkg/install/local_setup.bash'
[13.769s] INFO:colcon.colcon_core.shell:Creating prefix chain script '/home/saykabot/AkilliMekatronikSistemler/ros2-ROV/rovws/src/cpp_pkg/install/setup.bash'
[13.771s] INFO:colcon.colcon_core.shell:Creating prefix script '/home/saykabot/AkilliMekatronikSistemler/ros2-ROV/rovws/src/cpp_pkg/install/local_setup.zsh'
[13.772s] INFO:colcon.colcon_core.shell:Creating prefix chain script '/home/saykabot/AkilliMekatronikSistemler/ros2-ROV/rovws/src/cpp_pkg/install/setup.zsh'
