[1.607s] Invoking command in '/home/saykabot/Desktop/ros2-ROV/rovws/src/py_pkg': PYTHONPATH=/home/saykabot/Desktop/ros2-ROV/rovws/build/py_pkg/prefix_override:/home/saykabot/Desktop/ros2-ROV/rovws/install/py_pkg/lib/python3.10/site-packages:${PYTHONPATH} /usr/bin/python3 -W ignore:setup.py install is deprecated setup.py egg_info --egg-base ../../build/py_pkg build --build-base /home/saykabot/Desktop/ros2-ROV/rovws/build/py_pkg/build install --record /home/saykabot/Desktop/ros2-ROV/rovws/build/py_pkg/install.log --single-version-externally-managed install_data
[1.903s] running egg_info
[1.904s] writing ../../build/py_pkg/py_pkg.egg-info/PKG-INFO
[1.904s] writing dependency_links to ../../build/py_pkg/py_pkg.egg-info/dependency_links.txt
[1.904s] writing entry points to ../../build/py_pkg/py_pkg.egg-info/entry_points.txt
[1.905s] writing requirements to ../../build/py_pkg/py_pkg.egg-info/requires.txt
[1.905s] writing top-level names to ../../build/py_pkg/py_pkg.egg-info/top_level.txt
[1.907s] reading manifest file '../../build/py_pkg/py_pkg.egg-info/SOURCES.txt'
[1.908s] writing manifest file '../../build/py_pkg/py_pkg.egg-info/SOURCES.txt'
[1.908s] running build
[1.908s] running build_py
[1.908s] running install
[1.908s] running install_lib
[1.910s] running install_data
[1.910s] running install_egg_info
[1.912s] removing '/home/saykabot/Desktop/ros2-ROV/rovws/install/py_pkg/lib/python3.10/site-packages/py_pkg-0.0.0-py3.10.egg-info' (and everything under it)
[1.912s] Copying ../../build/py_pkg/py_pkg.egg-info to /home/saykabot/Desktop/ros2-ROV/rovws/install/py_pkg/lib/python3.10/site-packages/py_pkg-0.0.0-py3.10.egg-info
[1.913s] running install_scripts
[1.941s] Installing number_counter script to /home/saykabot/Desktop/ros2-ROV/rovws/install/py_pkg/lib/py_pkg
[1.941s] Installing number_publisher script to /home/saykabot/Desktop/ros2-ROV/rovws/install/py_pkg/lib/py_pkg
[1.941s] Installing pynode script to /home/saykabot/Desktop/ros2-ROV/rovws/install/py_pkg/lib/py_pkg
[1.941s] writing list of installed files to '/home/saykabot/Desktop/ros2-ROV/rovws/build/py_pkg/install.log'
[1.996s] Invoked command in '/home/saykabot/Desktop/ros2-ROV/rovws/src/py_pkg' returned '0': PYTHONPATH=/home/saykabot/Desktop/ros2-ROV/rovws/build/py_pkg/prefix_override:/home/saykabot/Desktop/ros2-ROV/rovws/install/py_pkg/lib/python3.10/site-packages:${PYTHONPATH} /usr/bin/python3 -W ignore:setup.py install is deprecated setup.py egg_info --egg-base ../../build/py_pkg build --build-base /home/saykabot/Desktop/ros2-ROV/rovws/build/py_pkg/build install --record /home/saykabot/Desktop/ros2-ROV/rovws/build/py_pkg/install.log --single-version-externally-managed install_data
