/home/saykabot/Desktop/ros2-ROV/rovws/install/py_pkg/lib/python3.10/site-packages/py_pkg/number_counter.py
/home/saykabot/Desktop/ros2-ROV/rovws/install/py_pkg/lib/python3.10/site-packages/py_pkg/number_publisher.py
/home/saykabot/Desktop/ros2-ROV/rovws/install/py_pkg/lib/python3.10/site-packages/py_pkg/pynode.py
/home/saykabot/Desktop/ros2-ROV/rovws/install/py_pkg/lib/python3.10/site-packages/py_pkg/__init__.py
/home/saykabot/Desktop/ros2-ROV/rovws/install/py_pkg/lib/python3.10/site-packages/py_pkg/__pycache__/number_counter.cpython-310.pyc
/home/saykabot/Desktop/ros2-ROV/rovws/install/py_pkg/lib/python3.10/site-packages/py_pkg/__pycache__/number_publisher.cpython-310.pyc
/home/saykabot/Desktop/ros2-ROV/rovws/install/py_pkg/lib/python3.10/site-packages/py_pkg/__pycache__/pynode.cpython-310.pyc
/home/saykabot/Desktop/ros2-ROV/rovws/install/py_pkg/lib/python3.10/site-packages/py_pkg/__pycache__/__init__.cpython-310.pyc
/home/saykabot/Desktop/ros2-ROV/rovws/install/py_pkg/share/ament_index/resource_index/packages/py_pkg
/home/saykabot/Desktop/ros2-ROV/rovws/install/py_pkg/share/py_pkg/package.xml
/home/saykabot/Desktop/ros2-ROV/rovws/install/py_pkg/lib/python3.10/site-packages/py_pkg-0.0.0-py3.10.egg-info/SOURCES.txt
/home/saykabot/Desktop/ros2-ROV/rovws/install/py_pkg/lib/python3.10/site-packages/py_pkg-0.0.0-py3.10.egg-info/entry_points.txt
/home/saykabot/Desktop/ros2-ROV/rovws/install/py_pkg/lib/python3.10/site-packages/py_pkg-0.0.0-py3.10.egg-info/top_level.txt
/home/saykabot/Desktop/ros2-ROV/rovws/install/py_pkg/lib/python3.10/site-packages/py_pkg-0.0.0-py3.10.egg-info/PKG-INFO
/home/saykabot/Desktop/ros2-ROV/rovws/install/py_pkg/lib/python3.10/site-packages/py_pkg-0.0.0-py3.10.egg-info/requires.txt
/home/saykabot/Desktop/ros2-ROV/rovws/install/py_pkg/lib/python3.10/site-packages/py_pkg-0.0.0-py3.10.egg-info/zip-safe
/home/saykabot/Desktop/ros2-ROV/rovws/install/py_pkg/lib/python3.10/site-packages/py_pkg-0.0.0-py3.10.egg-info/dependency_links.txt
/home/saykabot/Desktop/ros2-ROV/rovws/install/py_pkg/lib/py_pkg/number_counter
/home/saykabot/Desktop/ros2-ROV/rovws/install/py_pkg/lib/py_pkg/number_publisher
/home/saykabot/Desktop/ros2-ROV/rovws/install/py_pkg/lib/py_pkg/pynode
