[0.623s] Invoking command in '/home/saykabot/Desktop/ros2-ROV/rovws/src/pixhawk_pkg': AMENT_PREFIX_PATH=/home/saykabot/Desktop/ros2-ROV/rovws/install/my_robot_interfaces:${AMENT_PREFIX_PATH} CMAKE_PREFIX_PATH=/home/saykabot/Desktop/ros2-ROV/rovws/install/my_robot_interfaces:${CMAKE_PREFIX_PATH} LD_LIBRARY_PATH=/home/saykabot/Desktop/ros2-ROV/rovws/install/my_robot_interfaces/lib:${LD_LIBRARY_PATH} PYTHONPATH=/home/saykabot/Desktop/ros2-ROV/rovws/build/pixhawk_pkg/prefix_override:/home/saykabot/Desktop/ros2-ROV/rovws/install/pixhawk_pkg/lib/python3.10/site-packages:/home/saykabot/Desktop/ros2-ROV/rovws/install/my_robot_interfaces/local/lib/python3.10/dist-packages:${PYTHONPATH} /usr/bin/python3 -W ignore:setup.py install is deprecated setup.py egg_info --egg-base ../../build/pixhawk_pkg build --build-base /home/saykabot/Desktop/ros2-ROV/rovws/build/pixhawk_pkg/build install --record /home/saykabot/Desktop/ros2-ROV/rovws/build/pixhawk_pkg/install.log --single-version-externally-managed install_data
[0.884s] running egg_info
[0.885s] writing ../../build/pixhawk_pkg/pixhawk_pkg.egg-info/PKG-INFO
[0.885s] writing dependency_links to ../../build/pixhawk_pkg/pixhawk_pkg.egg-info/dependency_links.txt
[0.885s] writing entry points to ../../build/pixhawk_pkg/pixhawk_pkg.egg-info/entry_points.txt
[0.886s] writing requirements to ../../build/pixhawk_pkg/pixhawk_pkg.egg-info/requires.txt
[0.886s] writing top-level names to ../../build/pixhawk_pkg/pixhawk_pkg.egg-info/top_level.txt
[0.888s] reading manifest file '../../build/pixhawk_pkg/pixhawk_pkg.egg-info/SOURCES.txt'
[0.890s] writing manifest file '../../build/pixhawk_pkg/pixhawk_pkg.egg-info/SOURCES.txt'
[0.890s] running build
[0.890s] running build_py
[0.890s] running install
[0.891s] running install_lib
[0.892s] byte-compiling /home/saykabot/Desktop/ros2-ROV/rovws/install/pixhawk_pkg/lib/python3.10/site-packages/pixhawk_pkg/pix_pub.py to pix_pub.cpython-310.pyc
[0.892s] byte-compiling /home/saykabot/Desktop/ros2-ROV/rovws/install/pixhawk_pkg/lib/python3.10/site-packages/pixhawk_pkg/__init__.py to __init__.cpython-310.pyc
[0.893s] running install_data
[0.893s] running install_egg_info
[0.894s] removing '/home/saykabot/Desktop/ros2-ROV/rovws/install/pixhawk_pkg/lib/python3.10/site-packages/pixhawk_pkg-0.0.0-py3.10.egg-info' (and everything under it)
[0.895s] Copying ../../build/pixhawk_pkg/pixhawk_pkg.egg-info to /home/saykabot/Desktop/ros2-ROV/rovws/install/pixhawk_pkg/lib/python3.10/site-packages/pixhawk_pkg-0.0.0-py3.10.egg-info
[0.896s] running install_scripts
[0.916s] Installing pix_pub script to /home/saykabot/Desktop/ros2-ROV/rovws/install/pixhawk_pkg/lib/pixhawk_pkg
[0.916s] writing list of installed files to '/home/saykabot/Desktop/ros2-ROV/rovws/build/pixhawk_pkg/install.log'
[0.940s] Invoked command in '/home/saykabot/Desktop/ros2-ROV/rovws/src/pixhawk_pkg' returned '0': AMENT_PREFIX_PATH=/home/saykabot/Desktop/ros2-ROV/rovws/install/my_robot_interfaces:${AMENT_PREFIX_PATH} CMAKE_PREFIX_PATH=/home/saykabot/Desktop/ros2-ROV/rovws/install/my_robot_interfaces:${CMAKE_PREFIX_PATH} LD_LIBRARY_PATH=/home/saykabot/Desktop/ros2-ROV/rovws/install/my_robot_interfaces/lib:${LD_LIBRARY_PATH} PYTHONPATH=/home/saykabot/Desktop/ros2-ROV/rovws/build/pixhawk_pkg/prefix_override:/home/saykabot/Desktop/ros2-ROV/rovws/install/pixhawk_pkg/lib/python3.10/site-packages:/home/saykabot/Desktop/ros2-ROV/rovws/install/my_robot_interfaces/local/lib/python3.10/dist-packages:${PYTHONPATH} /usr/bin/python3 -W ignore:setup.py install is deprecated setup.py egg_info --egg-base ../../build/pixhawk_pkg build --build-base /home/saykabot/Desktop/ros2-ROV/rovws/build/pixhawk_pkg/build install --record /home/saykabot/Desktop/ros2-ROV/rovws/build/pixhawk_pkg/install.log --single-version-externally-managed install_data
