[1.616s] Invoking command in '/home/saykabot/Desktop/ros2-ROV/rovws/src/camera_pkg': PYTHONPATH=/home/saykabot/Desktop/ros2-ROV/rovws/build/camera_pkg/prefix_override:/home/saykabot/Desktop/ros2-ROV/rovws/install/camera_pkg/lib/python3.10/site-packages:${PYTHONPATH} /usr/bin/python3 -W ignore:setup.py install is deprecated setup.py egg_info --egg-base ../../build/camera_pkg build --build-base /home/saykabot/Desktop/ros2-ROV/rovws/build/camera_pkg/build install --record /home/saykabot/Desktop/ros2-ROV/rovws/build/camera_pkg/install.log --single-version-externally-managed install_data
[1.907s] running egg_info
[1.908s] writing ../../build/camera_pkg/camera_pkg.egg-info/PKG-INFO
[1.908s] writing dependency_links to ../../build/camera_pkg/camera_pkg.egg-info/dependency_links.txt
[1.909s] writing entry points to ../../build/camera_pkg/camera_pkg.egg-info/entry_points.txt
[1.909s] writing requirements to ../../build/camera_pkg/camera_pkg.egg-info/requires.txt
[1.909s] writing top-level names to ../../build/camera_pkg/camera_pkg.egg-info/top_level.txt
[1.911s] reading manifest file '../../build/camera_pkg/camera_pkg.egg-info/SOURCES.txt'
[1.912s] writing manifest file '../../build/camera_pkg/camera_pkg.egg-info/SOURCES.txt'
[1.912s] running build
[1.912s] running build_py
[1.912s] running install
[1.912s] running install_lib
[1.914s] running install_data
[1.914s] running install_egg_info
[1.916s] removing '/home/saykabot/Desktop/ros2-ROV/rovws/install/camera_pkg/lib/python3.10/site-packages/camera_pkg-0.0.0-py3.10.egg-info' (and everything under it)
[1.916s] Copying ../../build/camera_pkg/camera_pkg.egg-info to /home/saykabot/Desktop/ros2-ROV/rovws/install/camera_pkg/lib/python3.10/site-packages/camera_pkg-0.0.0-py3.10.egg-info
[1.917s] running install_scripts
[1.942s] Installing publisher_node script to /home/saykabot/Desktop/ros2-ROV/rovws/install/camera_pkg/lib/camera_pkg
[1.942s] Installing subscriber_node script to /home/saykabot/Desktop/ros2-ROV/rovws/install/camera_pkg/lib/camera_pkg
[1.942s] writing list of installed files to '/home/saykabot/Desktop/ros2-ROV/rovws/build/camera_pkg/install.log'
[1.991s] Invoked command in '/home/saykabot/Desktop/ros2-ROV/rovws/src/camera_pkg' returned '0': PYTHONPATH=/home/saykabot/Desktop/ros2-ROV/rovws/build/camera_pkg/prefix_override:/home/saykabot/Desktop/ros2-ROV/rovws/install/camera_pkg/lib/python3.10/site-packages:${PYTHONPATH} /usr/bin/python3 -W ignore:setup.py install is deprecated setup.py egg_info --egg-base ../../build/camera_pkg build --build-base /home/saykabot/Desktop/ros2-ROV/rovws/build/camera_pkg/build install --record /home/saykabot/Desktop/ros2-ROV/rovws/build/camera_pkg/install.log --single-version-externally-managed install_data
